C:\Users\Sho3la\Desktop\kookk\Break-0.1-master\bin\Debug\Break_Infrastructure.lib
C:\Users\Sho3la\Desktop\kookk\Break-0.1-master\bin\Debug\Break_Infrastructure.exp
C:\USERS\SHO3LA\DESKTOP\KOOKK\BREAK-0.1-MASTER\INFRASTRUCTURE\OBJ\DEBUG\IMAGE.OBJ
C:\USERS\SHO3LA\DESKTOP\KOOKK\BREAK-0.1-MASTER\INFRASTRUCTURE\OBJ\DEBUG\KEYBOARD.OBJ
C:\USERS\SHO3LA\DESKTOP\KOOKK\BREAK-0.1-MASTER\INFRASTRUCTURE\OBJ\DEBUG\MATHUTILS.OBJ
C:\USERS\SHO3LA\DESKTOP\KOOKK\BREAK-0.1-MASTER\INFRASTRUCTURE\OBJ\DEBUG\MEMORYLAYOUT.OBJ
C:\USERS\SHO3LA\DESKTOP\KOOKK\BREAK-0.1-MASTER\INFRASTRUCTURE\OBJ\DEBUG\MODEL3D.OBJ
C:\USERS\SHO3LA\DESKTOP\KOOKK\BREAK-0.1-MASTER\INFRASTRUCTURE\OBJ\DEBUG\MOUSE.OBJ
C:\USERS\SHO3LA\DESKTOP\KOOKK\BREAK-0.1-MASTER\INFRASTRUCTURE\OBJ\DEBUG\OBJECT.OBJ
C:\USERS\SHO3LA\DESKTOP\KOOKK\BREAK-0.1-MASTER\INFRASTRUCTURE\OBJ\DEBUG\RAMBUFFER.OBJ
C:\USERS\SHO3LA\DESKTOP\KOOKK\BREAK-0.1-MASTER\INFRASTRUCTURE\OBJ\DEBUG\RECT.OBJ
C:\USERS\SHO3LA\DESKTOP\KOOKK\BREAK-0.1-MASTER\INFRASTRUCTURE\OBJ\DEBUG\RESOURCELOADER.OBJ
C:\USERS\SHO3LA\DESKTOP\KOOKK\BREAK-0.1-MASTER\INFRASTRUCTURE\OBJ\DEBUG\SAMPLERSTATE.OBJ
C:\USERS\SHO3LA\DESKTOP\KOOKK\BREAK-0.1-MASTER\INFRASTRUCTURE\OBJ\DEBUG\SERVICES.OBJ
C:\USERS\SHO3LA\DESKTOP\KOOKK\BREAK-0.1-MASTER\INFRASTRUCTURE\OBJ\DEBUG\SOUNDDEVICE.OBJ
C:\USERS\SHO3LA\DESKTOP\KOOKK\BREAK-0.1-MASTER\INFRASTRUCTURE\OBJ\DEBUG\SOUNDEFFECT.OBJ
C:\USERS\SHO3LA\DESKTOP\KOOKK\BREAK-0.1-MASTER\INFRASTRUCTURE\OBJ\DEBUG\TEXTURE.OBJ
C:\USERS\SHO3LA\DESKTOP\KOOKK\BREAK-0.1-MASTER\INFRASTRUCTURE\OBJ\DEBUG\TEXTURE2D.OBJ
C:\USERS\SHO3LA\DESKTOP\KOOKK\BREAK-0.1-MASTER\INFRASTRUCTURE\OBJ\DEBUG\TIMEMANAGER.OBJ
C:\USERS\SHO3LA\DESKTOP\KOOKK\BREAK-0.1-MASTER\INFRASTRUCTURE\OBJ\DEBUG\UNIFORMBUFFER.OBJ
C:\USERS\SHO3LA\DESKTOP\KOOKK\BREAK-0.1-MASTER\INFRASTRUCTURE\OBJ\DEBUG\WIN32.OBJ
C:\USERS\SHO3LA\DESKTOP\KOOKK\BREAK-0.1-MASTER\INFRASTRUCTURE\OBJ\DEBUG\WINDOW.OBJ
C:\USERS\SHO3LA\DESKTOP\KOOKK\BREAK-0.1-MASTER\INFRASTRUCTURE\OBJ\DEBUG\APPLICATION.OBJ
C:\USERS\SHO3LA\DESKTOP\KOOKK\BREAK-0.1-MASTER\INFRASTRUCTURE\OBJ\DEBUG\ASSETMANAGER.OBJ
C:\USERS\SHO3LA\DESKTOP\KOOKK\BREAK-0.1-MASTER\INFRASTRUCTURE\OBJ\DEBUG\DXDEVICE.OBJ
C:\USERS\SHO3LA\DESKTOP\KOOKK\BREAK-0.1-MASTER\INFRASTRUCTURE\OBJ\DEBUG\DXKEYBOARD.OBJ
C:\USERS\SHO3LA\DESKTOP\KOOKK\BREAK-0.1-MASTER\INFRASTRUCTURE\OBJ\DEBUG\DXMOUSE.OBJ
C:\USERS\SHO3LA\DESKTOP\KOOKK\BREAK-0.1-MASTER\INFRASTRUCTURE\OBJ\DEBUG\DIRECTORY.OBJ
C:\USERS\SHO3LA\DESKTOP\KOOKK\BREAK-0.1-MASTER\INFRASTRUCTURE\OBJ\DEBUG\ENGINE.OBJ
C:\USERS\SHO3LA\DESKTOP\KOOKK\BREAK-0.1-MASTER\INFRASTRUCTURE\OBJ\DEBUG\FILE.OBJ
C:\USERS\SHO3LA\DESKTOP\KOOKK\BREAK-0.1-MASTER\INFRASTRUCTURE\OBJ\DEBUG\GLDEVICE.OBJ
C:\USERS\SHO3LA\DESKTOP\KOOKK\BREAK-0.1-MASTER\INFRASTRUCTURE\OBJ\DEBUG\GLKEYBOARD.OBJ
C:\USERS\SHO3LA\DESKTOP\KOOKK\BREAK-0.1-MASTER\INFRASTRUCTURE\OBJ\DEBUG\GLMOUSE.OBJ
C:\USERS\SHO3LA\DESKTOP\KOOKK\BREAK-0.1-MASTER\INFRASTRUCTURE\OBJ\DEBUG\GPUPROGRAM.OBJ
C:\USERS\SHO3LA\DESKTOP\KOOKK\BREAK-0.1-MASTER\INFRASTRUCTURE\OBJ\DEBUG\GPU_VM.OBJ
C:\USERS\SHO3LA\DESKTOP\KOOKK\BREAK-0.1-MASTER\INFRASTRUCTURE\OBJ\DEBUG\GLOBALS.OBJ
C:\USERS\SHO3LA\DESKTOP\KOOKK\BREAK-0.1-MASTER\INFRASTRUCTURE\OBJ\DEBUG\IGXDEVICE.OBJ
C:\USERS\SHO3LA\DESKTOP\KOOKK\BREAK-0.1-MASTER\INFRASTRUCTURE\OBJ\DEBUG\VC110.PDB
C:\USERS\SHO3LA\DESKTOP\KOOKK\BREAK-0.1-MASTER\INFRASTRUCTURE\OBJ\DEBUG\MATERIAL.OBJ
C:\USERS\SHO3LA\DESKTOP\KOOKK\BREAK-0.1-MASTER\INFRASTRUCTURE\OBJ\DEBUG\STB_IMAGE.OBJ
C:\USERS\SHO3LA\DESKTOP\KOOKK\BREAK-0.1-MASTER\INFRASTRUCTURE\OBJ\DEBUG\MESH.OBJ
C:\USERS\SHO3LA\DESKTOP\KOOKK\BREAK-0.1-MASTER\INFRASTRUCTURE\OBJ\DEBUG\NODE.OBJ
C:\USERS\SHO3LA\DESKTOP\KOOKK\BREAK-0.1-MASTER\INFRASTRUCTURE\OBJ\DEBUG\SCENEANIMATOR.OBJ
C:\USERS\SHO3LA\DESKTOP\KOOKK\BREAK-0.1-MASTER\INFRASTRUCTURE\OBJ\DEBUG\SHADERHELPER.OBJ
C:\USERS\SHO3LA\DESKTOP\KOOKK\BREAK-0.1-MASTER\INFRASTRUCTURE\OBJ\DEBUG\ASSIMPMODELLOADER.OBJ
C:\USERS\SHO3LA\DESKTOP\KOOKK\BREAK-0.1-MASTER\INFRASTRUCTURE\OBJ\DEBUG\ANIMEVALUATOR.OBJ
C:\USERS\SHO3LA\DESKTOP\KOOKK\BREAK-0.1-MASTER\INFRASTRUCTURE\OBJ\DEBUG\MODEL_3D.OBJ
C:\USERS\SHO3LA\DESKTOP\KOOKK\BREAK-0.1-MASTER\BIN\DEBUG\BREAK_INFRASTRUCTURE.ILK
C:\USERS\SHO3LA\DESKTOP\KOOKK\BREAK-0.1-MASTER\BIN\DEBUG\BREAK_INFRASTRUCTURE.DLL
C:\USERS\SHO3LA\DESKTOP\KOOKK\BREAK-0.1-MASTER\BIN\DEBUG\BREAK_INFRASTRUCTURE.PDB
C:\Users\Sho3la\Desktop\kookk\Break-0.1-master\Infrastructure\obj\Debug\AnimEvaluator.obj
C:\Users\Sho3la\Desktop\kookk\Break-0.1-master\Infrastructure\obj\Debug\Application.obj
C:\Users\Sho3la\Desktop\kookk\Break-0.1-master\Infrastructure\obj\Debug\AssetManager.obj
C:\Users\Sho3la\Desktop\kookk\Break-0.1-master\Infrastructure\obj\Debug\AssimpModelLoader.obj
C:\Users\Sho3la\Desktop\kookk\Break-0.1-master\Infrastructure\obj\Debug\Directory.obj
C:\Users\Sho3la\Desktop\kookk\Break-0.1-master\Infrastructure\obj\Debug\DXDevice.obj
C:\Users\Sho3la\Desktop\kookk\Break-0.1-master\Infrastructure\obj\Debug\DXKeyboard.obj
C:\Users\Sho3la\Desktop\kookk\Break-0.1-master\Infrastructure\obj\Debug\DXMouse.obj
C:\Users\Sho3la\Desktop\kookk\Break-0.1-master\Infrastructure\obj\Debug\Engine.obj
C:\Users\Sho3la\Desktop\kookk\Break-0.1-master\Infrastructure\obj\Debug\File.obj
C:\Users\Sho3la\Desktop\kookk\Break-0.1-master\Infrastructure\obj\Debug\GLDevice.obj
C:\Users\Sho3la\Desktop\kookk\Break-0.1-master\Infrastructure\obj\Debug\GLKeyboard.obj
C:\Users\Sho3la\Desktop\kookk\Break-0.1-master\Infrastructure\obj\Debug\GLMouse.obj
C:\Users\Sho3la\Desktop\kookk\Break-0.1-master\Infrastructure\obj\Debug\Globals.obj
C:\Users\Sho3la\Desktop\kookk\Break-0.1-master\Infrastructure\obj\Debug\GPUProgram.obj
C:\Users\Sho3la\Desktop\kookk\Break-0.1-master\Infrastructure\obj\Debug\GPU_VM.obj
C:\Users\Sho3la\Desktop\kookk\Break-0.1-master\Infrastructure\obj\Debug\IGXDevice.obj
C:\Users\Sho3la\Desktop\kookk\Break-0.1-master\Infrastructure\obj\Debug\Image.obj
C:\Users\Sho3la\Desktop\kookk\Break-0.1-master\Infrastructure\obj\Debug\Keyboard.obj
C:\Users\Sho3la\Desktop\kookk\Break-0.1-master\Infrastructure\obj\Debug\Material.obj
C:\Users\Sho3la\Desktop\kookk\Break-0.1-master\Infrastructure\obj\Debug\MathUtils.obj
C:\Users\Sho3la\Desktop\kookk\Break-0.1-master\Infrastructure\obj\Debug\MemoryLayout.obj
C:\Users\Sho3la\Desktop\kookk\Break-0.1-master\Infrastructure\obj\Debug\Mesh.obj
C:\Users\Sho3la\Desktop\kookk\Break-0.1-master\Infrastructure\obj\Debug\Model3D.obj
C:\Users\Sho3la\Desktop\kookk\Break-0.1-master\Infrastructure\obj\Debug\Model_3D.obj
C:\Users\Sho3la\Desktop\kookk\Break-0.1-master\Infrastructure\obj\Debug\Mouse.obj
C:\Users\Sho3la\Desktop\kookk\Break-0.1-master\Infrastructure\obj\Debug\Node.obj
C:\Users\Sho3la\Desktop\kookk\Break-0.1-master\Infrastructure\obj\Debug\Object.obj
C:\Users\Sho3la\Desktop\kookk\Break-0.1-master\Infrastructure\obj\Debug\RAMBuffer.obj
C:\Users\Sho3la\Desktop\kookk\Break-0.1-master\Infrastructure\obj\Debug\Rect.obj
C:\Users\Sho3la\Desktop\kookk\Break-0.1-master\Infrastructure\obj\Debug\ResourceLoader.obj
C:\Users\Sho3la\Desktop\kookk\Break-0.1-master\Infrastructure\obj\Debug\SamplerState.obj
C:\Users\Sho3la\Desktop\kookk\Break-0.1-master\Infrastructure\obj\Debug\SceneAnimator.obj
C:\Users\Sho3la\Desktop\kookk\Break-0.1-master\Infrastructure\obj\Debug\Services.obj
C:\Users\Sho3la\Desktop\kookk\Break-0.1-master\Infrastructure\obj\Debug\ShaderHelper.obj
C:\Users\Sho3la\Desktop\kookk\Break-0.1-master\Infrastructure\obj\Debug\SoundDevice.obj
C:\Users\Sho3la\Desktop\kookk\Break-0.1-master\Infrastructure\obj\Debug\SoundEffect.obj
C:\Users\Sho3la\Desktop\kookk\Break-0.1-master\Infrastructure\obj\Debug\stb_image.obj
C:\Users\Sho3la\Desktop\kookk\Break-0.1-master\Infrastructure\obj\Debug\Texture.obj
C:\Users\Sho3la\Desktop\kookk\Break-0.1-master\Infrastructure\obj\Debug\Texture2D.obj
C:\Users\Sho3la\Desktop\kookk\Break-0.1-master\Infrastructure\obj\Debug\TimeManager.obj
C:\Users\Sho3la\Desktop\kookk\Break-0.1-master\Infrastructure\obj\Debug\UniformBuffer.obj
C:\Users\Sho3la\Desktop\kookk\Break-0.1-master\Infrastructure\obj\Debug\Win32.obj
C:\Users\Sho3la\Desktop\kookk\Break-0.1-master\Infrastructure\obj\Debug\Window.obj
C:\Users\Sho3la\Desktop\kookk\Break-0.1-master\Infrastructure\obj\Debug\Break_Infrastructure.write.1.tlog
C:\Users\Sho3la\Desktop\kookk\Break-0.1-master\Infrastructure\obj\Debug\cl.command.1.tlog
C:\Users\Sho3la\Desktop\kookk\Break-0.1-master\Infrastructure\obj\Debug\CL.read.1.tlog
C:\Users\Sho3la\Desktop\kookk\Break-0.1-master\Infrastructure\obj\Debug\CL.write.1.tlog
C:\Users\Sho3la\Desktop\kookk\Break-0.1-master\Infrastructure\obj\Debug\link-cvtres.read.1.tlog
C:\Users\Sho3la\Desktop\kookk\Break-0.1-master\Infrastructure\obj\Debug\link-cvtres.write.1.tlog
C:\Users\Sho3la\Desktop\kookk\Break-0.1-master\Infrastructure\obj\Debug\link-rc.read.1.tlog
C:\Users\Sho3la\Desktop\kookk\Break-0.1-master\Infrastructure\obj\Debug\link-rc.write.1.tlog
C:\Users\Sho3la\Desktop\kookk\Break-0.1-master\Infrastructure\obj\Debug\link.1060-cvtres.read.1.tlog
C:\Users\Sho3la\Desktop\kookk\Break-0.1-master\Infrastructure\obj\Debug\link.1060-cvtres.write.1.tlog
C:\Users\Sho3la\Desktop\kookk\Break-0.1-master\Infrastructure\obj\Debug\link.1060-rc.read.1.tlog
C:\Users\Sho3la\Desktop\kookk\Break-0.1-master\Infrastructure\obj\Debug\link.1060-rc.write.1.tlog
C:\Users\Sho3la\Desktop\kookk\Break-0.1-master\Infrastructure\obj\Debug\link.1060.read.1.tlog
C:\Users\Sho3la\Desktop\kookk\Break-0.1-master\Infrastructure\obj\Debug\link.1060.write.1.tlog
C:\Users\Sho3la\Desktop\kookk\Break-0.1-master\Infrastructure\obj\Debug\link.1564-cvtres.read.1.tlog
C:\Users\Sho3la\Desktop\kookk\Break-0.1-master\Infrastructure\obj\Debug\link.1564-cvtres.write.1.tlog
C:\Users\Sho3la\Desktop\kookk\Break-0.1-master\Infrastructure\obj\Debug\link.1564-rc.read.1.tlog
C:\Users\Sho3la\Desktop\kookk\Break-0.1-master\Infrastructure\obj\Debug\link.1564-rc.write.1.tlog
C:\Users\Sho3la\Desktop\kookk\Break-0.1-master\Infrastructure\obj\Debug\link.1564.read.1.tlog
C:\Users\Sho3la\Desktop\kookk\Break-0.1-master\Infrastructure\obj\Debug\link.1564.write.1.tlog
C:\Users\Sho3la\Desktop\kookk\Break-0.1-master\Infrastructure\obj\Debug\link.1752-cvtres.read.1.tlog
C:\Users\Sho3la\Desktop\kookk\Break-0.1-master\Infrastructure\obj\Debug\link.1752-cvtres.write.1.tlog
C:\Users\Sho3la\Desktop\kookk\Break-0.1-master\Infrastructure\obj\Debug\link.1752-rc.read.1.tlog
C:\Users\Sho3la\Desktop\kookk\Break-0.1-master\Infrastructure\obj\Debug\link.1752-rc.write.1.tlog
C:\Users\Sho3la\Desktop\kookk\Break-0.1-master\Infrastructure\obj\Debug\link.1752.read.1.tlog
C:\Users\Sho3la\Desktop\kookk\Break-0.1-master\Infrastructure\obj\Debug\link.1752.write.1.tlog
C:\Users\Sho3la\Desktop\kookk\Break-0.1-master\Infrastructure\obj\Debug\link.2592-cvtres.read.1.tlog
C:\Users\Sho3la\Desktop\kookk\Break-0.1-master\Infrastructure\obj\Debug\link.2592-cvtres.write.1.tlog
C:\Users\Sho3la\Desktop\kookk\Break-0.1-master\Infrastructure\obj\Debug\link.2592-rc.read.1.tlog
C:\Users\Sho3la\Desktop\kookk\Break-0.1-master\Infrastructure\obj\Debug\link.2592-rc.write.1.tlog
C:\Users\Sho3la\Desktop\kookk\Break-0.1-master\Infrastructure\obj\Debug\link.2592.read.1.tlog
C:\Users\Sho3la\Desktop\kookk\Break-0.1-master\Infrastructure\obj\Debug\link.2592.write.1.tlog
C:\Users\Sho3la\Desktop\kookk\Break-0.1-master\Infrastructure\obj\Debug\link.2716-cvtres.read.1.tlog
C:\Users\Sho3la\Desktop\kookk\Break-0.1-master\Infrastructure\obj\Debug\link.2716-cvtres.write.1.tlog
C:\Users\Sho3la\Desktop\kookk\Break-0.1-master\Infrastructure\obj\Debug\link.2716-rc.read.1.tlog
C:\Users\Sho3la\Desktop\kookk\Break-0.1-master\Infrastructure\obj\Debug\link.2716-rc.write.1.tlog
C:\Users\Sho3la\Desktop\kookk\Break-0.1-master\Infrastructure\obj\Debug\link.2716.read.1.tlog
C:\Users\Sho3la\Desktop\kookk\Break-0.1-master\Infrastructure\obj\Debug\link.2716.write.1.tlog
C:\Users\Sho3la\Desktop\kookk\Break-0.1-master\Infrastructure\obj\Debug\link.2872-cvtres.read.1.tlog
C:\Users\Sho3la\Desktop\kookk\Break-0.1-master\Infrastructure\obj\Debug\link.2872-cvtres.write.1.tlog
C:\Users\Sho3la\Desktop\kookk\Break-0.1-master\Infrastructure\obj\Debug\link.2872-rc.read.1.tlog
C:\Users\Sho3la\Desktop\kookk\Break-0.1-master\Infrastructure\obj\Debug\link.2872-rc.write.1.tlog
C:\Users\Sho3la\Desktop\kookk\Break-0.1-master\Infrastructure\obj\Debug\link.2872.read.1.tlog
C:\Users\Sho3la\Desktop\kookk\Break-0.1-master\Infrastructure\obj\Debug\link.2872.write.1.tlog
C:\Users\Sho3la\Desktop\kookk\Break-0.1-master\Infrastructure\obj\Debug\link.3032-cvtres.read.1.tlog
C:\Users\Sho3la\Desktop\kookk\Break-0.1-master\Infrastructure\obj\Debug\link.3032-cvtres.write.1.tlog
C:\Users\Sho3la\Desktop\kookk\Break-0.1-master\Infrastructure\obj\Debug\link.3032-rc.read.1.tlog
C:\Users\Sho3la\Desktop\kookk\Break-0.1-master\Infrastructure\obj\Debug\link.3032-rc.write.1.tlog
C:\Users\Sho3la\Desktop\kookk\Break-0.1-master\Infrastructure\obj\Debug\link.3032.read.1.tlog
C:\Users\Sho3la\Desktop\kookk\Break-0.1-master\Infrastructure\obj\Debug\link.3032.write.1.tlog
C:\Users\Sho3la\Desktop\kookk\Break-0.1-master\Infrastructure\obj\Debug\link.4464-cvtres.read.1.tlog
C:\Users\Sho3la\Desktop\kookk\Break-0.1-master\Infrastructure\obj\Debug\link.4464-cvtres.write.1.tlog
C:\Users\Sho3la\Desktop\kookk\Break-0.1-master\Infrastructure\obj\Debug\link.4464-rc.read.1.tlog
C:\Users\Sho3la\Desktop\kookk\Break-0.1-master\Infrastructure\obj\Debug\link.4464-rc.write.1.tlog
C:\Users\Sho3la\Desktop\kookk\Break-0.1-master\Infrastructure\obj\Debug\link.4464.read.1.tlog
C:\Users\Sho3la\Desktop\kookk\Break-0.1-master\Infrastructure\obj\Debug\link.4464.write.1.tlog
C:\Users\Sho3la\Desktop\kookk\Break-0.1-master\Infrastructure\obj\Debug\link.4772-cvtres.read.1.tlog
C:\Users\Sho3la\Desktop\kookk\Break-0.1-master\Infrastructure\obj\Debug\link.4772-cvtres.write.1.tlog
C:\Users\Sho3la\Desktop\kookk\Break-0.1-master\Infrastructure\obj\Debug\link.4772-rc.read.1.tlog
C:\Users\Sho3la\Desktop\kookk\Break-0.1-master\Infrastructure\obj\Debug\link.4772-rc.write.1.tlog
C:\Users\Sho3la\Desktop\kookk\Break-0.1-master\Infrastructure\obj\Debug\link.4772.read.1.tlog
C:\Users\Sho3la\Desktop\kookk\Break-0.1-master\Infrastructure\obj\Debug\link.4772.write.1.tlog
C:\Users\Sho3la\Desktop\kookk\Break-0.1-master\Infrastructure\obj\Debug\link.4900-cvtres.read.1.tlog
C:\Users\Sho3la\Desktop\kookk\Break-0.1-master\Infrastructure\obj\Debug\link.4900-cvtres.write.1.tlog
C:\Users\Sho3la\Desktop\kookk\Break-0.1-master\Infrastructure\obj\Debug\link.4900-rc.read.1.tlog
C:\Users\Sho3la\Desktop\kookk\Break-0.1-master\Infrastructure\obj\Debug\link.4900-rc.write.1.tlog
C:\Users\Sho3la\Desktop\kookk\Break-0.1-master\Infrastructure\obj\Debug\link.4900.read.1.tlog
C:\Users\Sho3la\Desktop\kookk\Break-0.1-master\Infrastructure\obj\Debug\link.4900.write.1.tlog
C:\Users\Sho3la\Desktop\kookk\Break-0.1-master\Infrastructure\obj\Debug\link.500-cvtres.read.1.tlog
C:\Users\Sho3la\Desktop\kookk\Break-0.1-master\Infrastructure\obj\Debug\link.500-cvtres.write.1.tlog
C:\Users\Sho3la\Desktop\kookk\Break-0.1-master\Infrastructure\obj\Debug\link.500-rc.read.1.tlog
C:\Users\Sho3la\Desktop\kookk\Break-0.1-master\Infrastructure\obj\Debug\link.500-rc.write.1.tlog
C:\Users\Sho3la\Desktop\kookk\Break-0.1-master\Infrastructure\obj\Debug\link.500.read.1.tlog
C:\Users\Sho3la\Desktop\kookk\Break-0.1-master\Infrastructure\obj\Debug\link.500.write.1.tlog
C:\Users\Sho3la\Desktop\kookk\Break-0.1-master\Infrastructure\obj\Debug\link.5100-cvtres.read.1.tlog
C:\Users\Sho3la\Desktop\kookk\Break-0.1-master\Infrastructure\obj\Debug\link.5100-cvtres.write.1.tlog
C:\Users\Sho3la\Desktop\kookk\Break-0.1-master\Infrastructure\obj\Debug\link.5100-rc.read.1.tlog
C:\Users\Sho3la\Desktop\kookk\Break-0.1-master\Infrastructure\obj\Debug\link.5100-rc.write.1.tlog
C:\Users\Sho3la\Desktop\kookk\Break-0.1-master\Infrastructure\obj\Debug\link.5100.read.1.tlog
C:\Users\Sho3la\Desktop\kookk\Break-0.1-master\Infrastructure\obj\Debug\link.5100.write.1.tlog
C:\Users\Sho3la\Desktop\kookk\Break-0.1-master\Infrastructure\obj\Debug\link.5540-cvtres.read.1.tlog
C:\Users\Sho3la\Desktop\kookk\Break-0.1-master\Infrastructure\obj\Debug\link.5540-cvtres.write.1.tlog
C:\Users\Sho3la\Desktop\kookk\Break-0.1-master\Infrastructure\obj\Debug\link.5540-rc.read.1.tlog
C:\Users\Sho3la\Desktop\kookk\Break-0.1-master\Infrastructure\obj\Debug\link.5540-rc.write.1.tlog
C:\Users\Sho3la\Desktop\kookk\Break-0.1-master\Infrastructure\obj\Debug\link.5540.read.1.tlog
C:\Users\Sho3la\Desktop\kookk\Break-0.1-master\Infrastructure\obj\Debug\link.5540.write.1.tlog
C:\Users\Sho3la\Desktop\kookk\Break-0.1-master\Infrastructure\obj\Debug\link.5588-cvtres.read.1.tlog
C:\Users\Sho3la\Desktop\kookk\Break-0.1-master\Infrastructure\obj\Debug\link.5588-cvtres.write.1.tlog
C:\Users\Sho3la\Desktop\kookk\Break-0.1-master\Infrastructure\obj\Debug\link.5588-rc.read.1.tlog
C:\Users\Sho3la\Desktop\kookk\Break-0.1-master\Infrastructure\obj\Debug\link.5588-rc.write.1.tlog
C:\Users\Sho3la\Desktop\kookk\Break-0.1-master\Infrastructure\obj\Debug\link.5588.read.1.tlog
C:\Users\Sho3la\Desktop\kookk\Break-0.1-master\Infrastructure\obj\Debug\link.5588.write.1.tlog
C:\Users\Sho3la\Desktop\kookk\Break-0.1-master\Infrastructure\obj\Debug\link.5744-cvtres.read.1.tlog
C:\Users\Sho3la\Desktop\kookk\Break-0.1-master\Infrastructure\obj\Debug\link.5744-cvtres.write.1.tlog
C:\Users\Sho3la\Desktop\kookk\Break-0.1-master\Infrastructure\obj\Debug\link.5744-rc.read.1.tlog
C:\Users\Sho3la\Desktop\kookk\Break-0.1-master\Infrastructure\obj\Debug\link.5744-rc.write.1.tlog
C:\Users\Sho3la\Desktop\kookk\Break-0.1-master\Infrastructure\obj\Debug\link.5744.read.1.tlog
C:\Users\Sho3la\Desktop\kookk\Break-0.1-master\Infrastructure\obj\Debug\link.5744.write.1.tlog
C:\Users\Sho3la\Desktop\kookk\Break-0.1-master\Infrastructure\obj\Debug\link.6088-cvtres.read.1.tlog
C:\Users\Sho3la\Desktop\kookk\Break-0.1-master\Infrastructure\obj\Debug\link.6088-cvtres.write.1.tlog
C:\Users\Sho3la\Desktop\kookk\Break-0.1-master\Infrastructure\obj\Debug\link.6088-rc.read.1.tlog
C:\Users\Sho3la\Desktop\kookk\Break-0.1-master\Infrastructure\obj\Debug\link.6088-rc.write.1.tlog
C:\Users\Sho3la\Desktop\kookk\Break-0.1-master\Infrastructure\obj\Debug\link.6088.read.1.tlog
C:\Users\Sho3la\Desktop\kookk\Break-0.1-master\Infrastructure\obj\Debug\link.6088.write.1.tlog
C:\Users\Sho3la\Desktop\kookk\Break-0.1-master\Infrastructure\obj\Debug\link.6104-cvtres.read.1.tlog
C:\Users\Sho3la\Desktop\kookk\Break-0.1-master\Infrastructure\obj\Debug\link.6104-cvtres.write.1.tlog
C:\Users\Sho3la\Desktop\kookk\Break-0.1-master\Infrastructure\obj\Debug\link.6104-rc.read.1.tlog
C:\Users\Sho3la\Desktop\kookk\Break-0.1-master\Infrastructure\obj\Debug\link.6104-rc.write.1.tlog
C:\Users\Sho3la\Desktop\kookk\Break-0.1-master\Infrastructure\obj\Debug\link.6104.read.1.tlog
C:\Users\Sho3la\Desktop\kookk\Break-0.1-master\Infrastructure\obj\Debug\link.6104.write.1.tlog
C:\Users\Sho3la\Desktop\kookk\Break-0.1-master\Infrastructure\obj\Debug\link.6260-cvtres.read.1.tlog
C:\Users\Sho3la\Desktop\kookk\Break-0.1-master\Infrastructure\obj\Debug\link.6260-cvtres.write.1.tlog
C:\Users\Sho3la\Desktop\kookk\Break-0.1-master\Infrastructure\obj\Debug\link.6260-rc.read.1.tlog
C:\Users\Sho3la\Desktop\kookk\Break-0.1-master\Infrastructure\obj\Debug\link.6260-rc.write.1.tlog
C:\Users\Sho3la\Desktop\kookk\Break-0.1-master\Infrastructure\obj\Debug\link.6260.read.1.tlog
C:\Users\Sho3la\Desktop\kookk\Break-0.1-master\Infrastructure\obj\Debug\link.6260.write.1.tlog
C:\Users\Sho3la\Desktop\kookk\Break-0.1-master\Infrastructure\obj\Debug\link.6596-cvtres.read.1.tlog
C:\Users\Sho3la\Desktop\kookk\Break-0.1-master\Infrastructure\obj\Debug\link.6596-cvtres.write.1.tlog
C:\Users\Sho3la\Desktop\kookk\Break-0.1-master\Infrastructure\obj\Debug\link.6596-rc.read.1.tlog
C:\Users\Sho3la\Desktop\kookk\Break-0.1-master\Infrastructure\obj\Debug\link.6596-rc.write.1.tlog
C:\Users\Sho3la\Desktop\kookk\Break-0.1-master\Infrastructure\obj\Debug\link.6596.read.1.tlog
C:\Users\Sho3la\Desktop\kookk\Break-0.1-master\Infrastructure\obj\Debug\link.6596.write.1.tlog
C:\Users\Sho3la\Desktop\kookk\Break-0.1-master\Infrastructure\obj\Debug\link.6796-cvtres.read.1.tlog
C:\Users\Sho3la\Desktop\kookk\Break-0.1-master\Infrastructure\obj\Debug\link.6796-cvtres.write.1.tlog
C:\Users\Sho3la\Desktop\kookk\Break-0.1-master\Infrastructure\obj\Debug\link.6796-rc.read.1.tlog
C:\Users\Sho3la\Desktop\kookk\Break-0.1-master\Infrastructure\obj\Debug\link.6796-rc.write.1.tlog
C:\Users\Sho3la\Desktop\kookk\Break-0.1-master\Infrastructure\obj\Debug\link.6796.read.1.tlog
C:\Users\Sho3la\Desktop\kookk\Break-0.1-master\Infrastructure\obj\Debug\link.6796.write.1.tlog
C:\Users\Sho3la\Desktop\kookk\Break-0.1-master\Infrastructure\obj\Debug\link.7020-cvtres.read.1.tlog
C:\Users\Sho3la\Desktop\kookk\Break-0.1-master\Infrastructure\obj\Debug\link.7020-cvtres.write.1.tlog
C:\Users\Sho3la\Desktop\kookk\Break-0.1-master\Infrastructure\obj\Debug\link.7020-rc.read.1.tlog
C:\Users\Sho3la\Desktop\kookk\Break-0.1-master\Infrastructure\obj\Debug\link.7020-rc.write.1.tlog
C:\Users\Sho3la\Desktop\kookk\Break-0.1-master\Infrastructure\obj\Debug\link.7020.read.1.tlog
C:\Users\Sho3la\Desktop\kookk\Break-0.1-master\Infrastructure\obj\Debug\link.7020.write.1.tlog
C:\Users\Sho3la\Desktop\kookk\Break-0.1-master\Infrastructure\obj\Debug\link.7120-cvtres.read.1.tlog
C:\Users\Sho3la\Desktop\kookk\Break-0.1-master\Infrastructure\obj\Debug\link.7120-cvtres.write.1.tlog
C:\Users\Sho3la\Desktop\kookk\Break-0.1-master\Infrastructure\obj\Debug\link.7120-rc.read.1.tlog
C:\Users\Sho3la\Desktop\kookk\Break-0.1-master\Infrastructure\obj\Debug\link.7120-rc.write.1.tlog
C:\Users\Sho3la\Desktop\kookk\Break-0.1-master\Infrastructure\obj\Debug\link.7120.read.1.tlog
C:\Users\Sho3la\Desktop\kookk\Break-0.1-master\Infrastructure\obj\Debug\link.7120.write.1.tlog
C:\Users\Sho3la\Desktop\kookk\Break-0.1-master\Infrastructure\obj\Debug\link.7260-cvtres.read.1.tlog
C:\Users\Sho3la\Desktop\kookk\Break-0.1-master\Infrastructure\obj\Debug\link.7260-cvtres.write.1.tlog
C:\Users\Sho3la\Desktop\kookk\Break-0.1-master\Infrastructure\obj\Debug\link.7260-rc.read.1.tlog
C:\Users\Sho3la\Desktop\kookk\Break-0.1-master\Infrastructure\obj\Debug\link.7260-rc.write.1.tlog
C:\Users\Sho3la\Desktop\kookk\Break-0.1-master\Infrastructure\obj\Debug\link.7260.read.1.tlog
C:\Users\Sho3la\Desktop\kookk\Break-0.1-master\Infrastructure\obj\Debug\link.7260.write.1.tlog
C:\Users\Sho3la\Desktop\kookk\Break-0.1-master\Infrastructure\obj\Debug\link.7288-cvtres.read.1.tlog
C:\Users\Sho3la\Desktop\kookk\Break-0.1-master\Infrastructure\obj\Debug\link.7288-cvtres.write.1.tlog
C:\Users\Sho3la\Desktop\kookk\Break-0.1-master\Infrastructure\obj\Debug\link.7288-rc.read.1.tlog
C:\Users\Sho3la\Desktop\kookk\Break-0.1-master\Infrastructure\obj\Debug\link.7288-rc.write.1.tlog
C:\Users\Sho3la\Desktop\kookk\Break-0.1-master\Infrastructure\obj\Debug\link.7288.read.1.tlog
C:\Users\Sho3la\Desktop\kookk\Break-0.1-master\Infrastructure\obj\Debug\link.7288.write.1.tlog
C:\Users\Sho3la\Desktop\kookk\Break-0.1-master\Infrastructure\obj\Debug\link.7668-cvtres.read.1.tlog
C:\Users\Sho3la\Desktop\kookk\Break-0.1-master\Infrastructure\obj\Debug\link.7668-cvtres.write.1.tlog
C:\Users\Sho3la\Desktop\kookk\Break-0.1-master\Infrastructure\obj\Debug\link.7668-rc.read.1.tlog
C:\Users\Sho3la\Desktop\kookk\Break-0.1-master\Infrastructure\obj\Debug\link.7668-rc.write.1.tlog
C:\Users\Sho3la\Desktop\kookk\Break-0.1-master\Infrastructure\obj\Debug\link.7668.read.1.tlog
C:\Users\Sho3la\Desktop\kookk\Break-0.1-master\Infrastructure\obj\Debug\link.7668.write.1.tlog
C:\Users\Sho3la\Desktop\kookk\Break-0.1-master\Infrastructure\obj\Debug\link.8040-cvtres.read.1.tlog
C:\Users\Sho3la\Desktop\kookk\Break-0.1-master\Infrastructure\obj\Debug\link.8040-cvtres.write.1.tlog
C:\Users\Sho3la\Desktop\kookk\Break-0.1-master\Infrastructure\obj\Debug\link.8040-rc.read.1.tlog
C:\Users\Sho3la\Desktop\kookk\Break-0.1-master\Infrastructure\obj\Debug\link.8040-rc.write.1.tlog
C:\Users\Sho3la\Desktop\kookk\Break-0.1-master\Infrastructure\obj\Debug\link.8040.read.1.tlog
C:\Users\Sho3la\Desktop\kookk\Break-0.1-master\Infrastructure\obj\Debug\link.8040.write.1.tlog
C:\Users\Sho3la\Desktop\kookk\Break-0.1-master\Infrastructure\obj\Debug\link.8148-cvtres.read.1.tlog
C:\Users\Sho3la\Desktop\kookk\Break-0.1-master\Infrastructure\obj\Debug\link.8148-cvtres.write.1.tlog
C:\Users\Sho3la\Desktop\kookk\Break-0.1-master\Infrastructure\obj\Debug\link.8148-rc.read.1.tlog
C:\Users\Sho3la\Desktop\kookk\Break-0.1-master\Infrastructure\obj\Debug\link.8148-rc.write.1.tlog
C:\Users\Sho3la\Desktop\kookk\Break-0.1-master\Infrastructure\obj\Debug\link.8148.read.1.tlog
C:\Users\Sho3la\Desktop\kookk\Break-0.1-master\Infrastructure\obj\Debug\link.8148.write.1.tlog
C:\Users\Sho3la\Desktop\kookk\Break-0.1-master\Infrastructure\obj\Debug\link.9108-cvtres.read.1.tlog
C:\Users\Sho3la\Desktop\kookk\Break-0.1-master\Infrastructure\obj\Debug\link.9108-cvtres.write.1.tlog
C:\Users\Sho3la\Desktop\kookk\Break-0.1-master\Infrastructure\obj\Debug\link.9108-rc.read.1.tlog
C:\Users\Sho3la\Desktop\kookk\Break-0.1-master\Infrastructure\obj\Debug\link.9108-rc.write.1.tlog
C:\Users\Sho3la\Desktop\kookk\Break-0.1-master\Infrastructure\obj\Debug\link.9108.read.1.tlog
C:\Users\Sho3la\Desktop\kookk\Break-0.1-master\Infrastructure\obj\Debug\link.9108.write.1.tlog
C:\Users\Sho3la\Desktop\kookk\Break-0.1-master\Infrastructure\obj\Debug\link.command.1.tlog
C:\Users\Sho3la\Desktop\kookk\Break-0.1-master\Infrastructure\obj\Debug\link.read.1.tlog
C:\Users\Sho3la\Desktop\kookk\Break-0.1-master\Infrastructure\obj\Debug\link.write.1.tlog
C:\Users\Sho3la\Desktop\kookk\Break-0.1-master\Infrastructure\obj\Debug\vc110.idb
C:\Users\Sho3la\Desktop\kookk\Break-0.1-master\Infrastructure\obj\Debug\vc110.pdb
C:\Users\Sho3la\Desktop\kookk\Break-0.1-master\Infrastructure\..\bin\Debug\Break_Infrastructure.dll
