  GLDevice.cpp
h:\projects\break-0.1\infrastructure\inc\window.hpp(28): warning C4251: 'Break::Infrastructure::Window::m_title': class 'std::basic_string<char,std::char_traits<char>,std::allocator<char>>' needs to have dll-interface to be used by clients of class 'Break::Infrastructure::Window'
h:\projects\break-0.1\infrastructure\inc\memoryelement.hpp(36): warning C4251: 'Break::Infrastructure::MemoryElement::semantic': class 'std::basic_string<char,std::char_traits<char>,std::allocator<char>>' needs to have dll-interface to be used by clients of class 'Break::Infrastructure::MemoryElement'
h:\projects\break-0.1\infrastructure\inc\memorylayout.hpp(27): warning C4251: 'Break::Infrastructure::MemoryLayout::elements': class 'std::vector<Break::Infrastructure::MemoryElement,std::allocator<_Ty>>' needs to have dll-interface to be used by clients of class 'Break::Infrastructure::MemoryLayout'
          with
          [
              _Ty=Break::Infrastructure::MemoryElement
          ]
h:\projects\break-0.1\infrastructure\inc\serviceexception.hpp(16): warning C4275: non dll-interface class 'std::exception' used as base for dll-interface class 'Break::Infrastructure::ServiceException'
  c:\program files (x86)\microsoft visual studio 14.0\vc\include\vcruntime_exception.h(43): note: see declaration of 'std::exception'
  h:\projects\break-0.1\infrastructure\inc\serviceexception.hpp(16): note: see declaration of 'Break::Infrastructure::ServiceException'
h:\projects\break-0.1\infrastructure\inc\serviceexception.hpp(19): warning C4251: 'Break::Infrastructure::ServiceException::_msg': class 'std::basic_string<char,std::char_traits<char>,std::allocator<char>>' needs to have dll-interface to be used by clients of class 'Break::Infrastructure::ServiceException'
h:\projects\break-0.1\infrastructure\inc\object.hpp(28): warning C4251: 'Break::Object::id': class 'std::basic_string<char,std::char_traits<char>,std::allocator<char>>' needs to have dll-interface to be used by clients of class 'Break::Object'
h:\projects\break-0.1\infrastructure\inc\gpuresource.hpp(22): warning C4251: 'Break::Infrastructure::GPUResource::m_handle': class 'std::shared_ptr<Break::Infrastructure::GPUHandle>' needs to have dll-interface to be used by clients of class 'Break::Infrastructure::GPUResource'
h:\projects\break-0.1\infrastructure\inc\sounddevice.hpp(72): warning C4251: 'Break::Infrastructure::SoundDevice::m_format': struct 'Break::Infrastructure::AudioFormat' needs to have dll-interface to be used by clients of class 'Break::Infrastructure::SoundDevice'
  h:\projects\break-0.1\infrastructure\inc\sounddevice.hpp(12): note: see declaration of 'Break::Infrastructure::AudioFormat'
h:\projects\break-0.1\infrastructure\inc\sounddevice.hpp(74): warning C4251: 'Break::Infrastructure::SoundDevice::m_sounds': class 'std::vector<std::pair<Break::Infrastructure::SoundEffect *,bool>,std::allocator<_Ty>>' needs to have dll-interface to be used by clients of class 'Break::Infrastructure::SoundDevice'
          with
          [
              _Ty=std::pair<Break::Infrastructure::SoundEffect *,bool>
          ]
h:\projects\break-0.1\infrastructure\inc\file.hpp(22): warning C4251: 'Break::Infrastructure::File::m_path': class 'std::basic_string<char,std::char_traits<char>,std::allocator<char>>' needs to have dll-interface to be used by clients of class 'Break::Infrastructure::File'
h:\projects\break-0.1\infrastructure\inc\file.hpp(24): warning C4251: 'Break::Infrastructure::File::m_name': class 'std::basic_string<char,std::char_traits<char>,std::allocator<char>>' needs to have dll-interface to be used by clients of class 'Break::Infrastructure::File'
h:\projects\break-0.1\infrastructure\inc\application.hpp(19): warning C4251: 'Break::Infrastructure::Application::window': class 'std::shared_ptr<Break::Infrastructure::Window>' needs to have dll-interface to be used by clients of class 'Break::Infrastructure::Application'
h:\projects\break-0.1\infrastructure\inc\assetmanager.hpp(19): warning C4251: 'Break::Infrastructure::AssetManager::m_assetTable': class 'std::map<std::string,Break::Infrastructure::AssetPtr,std::less<_Kty>,std::allocator<std::pair<const _Kty,_Ty>>>' needs to have dll-interface to be used by clients of class 'Break::Infrastructure::AssetManager'
          with
          [
              _Kty=std::string,
              _Ty=Break::Infrastructure::AssetPtr
          ]
h:\projects\break-0.1\infrastructure\inc\uniformbuffer.hpp(21): warning C4251: 'Break::Infrastructure::UniformBuffer::m_buffer': class 'std::shared_ptr<Break::Infrastructure::RAMBuffer>' needs to have dll-interface to be used by clients of class 'Break::Infrastructure::UniformBuffer'
h:\projects\break-0.1\infrastructure\inc\gpuprogram.hpp(23): warning C4251: 'Break::Infrastructure::uniformRow::m_blockName': class 'std::basic_string<char,std::char_traits<char>,std::allocator<char>>' needs to have dll-interface to be used by clients of struct 'Break::Infrastructure::uniformRow'
h:\projects\break-0.1\infrastructure\inc\gpuprogram.hpp(30): warning C4251: 'Break::Infrastructure::samplersRow::m_state': class 'std::shared_ptr<Break::Infrastructure::SamplerState>' needs to have dll-interface to be used by clients of struct 'Break::Infrastructure::samplersRow'
h:\projects\break-0.1\infrastructure\inc\gpuprogram.hpp(44): warning C4251: 'Break::Infrastructure::GPUProgram::m_uniformBlocks': class 'std::map<std::string,std::shared_ptr<Break::Infrastructure::UniformBuffer>,std::less<_Kty>,std::allocator<std::pair<const _Kty,_Ty>>>' needs to have dll-interface to be used by clients of class 'Break::Infrastructure::GPUProgram'
          with
          [
              _Kty=std::string,
              _Ty=std::shared_ptr<Break::Infrastructure::UniformBuffer>
          ]
h:\projects\break-0.1\infrastructure\inc\gpuprogram.hpp(46): warning C4251: 'Break::Infrastructure::GPUProgram::m_uniformsTable': class 'std::map<std::string,Break::Infrastructure::uniformRow,std::less<_Kty>,std::allocator<std::pair<const _Kty,_Ty>>>' needs to have dll-interface to be used by clients of class 'Break::Infrastructure::GPUProgram'
          with
          [
              _Kty=std::string,
              _Ty=Break::Infrastructure::uniformRow
          ]
h:\projects\break-0.1\infrastructure\inc\gpuprogram.hpp(48): warning C4251: 'Break::Infrastructure::GPUProgram::m_samplersTable': class 'std::map<std::string,Break::Infrastructure::samplersRow,std::less<_Kty>,std::allocator<std::pair<const _Kty,_Ty>>>' needs to have dll-interface to be used by clients of class 'Break::Infrastructure::GPUProgram'
          with
          [
              _Kty=std::string,
              _Ty=Break::Infrastructure::samplersRow
          ]
h:\projects\break-0.1\infrastructure\inc\gpuprogram.hpp(51): warning C4251: 'Break::Infrastructure::GPUProgram::m_vs': class 'std::basic_string<char,std::char_traits<char>,std::allocator<char>>' needs to have dll-interface to be used by clients of class 'Break::Infrastructure::GPUProgram'
h:\projects\break-0.1\infrastructure\inc\gpuprogram.hpp(51): warning C4251: 'Break::Infrastructure::GPUProgram::m_ps': class 'std::basic_string<char,std::char_traits<char>,std::allocator<char>>' needs to have dll-interface to be used by clients of class 'Break::Infrastructure::GPUProgram'
h:\projects\break-0.1\infrastructure\inc\texture.hpp(62): warning C4251: 'Break::Infrastructure::Texture::m_image': class 'std::shared_ptr<Break::Infrastructure::Image>' needs to have dll-interface to be used by clients of class 'Break::Infrastructure::Texture'
h:\projects\break-0.1\infrastructure\inc\gpuins.hpp(21): warning C4251: 'Break::Infrastructure::GPUIns::args': class 'std::queue<Break::Infrastructure::Arg,std::deque<_Ty,std::allocator<_Ty>>>' needs to have dll-interface to be used by clients of class 'Break::Infrastructure::GPUIns'
          with
          [
              _Ty=Break::Infrastructure::Arg
          ]
h:\projects\break-0.1\infrastructure\inc\engine.hpp(139): warning C4251: 'Break::Infrastructure::Engine::m_platform': class 'std::shared_ptr<Break::Infrastructure::OS>' needs to have dll-interface to be used by clients of class 'Break::Infrastructure::Engine'
h:\projects\break-0.1\infrastructure\inc\engine.hpp(142): warning C4251: 'Break::Infrastructure::Engine::m_device': class 'std::shared_ptr<Break::Infrastructure::IGXDevice>' needs to have dll-interface to be used by clients of class 'Break::Infrastructure::Engine'
h:\projects\break-0.1\infrastructure\inc\engine.hpp(145): warning C4251: 'Break::Infrastructure::Engine::m_app': class 'std::shared_ptr<Break::Infrastructure::Application>' needs to have dll-interface to be used by clients of class 'Break::Infrastructure::Engine'
h:\projects\break-0.1\infrastructure\inc\engine.hpp(157): warning C4251: 'Break::Infrastructure::Engine::m_inputDevices': class 'std::vector<Break::Infrastructure::InputDevicePtr,std::allocator<_Ty>>' needs to have dll-interface to be used by clients of class 'Break::Infrastructure::Engine'
          with
          [
              _Ty=Break::Infrastructure::InputDevicePtr
          ]
h:\projects\break-0.1\infrastructure\inc\engine.hpp(163): warning C4251: 'Break::Infrastructure::Engine::m_assetManager': class 'std::shared_ptr<Break::Infrastructure::AssetManager>' needs to have dll-interface to be used by clients of class 'Break::Infrastructure::Engine'
h:\projects\break-0.1\infrastructure\inc\engine.hpp(166): warning C4251: 'Break::Infrastructure::Engine::m_GPU_VM': class 'std::shared_ptr<Break::Infrastructure::GPU_VM>' needs to have dll-interface to be used by clients of class 'Break::Infrastructure::Engine'
h:\projects\break-0.1\infrastructure\inc\engine.hpp(169): warning C4251: 'Break::Infrastructure::Engine::m_soundDevice': class 'std::shared_ptr<Break::Infrastructure::ISoundDevice>' needs to have dll-interface to be used by clients of class 'Break::Infrastructure::Engine'
h:\projects\break-0.1\infrastructure\inc\mouse.hpp(109): warning C4251: 'Break::Infrastructure::Mouse::m_data': class 'std::map<Break::Infrastructure::Mouse::Buttons,Break::Infrastructure::Mouse::ButtonState,std::less<_Kty>,std::allocator<std::pair<const _Kty,_Ty>>>' needs to have dll-interface to be used by clients of class 'Break::Infrastructure::Mouse'
          with
          [
              _Kty=Break::Infrastructure::Mouse::Buttons,
              _Ty=Break::Infrastructure::Mouse::ButtonState
          ]
h:\projects\break-0.1\infrastructure\inc\mouse.hpp(112): warning C4251: 'Break::Infrastructure::Mouse::m_position': struct 'glm::detail::tvec2<glm::uint,0>' needs to have dll-interface to be used by clients of class 'Break::Infrastructure::Mouse'
h:\projects\break-0.1\infrastructure\inc\keyboard.hpp(175): warning C4251: 'Break::Infrastructure::Keyboard::m_data': class 'std::map<Break::Infrastructure::Keyboard::Keys,Break::Infrastructure::Keyboard::KeyState,std::less<_Kty>,std::allocator<std::pair<const _Kty,_Ty>>>' needs to have dll-interface to be used by clients of class 'Break::Infrastructure::Keyboard'
          with
          [
              _Kty=Break::Infrastructure::Keyboard::Keys,
              _Ty=Break::Infrastructure::Keyboard::KeyState
          ]
h:\projects\break-0.1\infrastructure\src\gldevice.cpp(547): warning C4018: '<': signed/unsigned mismatch
h:\projects\break-0.1\infrastructure\src\gldevice.cpp(653): warning C4838: conversion from 'unsigned char' to 'float' requires a narrowing conversion
h:\projects\break-0.1\infrastructure\src\gldevice.cpp(242): warning C4715: 'Break::Infrastructure::GLDevice::getCompareFunc': not all control paths return a value
  Break_Infrastructure.vcxproj -> H:\Projects\Break-0.1\Infrastructure\..\bin\Debug\Break_Infrastructure.dll
