E:\WorkStation\Break-0.1-master\bin\Debug\Break_Graphics.lib
E:\WorkStation\Break-0.1-master\bin\Debug\Break_Graphics.exp
E:\WORKSTATION\BREAK-0.1-MASTER\GRAPHICS\OBJ\DEBUG\SPRITEBATCH.OBJ
E:\WORKSTATION\BREAK-0.1-MASTER\GRAPHICS\OBJ\DEBUG\TRANSFORM.OBJ
E:\WORKSTATION\BREAK-0.1-MASTER\GRAPHICS\OBJ\DEBUG\VC110.PDB
E:\WORKSTATION\BREAK-0.1-MASTER\GRAPHICS\OBJ\DEBUG\SHAPEBATCH.OBJ
E:\WORKSTATION\BREAK-0.1-MASTER\BIN\DEBUG\BREAK_GRAPHICS.ILK
E:\WORKSTATION\BREAK-0.1-MASTER\BIN\DEBUG\BREAK_GRAPHICS.DLL
E:\WORKSTATION\BREAK-0.1-MASTER\BIN\DEBUG\BREAK_GRAPHICS.PDB
E:\WorkStation\Break-0.1-master\Graphics\obj\Debug\ShapeBatch.obj
E:\WorkStation\Break-0.1-master\Graphics\obj\Debug\SpriteBatch.obj
E:\WorkStation\Break-0.1-master\Graphics\obj\Debug\Transform.obj
E:\WorkStation\Break-0.1-master\Graphics\obj\Debug\Break_Graphics.write.1.tlog
E:\WorkStation\Break-0.1-master\Graphics\obj\Debug\cl.command.1.tlog
E:\WorkStation\Break-0.1-master\Graphics\obj\Debug\CL.read.1.tlog
E:\WorkStation\Break-0.1-master\Graphics\obj\Debug\CL.write.1.tlog
E:\WorkStation\Break-0.1-master\Graphics\obj\Debug\link-cvtres.read.1.tlog
E:\WorkStation\Break-0.1-master\Graphics\obj\Debug\link-cvtres.write.1.tlog
E:\WorkStation\Break-0.1-master\Graphics\obj\Debug\link-rc.read.1.tlog
E:\WorkStation\Break-0.1-master\Graphics\obj\Debug\link-rc.write.1.tlog
E:\WorkStation\Break-0.1-master\Graphics\obj\Debug\link.6680-cvtres.read.1.tlog
E:\WorkStation\Break-0.1-master\Graphics\obj\Debug\link.6680-cvtres.write.1.tlog
E:\WorkStation\Break-0.1-master\Graphics\obj\Debug\link.6680-rc.read.1.tlog
E:\WorkStation\Break-0.1-master\Graphics\obj\Debug\link.6680-rc.write.1.tlog
E:\WorkStation\Break-0.1-master\Graphics\obj\Debug\link.6680.read.1.tlog
E:\WorkStation\Break-0.1-master\Graphics\obj\Debug\link.6680.write.1.tlog
E:\WorkStation\Break-0.1-master\Graphics\obj\Debug\link.command.1.tlog
E:\WorkStation\Break-0.1-master\Graphics\obj\Debug\link.read.1.tlog
E:\WorkStation\Break-0.1-master\Graphics\obj\Debug\link.write.1.tlog
E:\WorkStation\Break-0.1-master\Graphics\obj\Debug\vc110.idb
E:\WorkStation\Break-0.1-master\Graphics\obj\Debug\vc110.pdb
E:\WorkStation\Break-0.1-master\Graphics\..\bin\Debug\Break_Graphics.dll
