Build started 29/11/2015 01:57:05 م.
     1>Project "H:\Projects\Break-0.1\Physics\Break_Physics.vcxproj" on node 2 (Build target(s)).
     1>ClCompile:
         C:\Program Files (x86)\Microsoft Visual Studio 11.0\VC\bin\CL.exe /c /Iinc /I..\Infrastructure\inc /Ideps\glm\include /Zi /nologo /W3 /WX- /Ox /Oi /Oy- /D NDEBUG /D COMPILE_DLL /D _WINDLL /D _MBCS /GF /Gm- /EHsc /MD /GS /Gy /fp:precise /Zc:wchar_t /Zc:forScope /Fo"obj\Release\\" /Fd"obj\Release\vc110.pdb" /Gd /TP /analyze- /errorReport:prompt src\BoxBody.cpp
         BoxBody.cpp
     1>H:\Projects\Break-0.1\Infrastructure\inc\MathUtils.hpp(85): warning C4244: 'return' : conversion from 'glm::length_t' to 'Break::real32', possible loss of data
     1>h:\projects\break-0.1\physics\inc\Transform2D.hpp(30): warning C4251: 'Break::Physics::Transform2D::p' : struct 'glm::detail::tvec2<T,P>' needs to have dll-interface to be used by clients of class 'Break::Physics::Transform2D'
                 with
                 [
                     T=float,
                     P=0
                 ]
     1>h:\projects\break-0.1\physics\inc\Collision.hpp(57): warning C4251: 'Break::Physics::ManifoldPoint::localPoint' : struct 'glm::detail::tvec2<T,P>' needs to have dll-interface to be used by clients of struct 'Break::Physics::ManifoldPoint'
                 with
                 [
                     T=float,
                     P=0
                 ]
     1>h:\projects\break-0.1\physics\inc\Collision.hpp(91): warning C4251: 'Break::Physics::Manifold::localNormal' : struct 'glm::detail::tvec2<T,P>' needs to have dll-interface to be used by clients of struct 'Break::Physics::Manifold'
                 with
                 [
                     T=float,
                     P=0
                 ]
     1>h:\projects\break-0.1\physics\inc\Collision.hpp(92): warning C4251: 'Break::Physics::Manifold::localPoint' : struct 'glm::detail::tvec2<T,P>' needs to have dll-interface to be used by clients of struct 'Break::Physics::Manifold'
                 with
                 [
                     T=float,
                     P=0
                 ]
     1>h:\projects\break-0.1\physics\inc\Collision.hpp(107): warning C4251: 'Break::Physics::WorldManifold::normal' : struct 'glm::detail::tvec2<T,P>' needs to have dll-interface to be used by clients of struct 'Break::Physics::WorldManifold'
                 with
                 [
                     T=float,
                     P=0
                 ]
     1>h:\projects\break-0.1\physics\inc\Collision.hpp(108): warning C4251: 'Break::Physics::WorldManifold::points' : struct 'glm::detail::tvec2<T,P>' needs to have dll-interface to be used by clients of struct 'Break::Physics::WorldManifold'
                 with
                 [
                     T=float,
                     P=0
                 ]
     1>h:\projects\break-0.1\physics\inc\Collision.hpp(131): warning C4251: 'Break::Physics::ClipVertex::v' : struct 'glm::detail::tvec2<T,P>' needs to have dll-interface to be used by clients of struct 'Break::Physics::ClipVertex'
                 with
                 [
                     T=float,
                     P=0
                 ]
     1>h:\projects\break-0.1\physics\inc\Collision.hpp(138): warning C4251: 'Break::Physics::RayCastInput::p1' : struct 'glm::detail::tvec2<T,P>' needs to have dll-interface to be used by clients of struct 'Break::Physics::RayCastInput'
                 with
                 [
                     T=float,
                     P=0
                 ]
     1>h:\projects\break-0.1\physics\inc\Collision.hpp(138): warning C4251: 'Break::Physics::RayCastInput::p2' : struct 'glm::detail::tvec2<T,P>' needs to have dll-interface to be used by clients of struct 'Break::Physics::RayCastInput'
                 with
                 [
                     T=float,
                     P=0
                 ]
     1>h:\projects\break-0.1\physics\inc\Collision.hpp(146): warning C4251: 'Break::Physics::RayCastOutput::normal' : struct 'glm::detail::tvec2<T,P>' needs to have dll-interface to be used by clients of struct 'Break::Physics::RayCastOutput'
                 with
                 [
                     T=float,
                     P=0
                 ]
     1>h:\projects\break-0.1\physics\inc\Collision.hpp(203): warning C4251: 'Break::Physics::AABB::lowerBound' : struct 'glm::detail::tvec2<T,P>' needs to have dll-interface to be used by clients of struct 'Break::Physics::AABB'
                 with
                 [
                     T=float,
                     P=0
                 ]
     1>h:\projects\break-0.1\physics\inc\Collision.hpp(204): warning C4251: 'Break::Physics::AABB::upperBound' : struct 'glm::detail::tvec2<T,P>' needs to have dll-interface to be used by clients of struct 'Break::Physics::AABB'
                 with
                 [
                     T=float,
                     P=0
                 ]
     1>h:\projects\break-0.1\physics\inc\Shape.hpp(21): warning C4251: 'Break::Physics::MassData::center' : struct 'glm::detail::tvec2<T,P>' needs to have dll-interface to be used by clients of struct 'Break::Physics::MassData'
                 with
                 [
                     T=float,
                     P=0
                 ]
     1>h:\projects\break-0.1\physics\inc\Sweep.hpp(47): warning C4251: 'Break::Physics::Sweep::localCenter' : struct 'glm::detail::tvec2<T,P>' needs to have dll-interface to be used by clients of class 'Break::Physics::Sweep'
                 with
                 [
                     T=float,
                     P=0
                 ]
     1>h:\projects\break-0.1\physics\inc\Sweep.hpp(48): warning C4251: 'Break::Physics::Sweep::c0' : struct 'glm::detail::tvec2<T,P>' needs to have dll-interface to be used by clients of class 'Break::Physics::Sweep'
                 with
                 [
                     T=float,
                     P=0
                 ]
     1>h:\projects\break-0.1\physics\inc\Sweep.hpp(48): warning C4251: 'Break::Physics::Sweep::c' : struct 'glm::detail::tvec2<T,P>' needs to have dll-interface to be used by clients of class 'Break::Physics::Sweep'
                 with
                 [
                     T=float,
                     P=0
                 ]
     1>h:\projects\break-0.1\physics\inc\Body2D.hpp(66): warning C4251: 'Break::Physics::BodyDef::position' : struct 'glm::detail::tvec2<T,P>' needs to have dll-interface to be used by clients of struct 'Break::Physics::BodyDef'
                 with
                 [
                     T=float,
                     P=0
                 ]
     1>h:\projects\break-0.1\physics\inc\Body2D.hpp(72): warning C4251: 'Break::Physics::BodyDef::linearVelocity' : struct 'glm::detail::tvec2<T,P>' needs to have dll-interface to be used by clients of struct 'Break::Physics::BodyDef'
                 with
                 [
                     T=float,
                     P=0
                 ]
     1>h:\projects\break-0.1\physics\inc\Body2D.hpp(427): warning C4251: 'Break::Physics::Body::m_linearVelocity' : struct 'glm::detail::tvec2<T,P>' needs to have dll-interface to be used by clients of class 'Break::Physics::Body'
                 with
                 [
                     T=float,
                     P=0
                 ]
     1>h:\projects\break-0.1\physics\inc\Body2D.hpp(430): warning C4251: 'Break::Physics::Body::m_force' : struct 'glm::detail::tvec2<T,P>' needs to have dll-interface to be used by clients of class 'Break::Physics::Body'
                 with
                 [
                     T=float,
                     P=0
                 ]
     1>h:\projects\break-0.1\physics\inc\PolygonShape.hpp(72): warning C4251: 'Break::Physics::PolygonShape::m_centroid' : struct 'glm::detail::tvec2<T,P>' needs to have dll-interface to be used by clients of class 'Break::Physics::PolygonShape'
                 with
                 [
                     T=float,
                     P=0
                 ]
     1>h:\projects\break-0.1\physics\inc\PolygonShape.hpp(73): warning C4251: 'Break::Physics::PolygonShape::m_vertices' : struct 'glm::detail::tvec2<T,P>' needs to have dll-interface to be used by clients of class 'Break::Physics::PolygonShape'
                 with
                 [
                     T=float,
                     P=0
                 ]
     1>h:\projects\break-0.1\physics\inc\PolygonShape.hpp(74): warning C4251: 'Break::Physics::PolygonShape::m_normals' : struct 'glm::detail::tvec2<T,P>' needs to have dll-interface to be used by clients of class 'Break::Physics::PolygonShape'
                 with
                 [
                     T=float,
                     P=0
                 ]
     1>h:\projects\break-0.1\physics\inc\Profile.hpp(26): warning C4251: 'Break::Physics::Position::c' : struct 'glm::detail::tvec2<T,P>' needs to have dll-interface to be used by clients of struct 'Break::Physics::Position'
                 with
                 [
                     T=float,
                     P=0
                 ]
     1>h:\projects\break-0.1\physics\inc\Profile.hpp(33): warning C4251: 'Break::Physics::Velocity::v' : struct 'glm::detail::tvec2<T,P>' needs to have dll-interface to be used by clients of struct 'Break::Physics::Velocity'
                 with
                 [
                     T=float,
                     P=0
                 ]
     1>H:\Projects\Break-0.1\Physics\inc\World2D.hpp(221): warning C4251: 'Break::Physics::World::m_gravity' : struct 'glm::detail::tvec2<T,P>' needs to have dll-interface to be used by clients of class 'Break::Physics::World'
                 with
                 [
                     T=float,
                     P=0
                 ]
     1>src\BoxBody.cpp(25): warning C4244: 'argument' : conversion from 'Break::real64' to 'Break::real32', possible loss of data
       Link:
         C:\Program Files (x86)\Microsoft Visual Studio 11.0\VC\bin\link.exe /ERRORREPORT:PROMPT /OUT:"..\bin\Release\Break_Physics.dll" /INCREMENTAL:NO /NOLOGO kernel32.lib user32.lib gdi32.lib winspool.lib comdlg32.lib advapi32.lib shell32.lib ole32.lib oleaut32.lib uuid.lib odbc32.lib odbccp32.lib /MANIFEST /MANIFESTUAC:"level='asInvoker' uiAccess='false'" /manifest:embed /PDB:"..\bin\Release\Break_Physics.pdb" /SUBSYSTEM:WINDOWS /OPT:REF /OPT:ICF /TLBID:1 /DYNAMICBASE /NXCOMPAT /IMPLIB:"..\bin\Release\Break_Physics.lib" /MACHINE:X86 /SAFESEH /DLL obj\Release\BlockAllocator.obj
         obj\Release\Body2D.obj
         obj\Release\BodyIsland.obj
         obj\Release\BoxBody.obj
         obj\Release\BroadPhase.obj
         obj\Release\ChainCircleContact.obj
         obj\Release\ChainPolygonContact.obj
         obj\Release\ChainShape.obj
         obj\Release\Chains.obj
         obj\Release\CircleBody.obj
         obj\Release\CircleCollision.obj
         obj\Release\CircleContact.obj
         obj\Release\CircleShape.obj
         obj\Release\Collision.obj
         obj\Release\Contact2D.obj
         obj\Release\ContactManager.obj
         obj\Release\ContactSolver.obj
         obj\Release\Distance.obj
         obj\Release\DistanceJoint.obj
         obj\Release\DynamicTree.obj
         obj\Release\EdgeCircleContact.obj
         obj\Release\EdgeCollision.obj
         obj\Release\EdgePolygonContact.obj
         obj\Release\EdgeShape.obj
         obj\Release\Fixture.obj
         obj\Release\FrictionJoint.obj
         obj\Release\GearJoint.obj
         obj\Release\Joint2D.obj
         obj\Release\MotorJoint.obj
         obj\Release\MouseJoint.obj
         obj\Release\PolygonCircleContact.obj
         obj\Release\PolygonCollision.obj
         obj\Release\PolygonContact.obj
         obj\Release\PolygonShape.obj
         obj\Release\PrismaticJoint.obj
         obj\Release\PullyJoint.obj
         obj\Release\RevoluteJoint.obj
         obj\Release\RopeJoint.obj
         obj\Release\StackAllocator.obj
         obj\Release\TimeOfImpact.obj
         obj\Release\WeldJoint.obj
         obj\Release\WheelJoint.obj
         obj\Release\World2D.obj
         obj\Release\WorldCallBacks.obj
         "H:\Projects\Break-0.1\bin\Release\Break_Infrastructure.lib"
            Creating library ..\bin\Release\Break_Physics.lib and object ..\bin\Release\Break_Physics.exp
         Break_Physics.vcxproj -> H:\Projects\Break-0.1\Physics\..\bin\Release\Break_Physics.dll
     1>Done Building Project "H:\Projects\Break-0.1\Physics\Break_Physics.vcxproj" (Build target(s)).

Build succeeded.

Time Elapsed 00:00:02.42
