h:\projects\break-0.1\physics\obj\release\vc140.pdb
h:\projects\break-0.1\physics\obj\release\dynamictree.obj
h:\projects\break-0.1\physics\obj\release\distancejoint.obj
h:\projects\break-0.1\physics\obj\release\distance.obj
h:\projects\break-0.1\physics\obj\release\contactsolver.obj
h:\projects\break-0.1\physics\obj\release\contactmanager.obj
h:\projects\break-0.1\physics\obj\release\contact2d.obj
h:\projects\break-0.1\physics\obj\release\collision.obj
h:\projects\break-0.1\physics\obj\release\circleshape.obj
h:\projects\break-0.1\physics\obj\release\circlecontact.obj
h:\projects\break-0.1\physics\obj\release\circlecollision.obj
h:\projects\break-0.1\physics\obj\release\circlebody.obj
h:\projects\break-0.1\physics\obj\release\chains.obj
h:\projects\break-0.1\physics\obj\release\chainshape.obj
h:\projects\break-0.1\physics\obj\release\chainpolygoncontact.obj
h:\projects\break-0.1\physics\obj\release\chaincirclecontact.obj
h:\projects\break-0.1\physics\obj\release\broadphase.obj
h:\projects\break-0.1\physics\obj\release\boxbody.obj
h:\projects\break-0.1\physics\obj\release\bodyisland.obj
h:\projects\break-0.1\physics\obj\release\body2d.obj
h:\projects\break-0.1\physics\obj\release\blockallocator.obj
h:\projects\break-0.1\physics\obj\release\timeofimpact.obj
h:\projects\break-0.1\physics\obj\release\stackallocator.obj
h:\projects\break-0.1\physics\obj\release\ropejoint.obj
h:\projects\break-0.1\physics\obj\release\revolutejoint.obj
h:\projects\break-0.1\physics\obj\release\pullyjoint.obj
h:\projects\break-0.1\physics\obj\release\prismaticjoint.obj
h:\projects\break-0.1\physics\obj\release\polygonshape.obj
h:\projects\break-0.1\physics\obj\release\polygoncontact.obj
h:\projects\break-0.1\physics\obj\release\polygoncollision.obj
h:\projects\break-0.1\physics\obj\release\polygoncirclecontact.obj
h:\projects\break-0.1\physics\obj\release\mousejoint.obj
h:\projects\break-0.1\physics\obj\release\motorjoint.obj
h:\projects\break-0.1\physics\obj\release\joint2d.obj
h:\projects\break-0.1\physics\obj\release\gearjoint.obj
h:\projects\break-0.1\physics\obj\release\frictionjoint.obj
h:\projects\break-0.1\physics\obj\release\fixture.obj
h:\projects\break-0.1\physics\obj\release\edgeshape.obj
h:\projects\break-0.1\physics\obj\release\edgepolygoncontact.obj
h:\projects\break-0.1\physics\obj\release\edgecollision.obj
h:\projects\break-0.1\physics\obj\release\edgecirclecontact.obj
h:\projects\break-0.1\physics\obj\release\worldcallbacks.obj
h:\projects\break-0.1\physics\obj\release\world2d.obj
h:\projects\break-0.1\physics\obj\release\wheeljoint.obj
h:\projects\break-0.1\physics\obj\release\weldjoint.obj
h:\projects\break-0.1\bin\release\break_physics.dll
h:\projects\break-0.1\bin\release\break_physics.lib
h:\projects\break-0.1\bin\release\break_physics.exp
h:\projects\break-0.1\physics\..\bin\release\break_physics.dll
h:\projects\break-0.1\physics\obj\release\break_physics.tlog\cl.read.1.tlog
h:\projects\break-0.1\physics\obj\release\break_physics.tlog\cl.write.1.tlog
h:\projects\break-0.1\physics\obj\release\break_physics.tlog\cl.command.1.tlog
h:\projects\break-0.1\physics\obj\release\break_physics.tlog\link.read.1.tlog
h:\projects\break-0.1\physics\obj\release\break_physics.tlog\link.write.1.tlog
h:\projects\break-0.1\physics\obj\release\break_physics.tlog\link.command.1.tlog
h:\projects\break-0.1\physics\obj\release\break_physics.tlog\break_physics.write.1u.tlog
