H:\PROJECTS\BREAK-0.1\PHYSICS\OBJ\DEBUG\TEST.OBJ
H:\PROJECTS\BREAK-0.1\PHYSICS\OBJ\DEBUG\VC110.PDB
H:\PROJECTS\BREAK-0.1\BIN\DEBUG\BREAK_PHYSICS.ILK
H:\PROJECTS\BREAK-0.1\BIN\DEBUG\BREAK_PHYSICS.DLL
H:\PROJECTS\BREAK-0.1\BIN\DEBUG\BREAK_PHYSICS.PDB
H:\Projects\Break-0.1\bin\Debug\Break_Physics.lib
H:\Projects\Break-0.1\bin\Debug\Break_Physics.exp
H:\Projects\Break-0.1\Physics\obj\Debug\Break_Physics.vcxprojResolveAssemblyReference.cache
H:\Projects\Break-0.1\Physics\obj\Debug\Test.obj
H:\Projects\Break-0.1\Physics\obj\Debug\CL.read.1.tlog
H:\Projects\Break-0.1\Physics\obj\Debug\CL.write.1.tlog
H:\Projects\Break-0.1\Physics\obj\Debug\cl.command.1.tlog
H:\Projects\Break-0.1\Physics\obj\Debug\link-rc.read.1.tlog
H:\Projects\Break-0.1\Physics\obj\Debug\link-rc.write.1.tlog
H:\Projects\Break-0.1\Physics\obj\Debug\link-cvtres.read.1.tlog
H:\Projects\Break-0.1\Physics\obj\Debug\link-cvtres.write.1.tlog
H:\Projects\Break-0.1\Physics\obj\Debug\link.read.1.tlog
H:\Projects\Break-0.1\Physics\obj\Debug\link.write.1.tlog
H:\Projects\Break-0.1\Physics\obj\Debug\link.command.1.tlog
H:\Projects\Break-0.1\Physics\obj\Debug\Break_Physics.write.1.tlog
H:\Projects\Break-0.1\Physics\obj\Debug\vc110.idb
H:\Projects\Break-0.1\Physics\obj\Debug\vc110.pdb
H:\Projects\Break-0.1\Physics\..\bin\Debug\Break_Physics.dll
