  FTRenderer.cpp
G:\Projects\Break-0.1\Infrastructure\inc\Object.hpp(28): warning C4251: 'Break::Object::id': class 'std::basic_string<char,std::char_traits<char>,std::allocator<char>>' needs to have dll-interface to be used by clients of class 'Break::Object'
G:\Projects\Break-0.1\Infrastructure\inc\ServiceException.hpp(16): warning C4275: non dll-interface class 'std::exception' used as base for dll-interface class 'Break::Infrastructure::ServiceException'
  C:\Program Files (x86)\Microsoft Visual Studio 14.0\VC\include\vcruntime_exception.h(43): note: see declaration of 'std::exception'
  G:\Projects\Break-0.1\Infrastructure\inc\ServiceException.hpp(16): note: see declaration of 'Break::Infrastructure::ServiceException'
G:\Projects\Break-0.1\Infrastructure\inc\ServiceException.hpp(19): warning C4251: 'Break::Infrastructure::ServiceException::_msg': class 'std::basic_string<char,std::char_traits<char>,std::allocator<char>>' needs to have dll-interface to be used by clients of class 'Break::Infrastructure::ServiceException'
G:\Projects\Break-0.1\Graphics\inc\FTRenderer.hpp(50): warning C4251: 'Break::Graphics::FTRenderer::m_image': class 'std::shared_ptr<Break::Infrastructure::Image>' needs to have dll-interface to be used by clients of class 'Break::Graphics::FTRenderer'
g:\projects\break-0.1\infrastructure\inc\Window.hpp(28): warning C4251: 'Break::Infrastructure::Window::m_title': class 'std::basic_string<char,std::char_traits<char>,std::allocator<char>>' needs to have dll-interface to be used by clients of class 'Break::Infrastructure::Window'
g:\projects\break-0.1\infrastructure\inc\SoundDevice.hpp(72): warning C4251: 'Break::Infrastructure::SoundDevice::m_format': struct 'Break::Infrastructure::AudioFormat' needs to have dll-interface to be used by clients of class 'Break::Infrastructure::SoundDevice'
  g:\projects\break-0.1\infrastructure\inc\SoundDevice.hpp(12): note: see declaration of 'Break::Infrastructure::AudioFormat'
g:\projects\break-0.1\infrastructure\inc\SoundDevice.hpp(74): warning C4251: 'Break::Infrastructure::SoundDevice::m_sounds': class 'std::vector<std::pair<Break::Infrastructure::SoundEffect *,bool>,std::allocator<_Ty>>' needs to have dll-interface to be used by clients of class 'Break::Infrastructure::SoundDevice'
          with
          [
              _Ty=std::pair<Break::Infrastructure::SoundEffect *,bool>
          ]
g:\projects\break-0.1\infrastructure\inc\File.hpp(22): warning C4251: 'Break::Infrastructure::File::m_path': class 'std::basic_string<char,std::char_traits<char>,std::allocator<char>>' needs to have dll-interface to be used by clients of class 'Break::Infrastructure::File'
g:\projects\break-0.1\infrastructure\inc\File.hpp(24): warning C4251: 'Break::Infrastructure::File::m_name': class 'std::basic_string<char,std::char_traits<char>,std::allocator<char>>' needs to have dll-interface to be used by clients of class 'Break::Infrastructure::File'
g:\projects\break-0.1\infrastructure\inc\MemoryElement.hpp(36): warning C4251: 'Break::Infrastructure::MemoryElement::semantic': class 'std::basic_string<char,std::char_traits<char>,std::allocator<char>>' needs to have dll-interface to be used by clients of class 'Break::Infrastructure::MemoryElement'
g:\projects\break-0.1\infrastructure\inc\MemoryLayout.hpp(27): warning C4251: 'Break::Infrastructure::MemoryLayout::elements': class 'std::vector<Break::Infrastructure::MemoryElement,std::allocator<_Ty>>' needs to have dll-interface to be used by clients of class 'Break::Infrastructure::MemoryLayout'
          with
          [
              _Ty=Break::Infrastructure::MemoryElement
          ]
g:\projects\break-0.1\infrastructure\inc\GPUResource.hpp(22): warning C4251: 'Break::Infrastructure::GPUResource::m_handle': class 'std::shared_ptr<Break::Infrastructure::GPUHandle>' needs to have dll-interface to be used by clients of class 'Break::Infrastructure::GPUResource'
g:\projects\break-0.1\infrastructure\inc\Application.hpp(19): warning C4251: 'Break::Infrastructure::Application::window': class 'std::shared_ptr<Break::Infrastructure::Window>' needs to have dll-interface to be used by clients of class 'Break::Infrastructure::Application'
g:\projects\break-0.1\infrastructure\inc\AssetManager.hpp(19): warning C4251: 'Break::Infrastructure::AssetManager::m_assetTable': class 'std::map<std::string,Break::Infrastructure::AssetPtr,std::less<_Kty>,std::allocator<std::pair<const _Kty,_Ty>>>' needs to have dll-interface to be used by clients of class 'Break::Infrastructure::AssetManager'
          with
          [
              _Kty=std::string,
              _Ty=Break::Infrastructure::AssetPtr
          ]
g:\projects\break-0.1\infrastructure\inc\UniformBuffer.hpp(21): warning C4251: 'Break::Infrastructure::UniformBuffer::m_buffer': class 'std::shared_ptr<Break::Infrastructure::RAMBuffer>' needs to have dll-interface to be used by clients of class 'Break::Infrastructure::UniformBuffer'
g:\projects\break-0.1\infrastructure\inc\GPUProgram.hpp(23): warning C4251: 'Break::Infrastructure::uniformRow::m_blockName': class 'std::basic_string<char,std::char_traits<char>,std::allocator<char>>' needs to have dll-interface to be used by clients of struct 'Break::Infrastructure::uniformRow'
g:\projects\break-0.1\infrastructure\inc\GPUProgram.hpp(30): warning C4251: 'Break::Infrastructure::samplersRow::m_state': class 'std::shared_ptr<Break::Infrastructure::SamplerState>' needs to have dll-interface to be used by clients of struct 'Break::Infrastructure::samplersRow'
g:\projects\break-0.1\infrastructure\inc\GPUProgram.hpp(44): warning C4251: 'Break::Infrastructure::GPUProgram::m_uniformBlocks': class 'std::map<std::string,std::shared_ptr<Break::Infrastructure::UniformBuffer>,std::less<_Kty>,std::allocator<std::pair<const _Kty,_Ty>>>' needs to have dll-interface to be used by clients of class 'Break::Infrastructure::GPUProgram'
          with
          [
              _Kty=std::string,
              _Ty=std::shared_ptr<Break::Infrastructure::UniformBuffer>
          ]
g:\projects\break-0.1\infrastructure\inc\GPUProgram.hpp(46): warning C4251: 'Break::Infrastructure::GPUProgram::m_uniformsTable': class 'std::map<std::string,Break::Infrastructure::uniformRow,std::less<_Kty>,std::allocator<std::pair<const _Kty,_Ty>>>' needs to have dll-interface to be used by clients of class 'Break::Infrastructure::GPUProgram'
          with
          [
              _Kty=std::string,
              _Ty=Break::Infrastructure::uniformRow
          ]
g:\projects\break-0.1\infrastructure\inc\GPUProgram.hpp(48): warning C4251: 'Break::Infrastructure::GPUProgram::m_samplersTable': class 'std::map<std::string,Break::Infrastructure::samplersRow,std::less<_Kty>,std::allocator<std::pair<const _Kty,_Ty>>>' needs to have dll-interface to be used by clients of class 'Break::Infrastructure::GPUProgram'
          with
          [
              _Kty=std::string,
              _Ty=Break::Infrastructure::samplersRow
          ]
g:\projects\break-0.1\infrastructure\inc\GPUProgram.hpp(51): warning C4251: 'Break::Infrastructure::GPUProgram::m_vs': class 'std::basic_string<char,std::char_traits<char>,std::allocator<char>>' needs to have dll-interface to be used by clients of class 'Break::Infrastructure::GPUProgram'
g:\projects\break-0.1\infrastructure\inc\GPUProgram.hpp(51): warning C4251: 'Break::Infrastructure::GPUProgram::m_ps': class 'std::basic_string<char,std::char_traits<char>,std::allocator<char>>' needs to have dll-interface to be used by clients of class 'Break::Infrastructure::GPUProgram'
g:\projects\break-0.1\infrastructure\inc\Texture.hpp(62): warning C4251: 'Break::Infrastructure::Texture::m_image': class 'std::shared_ptr<Break::Infrastructure::Image>' needs to have dll-interface to be used by clients of class 'Break::Infrastructure::Texture'
g:\projects\break-0.1\infrastructure\inc\GPUIns.hpp(21): warning C4251: 'Break::Infrastructure::GPUIns::args': class 'std::queue<Break::Infrastructure::Arg,std::deque<_Ty,std::allocator<_Ty>>>' needs to have dll-interface to be used by clients of class 'Break::Infrastructure::GPUIns'
          with
          [
              _Ty=Break::Infrastructure::Arg
          ]
g:\projects\break-0.1\infrastructure\inc\Engine.hpp(139): warning C4251: 'Break::Infrastructure::Engine::m_platform': class 'std::shared_ptr<Break::Infrastructure::OS>' needs to have dll-interface to be used by clients of class 'Break::Infrastructure::Engine'
g:\projects\break-0.1\infrastructure\inc\Engine.hpp(142): warning C4251: 'Break::Infrastructure::Engine::m_device': class 'std::shared_ptr<Break::Infrastructure::IGXDevice>' needs to have dll-interface to be used by clients of class 'Break::Infrastructure::Engine'
g:\projects\break-0.1\infrastructure\inc\Engine.hpp(145): warning C4251: 'Break::Infrastructure::Engine::m_app': class 'std::shared_ptr<Break::Infrastructure::Application>' needs to have dll-interface to be used by clients of class 'Break::Infrastructure::Engine'
g:\projects\break-0.1\infrastructure\inc\Engine.hpp(157): warning C4251: 'Break::Infrastructure::Engine::m_inputDevices': class 'std::vector<Break::Infrastructure::InputDevicePtr,std::allocator<_Ty>>' needs to have dll-interface to be used by clients of class 'Break::Infrastructure::Engine'
          with
          [
              _Ty=Break::Infrastructure::InputDevicePtr
          ]
g:\projects\break-0.1\infrastructure\inc\Engine.hpp(163): warning C4251: 'Break::Infrastructure::Engine::m_assetManager': class 'std::shared_ptr<Break::Infrastructure::AssetManager>' needs to have dll-interface to be used by clients of class 'Break::Infrastructure::Engine'
g:\projects\break-0.1\infrastructure\inc\Engine.hpp(166): warning C4251: 'Break::Infrastructure::Engine::m_GPU_VM': class 'std::shared_ptr<Break::Infrastructure::GPU_VM>' needs to have dll-interface to be used by clients of class 'Break::Infrastructure::Engine'
g:\projects\break-0.1\infrastructure\inc\Engine.hpp(169): warning C4251: 'Break::Infrastructure::Engine::m_soundDevice': class 'std::shared_ptr<Break::Infrastructure::ISoundDevice>' needs to have dll-interface to be used by clients of class 'Break::Infrastructure::Engine'
src\FTRenderer.cpp(90): warning C4018: '<': signed/unsigned mismatch
src\FTRenderer.cpp(114): warning C4018: '<': signed/unsigned mismatch
src\FTRenderer.cpp(116): warning C4018: '<': signed/unsigned mismatch
src\FTRenderer.cpp(147): warning C4018: '<': signed/unsigned mismatch
src\FTRenderer.cpp(198): warning C4018: '<': signed/unsigned mismatch
src\FTRenderer.cpp(207): warning C4018: '<': signed/unsigned mismatch
src\FTRenderer.cpp(209): warning C4018: '<': signed/unsigned mismatch
  FontFace.cpp
G:\Projects\Break-0.1\Infrastructure\inc\Object.hpp(28): warning C4251: 'Break::Object::id': class 'std::basic_string<char,std::char_traits<char>,std::allocator<char>>' needs to have dll-interface to be used by clients of class 'Break::Object'
g:\projects\break-0.1\infrastructure\inc\ServiceException.hpp(16): warning C4275: non dll-interface class 'std::exception' used as base for dll-interface class 'Break::Infrastructure::ServiceException'
  C:\Program Files (x86)\Microsoft Visual Studio 14.0\VC\include\vcruntime_exception.h(43): note: see declaration of 'std::exception'
  g:\projects\break-0.1\infrastructure\inc\ServiceException.hpp(16): note: see declaration of 'Break::Infrastructure::ServiceException'
g:\projects\break-0.1\infrastructure\inc\ServiceException.hpp(19): warning C4251: 'Break::Infrastructure::ServiceException::_msg': class 'std::basic_string<char,std::char_traits<char>,std::allocator<char>>' needs to have dll-interface to be used by clients of class 'Break::Infrastructure::ServiceException'
G:\Projects\Break-0.1\Graphics\inc\FTRenderer.hpp(50): warning C4251: 'Break::Graphics::FTRenderer::m_image': class 'std::shared_ptr<Break::Infrastructure::Image>' needs to have dll-interface to be used by clients of class 'Break::Graphics::FTRenderer'
  ShapeBatch.cpp
g:\projects\break-0.1\infrastructure\inc\Object.hpp(28): warning C4251: 'Break::Object::id': class 'std::basic_string<char,std::char_traits<char>,std::allocator<char>>' needs to have dll-interface to be used by clients of class 'Break::Object'
g:\projects\break-0.1\infrastructure\inc\GPUResource.hpp(22): warning C4251: 'Break::Infrastructure::GPUResource::m_handle': class 'std::shared_ptr<Break::Infrastructure::GPUHandle>' needs to have dll-interface to be used by clients of class 'Break::Infrastructure::GPUResource'
g:\projects\break-0.1\infrastructure\inc\MemoryElement.hpp(36): warning C4251: 'Break::Infrastructure::MemoryElement::semantic': class 'std::basic_string<char,std::char_traits<char>,std::allocator<char>>' needs to have dll-interface to be used by clients of class 'Break::Infrastructure::MemoryElement'
g:\projects\break-0.1\infrastructure\inc\MemoryLayout.hpp(27): warning C4251: 'Break::Infrastructure::MemoryLayout::elements': class 'std::vector<Break::Infrastructure::MemoryElement,std::allocator<_Ty>>' needs to have dll-interface to be used by clients of class 'Break::Infrastructure::MemoryLayout'
          with
          [
              _Ty=Break::Infrastructure::MemoryElement
          ]
g:\projects\break-0.1\infrastructure\inc\UniformBuffer.hpp(21): warning C4251: 'Break::Infrastructure::UniformBuffer::m_buffer': class 'std::shared_ptr<Break::Infrastructure::RAMBuffer>' needs to have dll-interface to be used by clients of class 'Break::Infrastructure::UniformBuffer'
g:\projects\break-0.1\infrastructure\inc\GPUProgram.hpp(23): warning C4251: 'Break::Infrastructure::uniformRow::m_blockName': class 'std::basic_string<char,std::char_traits<char>,std::allocator<char>>' needs to have dll-interface to be used by clients of struct 'Break::Infrastructure::uniformRow'
g:\projects\break-0.1\infrastructure\inc\GPUProgram.hpp(30): warning C4251: 'Break::Infrastructure::samplersRow::m_state': class 'std::shared_ptr<Break::Infrastructure::SamplerState>' needs to have dll-interface to be used by clients of struct 'Break::Infrastructure::samplersRow'
g:\projects\break-0.1\infrastructure\inc\GPUProgram.hpp(44): warning C4251: 'Break::Infrastructure::GPUProgram::m_uniformBlocks': class 'std::map<std::string,std::shared_ptr<Break::Infrastructure::UniformBuffer>,std::less<_Kty>,std::allocator<std::pair<const _Kty,_Ty>>>' needs to have dll-interface to be used by clients of class 'Break::Infrastructure::GPUProgram'
          with
          [
              _Kty=std::string,
              _Ty=std::shared_ptr<Break::Infrastructure::UniformBuffer>
          ]
g:\projects\break-0.1\infrastructure\inc\GPUProgram.hpp(46): warning C4251: 'Break::Infrastructure::GPUProgram::m_uniformsTable': class 'std::map<std::string,Break::Infrastructure::uniformRow,std::less<_Kty>,std::allocator<std::pair<const _Kty,_Ty>>>' needs to have dll-interface to be used by clients of class 'Break::Infrastructure::GPUProgram'
          with
          [
              _Kty=std::string,
              _Ty=Break::Infrastructure::uniformRow
          ]
g:\projects\break-0.1\infrastructure\inc\GPUProgram.hpp(48): warning C4251: 'Break::Infrastructure::GPUProgram::m_samplersTable': class 'std::map<std::string,Break::Infrastructure::samplersRow,std::less<_Kty>,std::allocator<std::pair<const _Kty,_Ty>>>' needs to have dll-interface to be used by clients of class 'Break::Infrastructure::GPUProgram'
          with
          [
              _Kty=std::string,
              _Ty=Break::Infrastructure::samplersRow
          ]
g:\projects\break-0.1\infrastructure\inc\GPUProgram.hpp(51): warning C4251: 'Break::Infrastructure::GPUProgram::m_vs': class 'std::basic_string<char,std::char_traits<char>,std::allocator<char>>' needs to have dll-interface to be used by clients of class 'Break::Infrastructure::GPUProgram'
g:\projects\break-0.1\infrastructure\inc\GPUProgram.hpp(51): warning C4251: 'Break::Infrastructure::GPUProgram::m_ps': class 'std::basic_string<char,std::char_traits<char>,std::allocator<char>>' needs to have dll-interface to be used by clients of class 'Break::Infrastructure::GPUProgram'
g:\projects\break-0.1\infrastructure\inc\Texture.hpp(62): warning C4251: 'Break::Infrastructure::Texture::m_image': class 'std::shared_ptr<Break::Infrastructure::Image>' needs to have dll-interface to be used by clients of class 'Break::Infrastructure::Texture'
g:\projects\break-0.1\infrastructure\inc\GPUIns.hpp(21): warning C4251: 'Break::Infrastructure::GPUIns::args': class 'std::queue<Break::Infrastructure::Arg,std::deque<_Ty,std::allocator<_Ty>>>' needs to have dll-interface to be used by clients of class 'Break::Infrastructure::GPUIns'
          with
          [
              _Ty=Break::Infrastructure::Arg
          ]
g:\projects\break-0.1\infrastructure\inc\ServiceException.hpp(16): warning C4275: non dll-interface class 'std::exception' used as base for dll-interface class 'Break::Infrastructure::ServiceException'
  C:\Program Files (x86)\Microsoft Visual Studio 14.0\VC\include\vcruntime_exception.h(43): note: see declaration of 'std::exception'
  g:\projects\break-0.1\infrastructure\inc\ServiceException.hpp(16): note: see declaration of 'Break::Infrastructure::ServiceException'
g:\projects\break-0.1\infrastructure\inc\ServiceException.hpp(19): warning C4251: 'Break::Infrastructure::ServiceException::_msg': class 'std::basic_string<char,std::char_traits<char>,std::allocator<char>>' needs to have dll-interface to be used by clients of class 'Break::Infrastructure::ServiceException'
g:\projects\break-0.1\infrastructure\inc\Window.hpp(28): warning C4251: 'Break::Infrastructure::Window::m_title': class 'std::basic_string<char,std::char_traits<char>,std::allocator<char>>' needs to have dll-interface to be used by clients of class 'Break::Infrastructure::Window'
g:\projects\break-0.1\infrastructure\inc\SoundDevice.hpp(72): warning C4251: 'Break::Infrastructure::SoundDevice::m_format': struct 'Break::Infrastructure::AudioFormat' needs to have dll-interface to be used by clients of class 'Break::Infrastructure::SoundDevice'
  g:\projects\break-0.1\infrastructure\inc\SoundDevice.hpp(12): note: see declaration of 'Break::Infrastructure::AudioFormat'
g:\projects\break-0.1\infrastructure\inc\SoundDevice.hpp(74): warning C4251: 'Break::Infrastructure::SoundDevice::m_sounds': class 'std::vector<std::pair<Break::Infrastructure::SoundEffect *,bool>,std::allocator<_Ty>>' needs to have dll-interface to be used by clients of class 'Break::Infrastructure::SoundDevice'
          with
          [
              _Ty=std::pair<Break::Infrastructure::SoundEffect *,bool>
          ]
g:\projects\break-0.1\infrastructure\inc\File.hpp(22): warning C4251: 'Break::Infrastructure::File::m_path': class 'std::basic_string<char,std::char_traits<char>,std::allocator<char>>' needs to have dll-interface to be used by clients of class 'Break::Infrastructure::File'
g:\projects\break-0.1\infrastructure\inc\File.hpp(24): warning C4251: 'Break::Infrastructure::File::m_name': class 'std::basic_string<char,std::char_traits<char>,std::allocator<char>>' needs to have dll-interface to be used by clients of class 'Break::Infrastructure::File'
g:\projects\break-0.1\infrastructure\inc\Application.hpp(19): warning C4251: 'Break::Infrastructure::Application::window': class 'std::shared_ptr<Break::Infrastructure::Window>' needs to have dll-interface to be used by clients of class 'Break::Infrastructure::Application'
g:\projects\break-0.1\infrastructure\inc\AssetManager.hpp(19): warning C4251: 'Break::Infrastructure::AssetManager::m_assetTable': class 'std::map<std::string,Break::Infrastructure::AssetPtr,std::less<_Kty>,std::allocator<std::pair<const _Kty,_Ty>>>' needs to have dll-interface to be used by clients of class 'Break::Infrastructure::AssetManager'
          with
          [
              _Kty=std::string,
              _Ty=Break::Infrastructure::AssetPtr
          ]
g:\projects\break-0.1\infrastructure\inc\Engine.hpp(139): warning C4251: 'Break::Infrastructure::Engine::m_platform': class 'std::shared_ptr<Break::Infrastructure::OS>' needs to have dll-interface to be used by clients of class 'Break::Infrastructure::Engine'
g:\projects\break-0.1\infrastructure\inc\Engine.hpp(142): warning C4251: 'Break::Infrastructure::Engine::m_device': class 'std::shared_ptr<Break::Infrastructure::IGXDevice>' needs to have dll-interface to be used by clients of class 'Break::Infrastructure::Engine'
g:\projects\break-0.1\infrastructure\inc\Engine.hpp(145): warning C4251: 'Break::Infrastructure::Engine::m_app': class 'std::shared_ptr<Break::Infrastructure::Application>' needs to have dll-interface to be used by clients of class 'Break::Infrastructure::Engine'
g:\projects\break-0.1\infrastructure\inc\Engine.hpp(157): warning C4251: 'Break::Infrastructure::Engine::m_inputDevices': class 'std::vector<Break::Infrastructure::InputDevicePtr,std::allocator<_Ty>>' needs to have dll-interface to be used by clients of class 'Break::Infrastructure::Engine'
          with
          [
              _Ty=Break::Infrastructure::InputDevicePtr
          ]
g:\projects\break-0.1\infrastructure\inc\Engine.hpp(163): warning C4251: 'Break::Infrastructure::Engine::m_assetManager': class 'std::shared_ptr<Break::Infrastructure::AssetManager>' needs to have dll-interface to be used by clients of class 'Break::Infrastructure::Engine'
g:\projects\break-0.1\infrastructure\inc\Engine.hpp(166): warning C4251: 'Break::Infrastructure::Engine::m_GPU_VM': class 'std::shared_ptr<Break::Infrastructure::GPU_VM>' needs to have dll-interface to be used by clients of class 'Break::Infrastructure::Engine'
g:\projects\break-0.1\infrastructure\inc\Engine.hpp(169): warning C4251: 'Break::Infrastructure::Engine::m_soundDevice': class 'std::shared_ptr<Break::Infrastructure::ISoundDevice>' needs to have dll-interface to be used by clients of class 'Break::Infrastructure::Engine'
g:\projects\break-0.1\infrastructure\inc\VertexBuffer.hpp(26): warning C4251: 'Break::Infrastructure::VertexBuffer::m_buffer': class 'std::shared_ptr<Break::Infrastructure::RAMBuffer>' needs to have dll-interface to be used by clients of class 'Break::Infrastructure::VertexBuffer'
g:\projects\break-0.1\infrastructure\inc\IndexSet.hpp(18): warning C4251: 'Break::Infrastructure::IndexSet::m_data': class 'std::vector<Break::u32,std::allocator<_Ty>>' needs to have dll-interface to be used by clients of class 'Break::Infrastructure::IndexSet'
          with
          [
              _Ty=Break::u32
          ]
g:\projects\break-0.1\infrastructure\inc\IndexBuffer.hpp(22): warning C4251: 'Break::Infrastructure::IndexBuffer::m_buffer': class 'std::shared_ptr<Break::Infrastructure::RAMBuffer>' needs to have dll-interface to be used by clients of class 'Break::Infrastructure::IndexBuffer'
G:\Projects\Break-0.1\Infrastructure\inc\Geometry.hpp(20): warning C4251: 'Break::Infrastructure::Geometry::m_vertexBuffer': class 'std::shared_ptr<Break::Infrastructure::VertexBuffer>' needs to have dll-interface to be used by clients of class 'Break::Infrastructure::Geometry'
G:\Projects\Break-0.1\Infrastructure\inc\Geometry.hpp(21): warning C4251: 'Break::Infrastructure::Geometry::m_indexBuffer': class 'std::shared_ptr<Break::Infrastructure::IndexBuffer>' needs to have dll-interface to be used by clients of class 'Break::Infrastructure::Geometry'
G:\Projects\Break-0.1\Infrastructure\inc\Vertex2DPosColorTex.hpp(16): warning C4251: 'Break::Infrastructure::Vertex2DPosColorTex::position': struct 'glm::detail::tvec2<float,0>' needs to have dll-interface to be used by clients of class 'Break::Infrastructure::Vertex2DPosColorTex'
G:\Projects\Break-0.1\Infrastructure\inc\Vertex2DPosColorTex.hpp(17): warning C4251: 'Break::Infrastructure::Vertex2DPosColorTex::color': struct 'glm::detail::tvec4<float,0>' needs to have dll-interface to be used by clients of class 'Break::Infrastructure::Vertex2DPosColorTex'
G:\Projects\Break-0.1\Infrastructure\inc\Vertex2DPosColorTex.hpp(18): warning C4251: 'Break::Infrastructure::Vertex2DPosColorTex::texCoord': struct 'glm::detail::tvec2<float,0>' needs to have dll-interface to be used by clients of class 'Break::Infrastructure::Vertex2DPosColorTex'
G:\Projects\Break-0.1\Graphics\inc\ShapeBatch.h(23): warning C4251: 'Break::Graphics::ShapeBatch::m_vertices': class 'Break::Infrastructure::VertexSet<Break::Infrastructure::Vertex2DPosColorTex>' needs to have dll-interface to be used by clients of class 'Break::Graphics::ShapeBatch'
G:\Projects\Break-0.1\Graphics\inc\ShapeBatch.h(27): warning C4251: 'Break::Graphics::ShapeBatch::m_geometry': class 'std::shared_ptr<Break::Infrastructure::Geometry>' needs to have dll-interface to be used by clients of class 'Break::Graphics::ShapeBatch'
src\ShapeBatch.cpp(70): warning C4018: '<': signed/unsigned mismatch
C:\Program Files (x86)\Microsoft Visual Studio 14.0\VC\include\memory(901): warning C4244: 'argument': conversion from '__int64' to 'Break::u32', possible loss of data
  C:\Program Files (x86)\Microsoft Visual Studio 14.0\VC\include\memory(971): note: see reference to function template instantiation 'std::_Ref_count_obj<_Ty>::_Ref_count_obj<__int64>(__int64 &&)' being compiled
          with
          [
              _Ty=Break::Infrastructure::RAMBuffer
          ]
  C:\Program Files (x86)\Microsoft Visual Studio 14.0\VC\include\memory(971): note: see reference to function template instantiation 'std::_Ref_count_obj<_Ty>::_Ref_count_obj<__int64>(__int64 &&)' being compiled
          with
          [
              _Ty=Break::Infrastructure::RAMBuffer
          ]
  g:\projects\break-0.1\infrastructure\inc\VertexBuffer.hpp(104): note: see reference to function template instantiation 'std::shared_ptr<Break::Infrastructure::RAMBuffer> std::make_shared<Break::Infrastructure::RAMBuffer,__int64>(__int64 &&)' being compiled
  SpriteBatch.cpp
g:\projects\break-0.1\infrastructure\inc\Object.hpp(28): warning C4251: 'Break::Object::id': class 'std::basic_string<char,std::char_traits<char>,std::allocator<char>>' needs to have dll-interface to be used by clients of class 'Break::Object'
g:\projects\break-0.1\infrastructure\inc\GPUResource.hpp(22): warning C4251: 'Break::Infrastructure::GPUResource::m_handle': class 'std::shared_ptr<Break::Infrastructure::GPUHandle>' needs to have dll-interface to be used by clients of class 'Break::Infrastructure::GPUResource'
g:\projects\break-0.1\infrastructure\inc\MemoryElement.hpp(36): warning C4251: 'Break::Infrastructure::MemoryElement::semantic': class 'std::basic_string<char,std::char_traits<char>,std::allocator<char>>' needs to have dll-interface to be used by clients of class 'Break::Infrastructure::MemoryElement'
g:\projects\break-0.1\infrastructure\inc\MemoryLayout.hpp(27): warning C4251: 'Break::Infrastructure::MemoryLayout::elements': class 'std::vector<Break::Infrastructure::MemoryElement,std::allocator<_Ty>>' needs to have dll-interface to be used by clients of class 'Break::Infrastructure::MemoryLayout'
          with
          [
              _Ty=Break::Infrastructure::MemoryElement
          ]
g:\projects\break-0.1\infrastructure\inc\UniformBuffer.hpp(21): warning C4251: 'Break::Infrastructure::UniformBuffer::m_buffer': class 'std::shared_ptr<Break::Infrastructure::RAMBuffer>' needs to have dll-interface to be used by clients of class 'Break::Infrastructure::UniformBuffer'
g:\projects\break-0.1\infrastructure\inc\GPUProgram.hpp(23): warning C4251: 'Break::Infrastructure::uniformRow::m_blockName': class 'std::basic_string<char,std::char_traits<char>,std::allocator<char>>' needs to have dll-interface to be used by clients of struct 'Break::Infrastructure::uniformRow'
g:\projects\break-0.1\infrastructure\inc\GPUProgram.hpp(30): warning C4251: 'Break::Infrastructure::samplersRow::m_state': class 'std::shared_ptr<Break::Infrastructure::SamplerState>' needs to have dll-interface to be used by clients of struct 'Break::Infrastructure::samplersRow'
g:\projects\break-0.1\infrastructure\inc\GPUProgram.hpp(44): warning C4251: 'Break::Infrastructure::GPUProgram::m_uniformBlocks': class 'std::map<std::string,std::shared_ptr<Break::Infrastructure::UniformBuffer>,std::less<_Kty>,std::allocator<std::pair<const _Kty,_Ty>>>' needs to have dll-interface to be used by clients of class 'Break::Infrastructure::GPUProgram'
          with
          [
              _Kty=std::string,
              _Ty=std::shared_ptr<Break::Infrastructure::UniformBuffer>
          ]
g:\projects\break-0.1\infrastructure\inc\GPUProgram.hpp(46): warning C4251: 'Break::Infrastructure::GPUProgram::m_uniformsTable': class 'std::map<std::string,Break::Infrastructure::uniformRow,std::less<_Kty>,std::allocator<std::pair<const _Kty,_Ty>>>' needs to have dll-interface to be used by clients of class 'Break::Infrastructure::GPUProgram'
          with
          [
              _Kty=std::string,
              _Ty=Break::Infrastructure::uniformRow
          ]
g:\projects\break-0.1\infrastructure\inc\GPUProgram.hpp(48): warning C4251: 'Break::Infrastructure::GPUProgram::m_samplersTable': class 'std::map<std::string,Break::Infrastructure::samplersRow,std::less<_Kty>,std::allocator<std::pair<const _Kty,_Ty>>>' needs to have dll-interface to be used by clients of class 'Break::Infrastructure::GPUProgram'
          with
          [
              _Kty=std::string,
              _Ty=Break::Infrastructure::samplersRow
          ]
g:\projects\break-0.1\infrastructure\inc\GPUProgram.hpp(51): warning C4251: 'Break::Infrastructure::GPUProgram::m_vs': class 'std::basic_string<char,std::char_traits<char>,std::allocator<char>>' needs to have dll-interface to be used by clients of class 'Break::Infrastructure::GPUProgram'
g:\projects\break-0.1\infrastructure\inc\GPUProgram.hpp(51): warning C4251: 'Break::Infrastructure::GPUProgram::m_ps': class 'std::basic_string<char,std::char_traits<char>,std::allocator<char>>' needs to have dll-interface to be used by clients of class 'Break::Infrastructure::GPUProgram'
g:\projects\break-0.1\infrastructure\inc\Texture.hpp(62): warning C4251: 'Break::Infrastructure::Texture::m_image': class 'std::shared_ptr<Break::Infrastructure::Image>' needs to have dll-interface to be used by clients of class 'Break::Infrastructure::Texture'
g:\projects\break-0.1\infrastructure\inc\GPUIns.hpp(21): warning C4251: 'Break::Infrastructure::GPUIns::args': class 'std::queue<Break::Infrastructure::Arg,std::deque<_Ty,std::allocator<_Ty>>>' needs to have dll-interface to be used by clients of class 'Break::Infrastructure::GPUIns'
          with
          [
              _Ty=Break::Infrastructure::Arg
          ]
g:\projects\break-0.1\infrastructure\inc\ServiceException.hpp(16): warning C4275: non dll-interface class 'std::exception' used as base for dll-interface class 'Break::Infrastructure::ServiceException'
  C:\Program Files (x86)\Microsoft Visual Studio 14.0\VC\include\vcruntime_exception.h(43): note: see declaration of 'std::exception'
  g:\projects\break-0.1\infrastructure\inc\ServiceException.hpp(16): note: see declaration of 'Break::Infrastructure::ServiceException'
g:\projects\break-0.1\infrastructure\inc\ServiceException.hpp(19): warning C4251: 'Break::Infrastructure::ServiceException::_msg': class 'std::basic_string<char,std::char_traits<char>,std::allocator<char>>' needs to have dll-interface to be used by clients of class 'Break::Infrastructure::ServiceException'
g:\projects\break-0.1\infrastructure\inc\Window.hpp(28): warning C4251: 'Break::Infrastructure::Window::m_title': class 'std::basic_string<char,std::char_traits<char>,std::allocator<char>>' needs to have dll-interface to be used by clients of class 'Break::Infrastructure::Window'
g:\projects\break-0.1\infrastructure\inc\SoundDevice.hpp(72): warning C4251: 'Break::Infrastructure::SoundDevice::m_format': struct 'Break::Infrastructure::AudioFormat' needs to have dll-interface to be used by clients of class 'Break::Infrastructure::SoundDevice'
  g:\projects\break-0.1\infrastructure\inc\SoundDevice.hpp(12): note: see declaration of 'Break::Infrastructure::AudioFormat'
g:\projects\break-0.1\infrastructure\inc\SoundDevice.hpp(74): warning C4251: 'Break::Infrastructure::SoundDevice::m_sounds': class 'std::vector<std::pair<Break::Infrastructure::SoundEffect *,bool>,std::allocator<_Ty>>' needs to have dll-interface to be used by clients of class 'Break::Infrastructure::SoundDevice'
          with
          [
              _Ty=std::pair<Break::Infrastructure::SoundEffect *,bool>
          ]
g:\projects\break-0.1\infrastructure\inc\File.hpp(22): warning C4251: 'Break::Infrastructure::File::m_path': class 'std::basic_string<char,std::char_traits<char>,std::allocator<char>>' needs to have dll-interface to be used by clients of class 'Break::Infrastructure::File'
g:\projects\break-0.1\infrastructure\inc\File.hpp(24): warning C4251: 'Break::Infrastructure::File::m_name': class 'std::basic_string<char,std::char_traits<char>,std::allocator<char>>' needs to have dll-interface to be used by clients of class 'Break::Infrastructure::File'
g:\projects\break-0.1\infrastructure\inc\Application.hpp(19): warning C4251: 'Break::Infrastructure::Application::window': class 'std::shared_ptr<Break::Infrastructure::Window>' needs to have dll-interface to be used by clients of class 'Break::Infrastructure::Application'
g:\projects\break-0.1\infrastructure\inc\AssetManager.hpp(19): warning C4251: 'Break::Infrastructure::AssetManager::m_assetTable': class 'std::map<std::string,Break::Infrastructure::AssetPtr,std::less<_Kty>,std::allocator<std::pair<const _Kty,_Ty>>>' needs to have dll-interface to be used by clients of class 'Break::Infrastructure::AssetManager'
          with
          [
              _Kty=std::string,
              _Ty=Break::Infrastructure::AssetPtr
          ]
g:\projects\break-0.1\infrastructure\inc\Engine.hpp(139): warning C4251: 'Break::Infrastructure::Engine::m_platform': class 'std::shared_ptr<Break::Infrastructure::OS>' needs to have dll-interface to be used by clients of class 'Break::Infrastructure::Engine'
g:\projects\break-0.1\infrastructure\inc\Engine.hpp(142): warning C4251: 'Break::Infrastructure::Engine::m_device': class 'std::shared_ptr<Break::Infrastructure::IGXDevice>' needs to have dll-interface to be used by clients of class 'Break::Infrastructure::Engine'
g:\projects\break-0.1\infrastructure\inc\Engine.hpp(145): warning C4251: 'Break::Infrastructure::Engine::m_app': class 'std::shared_ptr<Break::Infrastructure::Application>' needs to have dll-interface to be used by clients of class 'Break::Infrastructure::Engine'
g:\projects\break-0.1\infrastructure\inc\Engine.hpp(157): warning C4251: 'Break::Infrastructure::Engine::m_inputDevices': class 'std::vector<Break::Infrastructure::InputDevicePtr,std::allocator<_Ty>>' needs to have dll-interface to be used by clients of class 'Break::Infrastructure::Engine'
          with
          [
              _Ty=Break::Infrastructure::InputDevicePtr
          ]
g:\projects\break-0.1\infrastructure\inc\Engine.hpp(163): warning C4251: 'Break::Infrastructure::Engine::m_assetManager': class 'std::shared_ptr<Break::Infrastructure::AssetManager>' needs to have dll-interface to be used by clients of class 'Break::Infrastructure::Engine'
g:\projects\break-0.1\infrastructure\inc\Engine.hpp(166): warning C4251: 'Break::Infrastructure::Engine::m_GPU_VM': class 'std::shared_ptr<Break::Infrastructure::GPU_VM>' needs to have dll-interface to be used by clients of class 'Break::Infrastructure::Engine'
g:\projects\break-0.1\infrastructure\inc\Engine.hpp(169): warning C4251: 'Break::Infrastructure::Engine::m_soundDevice': class 'std::shared_ptr<Break::Infrastructure::ISoundDevice>' needs to have dll-interface to be used by clients of class 'Break::Infrastructure::Engine'
g:\projects\break-0.1\infrastructure\inc\VertexBuffer.hpp(26): warning C4251: 'Break::Infrastructure::VertexBuffer::m_buffer': class 'std::shared_ptr<Break::Infrastructure::RAMBuffer>' needs to have dll-interface to be used by clients of class 'Break::Infrastructure::VertexBuffer'
g:\projects\break-0.1\infrastructure\inc\IndexSet.hpp(18): warning C4251: 'Break::Infrastructure::IndexSet::m_data': class 'std::vector<Break::u32,std::allocator<_Ty>>' needs to have dll-interface to be used by clients of class 'Break::Infrastructure::IndexSet'
          with
          [
              _Ty=Break::u32
          ]
g:\projects\break-0.1\infrastructure\inc\IndexBuffer.hpp(22): warning C4251: 'Break::Infrastructure::IndexBuffer::m_buffer': class 'std::shared_ptr<Break::Infrastructure::RAMBuffer>' needs to have dll-interface to be used by clients of class 'Break::Infrastructure::IndexBuffer'
G:\Projects\Break-0.1\Infrastructure\inc\Geometry.hpp(20): warning C4251: 'Break::Infrastructure::Geometry::m_vertexBuffer': class 'std::shared_ptr<Break::Infrastructure::VertexBuffer>' needs to have dll-interface to be used by clients of class 'Break::Infrastructure::Geometry'
G:\Projects\Break-0.1\Infrastructure\inc\Geometry.hpp(21): warning C4251: 'Break::Infrastructure::Geometry::m_indexBuffer': class 'std::shared_ptr<Break::Infrastructure::IndexBuffer>' needs to have dll-interface to be used by clients of class 'Break::Infrastructure::Geometry'
G:\Projects\Break-0.1\Infrastructure\inc\Vertex2DPosColorTex.hpp(16): warning C4251: 'Break::Infrastructure::Vertex2DPosColorTex::position': struct 'glm::detail::tvec2<float,0>' needs to have dll-interface to be used by clients of class 'Break::Infrastructure::Vertex2DPosColorTex'
G:\Projects\Break-0.1\Infrastructure\inc\Vertex2DPosColorTex.hpp(17): warning C4251: 'Break::Infrastructure::Vertex2DPosColorTex::color': struct 'glm::detail::tvec4<float,0>' needs to have dll-interface to be used by clients of class 'Break::Infrastructure::Vertex2DPosColorTex'
G:\Projects\Break-0.1\Infrastructure\inc\Vertex2DPosColorTex.hpp(18): warning C4251: 'Break::Infrastructure::Vertex2DPosColorTex::texCoord': struct 'glm::detail::tvec2<float,0>' needs to have dll-interface to be used by clients of class 'Break::Infrastructure::Vertex2DPosColorTex'
G:\Projects\Break-0.1\Graphics\inc\SpriteBatch.hpp(30): warning C4251: 'Break::Graphics::SpriteBatch::m_vertices': class 'Break::Infrastructure::VertexSet<Break::Infrastructure::Vertex2DPosColorTex>' needs to have dll-interface to be used by clients of class 'Break::Graphics::SpriteBatch'
G:\Projects\Break-0.1\Graphics\inc\SpriteBatch.hpp(34): warning C4251: 'Break::Graphics::SpriteBatch::m_geometry': class 'std::shared_ptr<Break::Infrastructure::Geometry>' needs to have dll-interface to be used by clients of class 'Break::Graphics::SpriteBatch'
G:\Projects\Break-0.1\Infrastructure\inc\MathUtils.hpp(85): warning C4244: 'return': conversion from 'glm::length_t' to 'Break::real32', possible loss of data
g:\projects\break-0.1\graphics\inc\Entity.hpp(19): warning C4251: 'Break::Graphics::Entity::m_children': class 'std::vector<std::shared_ptr<Break::Graphics::Entity>,std::allocator<_Ty>>' needs to have dll-interface to be used by clients of class 'Break::Graphics::Entity'
          with
          [
              _Ty=std::shared_ptr<Break::Graphics::Entity>
          ]
g:\projects\break-0.1\graphics\inc\Entity.hpp(22): warning C4251: 'Break::Graphics::Entity::m_components': class 'std::vector<Break::Graphics::ComponentPtr,std::allocator<_Ty>>' needs to have dll-interface to be used by clients of class 'Break::Graphics::Entity'
          with
          [
              _Ty=Break::Graphics::ComponentPtr
          ]
G:\Projects\Break-0.1\Graphics\inc\Sprite.hpp(41): warning C4251: 'Break::Graphics::Sprite::texture': class 'std::shared_ptr<Break::Infrastructure::Texture2D>' needs to have dll-interface to be used by clients of class 'Break::Graphics::Sprite'
G:\Projects\Break-0.1\Graphics\inc\Sprite.hpp(50): warning C4251: 'Break::Graphics::Sprite::origin': struct 'glm::detail::tvec2<float,0>' needs to have dll-interface to be used by clients of class 'Break::Graphics::Sprite'
C:\Program Files (x86)\Microsoft Visual Studio 14.0\VC\include\memory(901): warning C4244: 'argument': conversion from '__int64' to 'Break::u32', possible loss of data
  C:\Program Files (x86)\Microsoft Visual Studio 14.0\VC\include\memory(971): note: see reference to function template instantiation 'std::_Ref_count_obj<_Ty>::_Ref_count_obj<__int64>(__int64 &&)' being compiled
          with
          [
              _Ty=Break::Infrastructure::RAMBuffer
          ]
  C:\Program Files (x86)\Microsoft Visual Studio 14.0\VC\include\memory(971): note: see reference to function template instantiation 'std::_Ref_count_obj<_Ty>::_Ref_count_obj<__int64>(__int64 &&)' being compiled
          with
          [
              _Ty=Break::Infrastructure::RAMBuffer
          ]
  g:\projects\break-0.1\infrastructure\inc\VertexBuffer.hpp(104): note: see reference to function template instantiation 'std::shared_ptr<Break::Infrastructure::RAMBuffer> std::make_shared<Break::Infrastructure::RAMBuffer,__int64>(__int64 &&)' being compiled
  Text.cpp
G:\Projects\Break-0.1\Infrastructure\inc\Object.hpp(28): warning C4251: 'Break::Object::id': class 'std::basic_string<char,std::char_traits<char>,std::allocator<char>>' needs to have dll-interface to be used by clients of class 'Break::Object'
g:\projects\break-0.1\infrastructure\inc\MemoryElement.hpp(36): warning C4251: 'Break::Infrastructure::MemoryElement::semantic': class 'std::basic_string<char,std::char_traits<char>,std::allocator<char>>' needs to have dll-interface to be used by clients of class 'Break::Infrastructure::MemoryElement'
g:\projects\break-0.1\infrastructure\inc\MemoryLayout.hpp(27): warning C4251: 'Break::Infrastructure::MemoryLayout::elements': class 'std::vector<Break::Infrastructure::MemoryElement,std::allocator<_Ty>>' needs to have dll-interface to be used by clients of class 'Break::Infrastructure::MemoryLayout'
          with
          [
              _Ty=Break::Infrastructure::MemoryElement
          ]
g:\projects\break-0.1\infrastructure\inc\GPUResource.hpp(22): warning C4251: 'Break::Infrastructure::GPUResource::m_handle': class 'std::shared_ptr<Break::Infrastructure::GPUHandle>' needs to have dll-interface to be used by clients of class 'Break::Infrastructure::GPUResource'
g:\projects\break-0.1\infrastructure\inc\UniformBuffer.hpp(21): warning C4251: 'Break::Infrastructure::UniformBuffer::m_buffer': class 'std::shared_ptr<Break::Infrastructure::RAMBuffer>' needs to have dll-interface to be used by clients of class 'Break::Infrastructure::UniformBuffer'
g:\projects\break-0.1\infrastructure\inc\GPUProgram.hpp(23): warning C4251: 'Break::Infrastructure::uniformRow::m_blockName': class 'std::basic_string<char,std::char_traits<char>,std::allocator<char>>' needs to have dll-interface to be used by clients of struct 'Break::Infrastructure::uniformRow'
g:\projects\break-0.1\infrastructure\inc\GPUProgram.hpp(30): warning C4251: 'Break::Infrastructure::samplersRow::m_state': class 'std::shared_ptr<Break::Infrastructure::SamplerState>' needs to have dll-interface to be used by clients of struct 'Break::Infrastructure::samplersRow'
g:\projects\break-0.1\infrastructure\inc\GPUProgram.hpp(44): warning C4251: 'Break::Infrastructure::GPUProgram::m_uniformBlocks': class 'std::map<std::string,std::shared_ptr<Break::Infrastructure::UniformBuffer>,std::less<_Kty>,std::allocator<std::pair<const _Kty,_Ty>>>' needs to have dll-interface to be used by clients of class 'Break::Infrastructure::GPUProgram'
          with
          [
              _Kty=std::string,
              _Ty=std::shared_ptr<Break::Infrastructure::UniformBuffer>
          ]
g:\projects\break-0.1\infrastructure\inc\GPUProgram.hpp(46): warning C4251: 'Break::Infrastructure::GPUProgram::m_uniformsTable': class 'std::map<std::string,Break::Infrastructure::uniformRow,std::less<_Kty>,std::allocator<std::pair<const _Kty,_Ty>>>' needs to have dll-interface to be used by clients of class 'Break::Infrastructure::GPUProgram'
          with
          [
              _Kty=std::string,
              _Ty=Break::Infrastructure::uniformRow
          ]
g:\projects\break-0.1\infrastructure\inc\GPUProgram.hpp(48): warning C4251: 'Break::Infrastructure::GPUProgram::m_samplersTable': class 'std::map<std::string,Break::Infrastructure::samplersRow,std::less<_Kty>,std::allocator<std::pair<const _Kty,_Ty>>>' needs to have dll-interface to be used by clients of class 'Break::Infrastructure::GPUProgram'
          with
          [
              _Kty=std::string,
              _Ty=Break::Infrastructure::samplersRow
          ]
g:\projects\break-0.1\infrastructure\inc\GPUProgram.hpp(51): warning C4251: 'Break::Infrastructure::GPUProgram::m_vs': class 'std::basic_string<char,std::char_traits<char>,std::allocator<char>>' needs to have dll-interface to be used by clients of class 'Break::Infrastructure::GPUProgram'
g:\projects\break-0.1\infrastructure\inc\GPUProgram.hpp(51): warning C4251: 'Break::Infrastructure::GPUProgram::m_ps': class 'std::basic_string<char,std::char_traits<char>,std::allocator<char>>' needs to have dll-interface to be used by clients of class 'Break::Infrastructure::GPUProgram'
g:\projects\break-0.1\infrastructure\inc\Texture.hpp(62): warning C4251: 'Break::Infrastructure::Texture::m_image': class 'std::shared_ptr<Break::Infrastructure::Image>' needs to have dll-interface to be used by clients of class 'Break::Infrastructure::Texture'
g:\projects\break-0.1\infrastructure\inc\GPUIns.hpp(21): warning C4251: 'Break::Infrastructure::GPUIns::args': class 'std::queue<Break::Infrastructure::Arg,std::deque<_Ty,std::allocator<_Ty>>>' needs to have dll-interface to be used by clients of class 'Break::Infrastructure::GPUIns'
          with
          [
              _Ty=Break::Infrastructure::Arg
          ]
g:\projects\break-0.1\infrastructure\inc\ServiceException.hpp(16): warning C4275: non dll-interface class 'std::exception' used as base for dll-interface class 'Break::Infrastructure::ServiceException'
  C:\Program Files (x86)\Microsoft Visual Studio 14.0\VC\include\vcruntime_exception.h(43): note: see declaration of 'std::exception'
  g:\projects\break-0.1\infrastructure\inc\ServiceException.hpp(16): note: see declaration of 'Break::Infrastructure::ServiceException'
g:\projects\break-0.1\infrastructure\inc\ServiceException.hpp(19): warning C4251: 'Break::Infrastructure::ServiceException::_msg': class 'std::basic_string<char,std::char_traits<char>,std::allocator<char>>' needs to have dll-interface to be used by clients of class 'Break::Infrastructure::ServiceException'
g:\projects\break-0.1\infrastructure\inc\Window.hpp(28): warning C4251: 'Break::Infrastructure::Window::m_title': class 'std::basic_string<char,std::char_traits<char>,std::allocator<char>>' needs to have dll-interface to be used by clients of class 'Break::Infrastructure::Window'
g:\projects\break-0.1\infrastructure\inc\SoundDevice.hpp(72): warning C4251: 'Break::Infrastructure::SoundDevice::m_format': struct 'Break::Infrastructure::AudioFormat' needs to have dll-interface to be used by clients of class 'Break::Infrastructure::SoundDevice'
  g:\projects\break-0.1\infrastructure\inc\SoundDevice.hpp(12): note: see declaration of 'Break::Infrastructure::AudioFormat'
g:\projects\break-0.1\infrastructure\inc\SoundDevice.hpp(74): warning C4251: 'Break::Infrastructure::SoundDevice::m_sounds': class 'std::vector<std::pair<Break::Infrastructure::SoundEffect *,bool>,std::allocator<_Ty>>' needs to have dll-interface to be used by clients of class 'Break::Infrastructure::SoundDevice'
          with
          [
              _Ty=std::pair<Break::Infrastructure::SoundEffect *,bool>
          ]
g:\projects\break-0.1\infrastructure\inc\File.hpp(22): warning C4251: 'Break::Infrastructure::File::m_path': class 'std::basic_string<char,std::char_traits<char>,std::allocator<char>>' needs to have dll-interface to be used by clients of class 'Break::Infrastructure::File'
g:\projects\break-0.1\infrastructure\inc\File.hpp(24): warning C4251: 'Break::Infrastructure::File::m_name': class 'std::basic_string<char,std::char_traits<char>,std::allocator<char>>' needs to have dll-interface to be used by clients of class 'Break::Infrastructure::File'
g:\projects\break-0.1\infrastructure\inc\Application.hpp(19): warning C4251: 'Break::Infrastructure::Application::window': class 'std::shared_ptr<Break::Infrastructure::Window>' needs to have dll-interface to be used by clients of class 'Break::Infrastructure::Application'
g:\projects\break-0.1\infrastructure\inc\AssetManager.hpp(19): warning C4251: 'Break::Infrastructure::AssetManager::m_assetTable': class 'std::map<std::string,Break::Infrastructure::AssetPtr,std::less<_Kty>,std::allocator<std::pair<const _Kty,_Ty>>>' needs to have dll-interface to be used by clients of class 'Break::Infrastructure::AssetManager'
          with
          [
              _Kty=std::string,
              _Ty=Break::Infrastructure::AssetPtr
          ]
g:\projects\break-0.1\infrastructure\inc\Engine.hpp(139): warning C4251: 'Break::Infrastructure::Engine::m_platform': class 'std::shared_ptr<Break::Infrastructure::OS>' needs to have dll-interface to be used by clients of class 'Break::Infrastructure::Engine'
g:\projects\break-0.1\infrastructure\inc\Engine.hpp(142): warning C4251: 'Break::Infrastructure::Engine::m_device': class 'std::shared_ptr<Break::Infrastructure::IGXDevice>' needs to have dll-interface to be used by clients of class 'Break::Infrastructure::Engine'
g:\projects\break-0.1\infrastructure\inc\Engine.hpp(145): warning C4251: 'Break::Infrastructure::Engine::m_app': class 'std::shared_ptr<Break::Infrastructure::Application>' needs to have dll-interface to be used by clients of class 'Break::Infrastructure::Engine'
g:\projects\break-0.1\infrastructure\inc\Engine.hpp(157): warning C4251: 'Break::Infrastructure::Engine::m_inputDevices': class 'std::vector<Break::Infrastructure::InputDevicePtr,std::allocator<_Ty>>' needs to have dll-interface to be used by clients of class 'Break::Infrastructure::Engine'
          with
          [
              _Ty=Break::Infrastructure::InputDevicePtr
          ]
g:\projects\break-0.1\infrastructure\inc\Engine.hpp(163): warning C4251: 'Break::Infrastructure::Engine::m_assetManager': class 'std::shared_ptr<Break::Infrastructure::AssetManager>' needs to have dll-interface to be used by clients of class 'Break::Infrastructure::Engine'
g:\projects\break-0.1\infrastructure\inc\Engine.hpp(166): warning C4251: 'Break::Infrastructure::Engine::m_GPU_VM': class 'std::shared_ptr<Break::Infrastructure::GPU_VM>' needs to have dll-interface to be used by clients of class 'Break::Infrastructure::Engine'
g:\projects\break-0.1\infrastructure\inc\Engine.hpp(169): warning C4251: 'Break::Infrastructure::Engine::m_soundDevice': class 'std::shared_ptr<Break::Infrastructure::ISoundDevice>' needs to have dll-interface to be used by clients of class 'Break::Infrastructure::Engine'
g:\projects\break-0.1\infrastructure\inc\VertexBuffer.hpp(26): warning C4251: 'Break::Infrastructure::VertexBuffer::m_buffer': class 'std::shared_ptr<Break::Infrastructure::RAMBuffer>' needs to have dll-interface to be used by clients of class 'Break::Infrastructure::VertexBuffer'
g:\projects\break-0.1\infrastructure\inc\IndexSet.hpp(18): warning C4251: 'Break::Infrastructure::IndexSet::m_data': class 'std::vector<Break::u32,std::allocator<_Ty>>' needs to have dll-interface to be used by clients of class 'Break::Infrastructure::IndexSet'
          with
          [
              _Ty=Break::u32
          ]
g:\projects\break-0.1\infrastructure\inc\IndexBuffer.hpp(22): warning C4251: 'Break::Infrastructure::IndexBuffer::m_buffer': class 'std::shared_ptr<Break::Infrastructure::RAMBuffer>' needs to have dll-interface to be used by clients of class 'Break::Infrastructure::IndexBuffer'
G:\Projects\Break-0.1\Infrastructure\inc\Geometry.hpp(20): warning C4251: 'Break::Infrastructure::Geometry::m_vertexBuffer': class 'std::shared_ptr<Break::Infrastructure::VertexBuffer>' needs to have dll-interface to be used by clients of class 'Break::Infrastructure::Geometry'
G:\Projects\Break-0.1\Infrastructure\inc\Geometry.hpp(21): warning C4251: 'Break::Infrastructure::Geometry::m_indexBuffer': class 'std::shared_ptr<Break::Infrastructure::IndexBuffer>' needs to have dll-interface to be used by clients of class 'Break::Infrastructure::Geometry'
G:\Projects\Break-0.1\Infrastructure\inc\Vertex2DPosColorTex.hpp(16): warning C4251: 'Break::Infrastructure::Vertex2DPosColorTex::position': struct 'glm::detail::tvec2<float,0>' needs to have dll-interface to be used by clients of class 'Break::Infrastructure::Vertex2DPosColorTex'
G:\Projects\Break-0.1\Infrastructure\inc\Vertex2DPosColorTex.hpp(17): warning C4251: 'Break::Infrastructure::Vertex2DPosColorTex::color': struct 'glm::detail::tvec4<float,0>' needs to have dll-interface to be used by clients of class 'Break::Infrastructure::Vertex2DPosColorTex'
G:\Projects\Break-0.1\Infrastructure\inc\Vertex2DPosColorTex.hpp(18): warning C4251: 'Break::Infrastructure::Vertex2DPosColorTex::texCoord': struct 'glm::detail::tvec2<float,0>' needs to have dll-interface to be used by clients of class 'Break::Infrastructure::Vertex2DPosColorTex'
g:\projects\break-0.1\graphics\inc\SpriteBatch.hpp(30): warning C4251: 'Break::Graphics::SpriteBatch::m_vertices': class 'Break::Infrastructure::VertexSet<Break::Infrastructure::Vertex2DPosColorTex>' needs to have dll-interface to be used by clients of class 'Break::Graphics::SpriteBatch'
g:\projects\break-0.1\graphics\inc\SpriteBatch.hpp(34): warning C4251: 'Break::Graphics::SpriteBatch::m_geometry': class 'std::shared_ptr<Break::Infrastructure::Geometry>' needs to have dll-interface to be used by clients of class 'Break::Graphics::SpriteBatch'
G:\Projects\Break-0.1\Graphics\inc\Text.h(19): warning C4251: 'Break::Graphics::Text::m_image': class 'std::shared_ptr<Break::Infrastructure::Image>' needs to have dll-interface to be used by clients of class 'Break::Graphics::Text'
G:\Projects\Break-0.1\Graphics\inc\Text.h(20): warning C4251: 'Break::Graphics::Text::m_texture': class 'std::shared_ptr<Break::Infrastructure::Texture2D>' needs to have dll-interface to be used by clients of class 'Break::Graphics::Text'
G:\Projects\Break-0.1\Graphics\inc\Text.h(22): warning C4251: 'Break::Graphics::Text::m_str': class 'std::basic_string<char,std::char_traits<char>,std::allocator<char>>' needs to have dll-interface to be used by clients of class 'Break::Graphics::Text'
G:\Projects\Break-0.1\Graphics\inc\Text.h(23): warning C4251: 'Break::Graphics::Text::m_font': class 'std::shared_ptr<Break::Graphics::FontFace>' needs to have dll-interface to be used by clients of class 'Break::Graphics::Text'
G:\Projects\Break-0.1\Graphics\inc\Text.h(31): warning C4251: 'Break::Graphics::Text::origin': struct 'glm::detail::tvec2<float,0>' needs to have dll-interface to be used by clients of class 'Break::Graphics::Text'
G:\Projects\Break-0.1\Graphics\inc\Text.h(32): warning C4251: 'Break::Graphics::Text::position': struct 'glm::detail::tvec2<float,0>' needs to have dll-interface to be used by clients of class 'Break::Graphics::Text'
G:\Projects\Break-0.1\Graphics\inc\FTRenderer.hpp(50): warning C4251: 'Break::Graphics::FTRenderer::m_image': class 'std::shared_ptr<Break::Infrastructure::Image>' needs to have dll-interface to be used by clients of class 'Break::Graphics::FTRenderer'
src\Text.cpp(82): warning C4244: 'argument': conversion from 'Break::real64' to 'float', possible loss of data
C:\Program Files (x86)\Microsoft Visual Studio 14.0\VC\include\memory(901): warning C4244: 'argument': conversion from '__int64' to 'Break::u32', possible loss of data
  C:\Program Files (x86)\Microsoft Visual Studio 14.0\VC\include\memory(971): note: see reference to function template instantiation 'std::_Ref_count_obj<_Ty>::_Ref_count_obj<__int64>(__int64 &&)' being compiled
          with
          [
              _Ty=Break::Infrastructure::RAMBuffer
          ]
  C:\Program Files (x86)\Microsoft Visual Studio 14.0\VC\include\memory(971): note: see reference to function template instantiation 'std::_Ref_count_obj<_Ty>::_Ref_count_obj<__int64>(__int64 &&)' being compiled
          with
          [
              _Ty=Break::Infrastructure::RAMBuffer
          ]
  g:\projects\break-0.1\infrastructure\inc\VertexBuffer.hpp(104): note: see reference to function template instantiation 'std::shared_ptr<Break::Infrastructure::RAMBuffer> std::make_shared<Break::Infrastructure::RAMBuffer,__int64>(__int64 &&)' being compiled
  Transform.cpp
G:\Projects\Break-0.1\Infrastructure\inc\Object.hpp(28): warning C4251: 'Break::Object::id': class 'std::basic_string<char,std::char_traits<char>,std::allocator<char>>' needs to have dll-interface to be used by clients of class 'Break::Object'
G:\Projects\Break-0.1\Graphics\inc\Transform.hpp(22): warning C4251: 'Break::Graphics::Transform::matrix': struct 'glm::detail::tmat4x4<float,0>' needs to have dll-interface to be used by clients of class 'Break::Graphics::Transform'
G:\Projects\Break-0.1\Graphics\inc\Transform.hpp(26): warning C4251: 'Break::Graphics::Transform::position': struct 'glm::detail::tvec3<float,0>' needs to have dll-interface to be used by clients of class 'Break::Graphics::Transform'
G:\Projects\Break-0.1\Graphics\inc\Transform.hpp(28): warning C4251: 'Break::Graphics::Transform::rotation': struct 'glm::detail::tquat<float,0>' needs to have dll-interface to be used by clients of class 'Break::Graphics::Transform'
G:\Projects\Break-0.1\Graphics\inc\Transform.hpp(30): warning C4251: 'Break::Graphics::Transform::scale': struct 'glm::detail::tvec3<float,0>' needs to have dll-interface to be used by clients of class 'Break::Graphics::Transform'
G:\Projects\Break-0.1\Infrastructure\inc\MathUtils.hpp(85): warning C4244: 'return': conversion from 'glm::length_t' to 'Break::real32', possible loss of data
  Generating Code...
g:\projects\break-0.1\infrastructure\inc\indexset.hpp(55): warning C4172: returning address of local variable or temporary: x
g:\projects\break-0.1\infrastructure\inc\indexset.hpp(55): warning C4172: returning address of local variable or temporary: x
g:\projects\break-0.1\infrastructure\inc\indexset.hpp(55): warning C4172: returning address of local variable or temporary: x
     Creating library ..\bin\Release\Break_Graphics.lib and object ..\bin\Release\Break_Graphics.exp
  Break_Graphics.vcxproj -> G:\Projects\Break-0.1\Graphics\..\bin\Release\Break_Graphics.dll
