E:\Projects\Break-0.1\bin\Release\Break_Graphics.lib
E:\Projects\Break-0.1\bin\Release\Break_Graphics.exp
E:\PROJECTS\BREAK-0.1\GRAPHICS\OBJ\RELEASE\TRANSFORM.OBJ
E:\PROJECTS\BREAK-0.1\GRAPHICS\OBJ\RELEASE\SPRITEBATCH.OBJ
E:\PROJECTS\BREAK-0.1\GRAPHICS\OBJ\RELEASE\RECT.OBJ
E:\PROJECTS\BREAK-0.1\GRAPHICS\OBJ\RELEASE\MATHUTILS.OBJ
E:\PROJECTS\BREAK-0.1\GRAPHICS\OBJ\RELEASE\VC110.PDB
E:\PROJECTS\BREAK-0.1\BIN\RELEASE\BREAK_GRAPHICS.DLL
E:\Projects\Break-0.1\Graphics\obj\Release\Break_Graphics.vcxprojResolveAssemblyReference.cache
E:\Projects\Break-0.1\Graphics\obj\Release\MathUtils.obj
E:\Projects\Break-0.1\Graphics\obj\Release\Rect.obj
E:\Projects\Break-0.1\Graphics\obj\Release\SpriteBatch.obj
E:\Projects\Break-0.1\Graphics\obj\Release\Transform.obj
E:\Projects\Break-0.1\Graphics\obj\Release\Break_Graphics.write.1.tlog
E:\Projects\Break-0.1\Graphics\obj\Release\cl.command.1.tlog
E:\Projects\Break-0.1\Graphics\obj\Release\CL.read.1.tlog
E:\Projects\Break-0.1\Graphics\obj\Release\CL.write.1.tlog
E:\Projects\Break-0.1\Graphics\obj\Release\link-cvtres.read.1.tlog
E:\Projects\Break-0.1\Graphics\obj\Release\link-cvtres.write.1.tlog
E:\Projects\Break-0.1\Graphics\obj\Release\link-rc.read.1.tlog
E:\Projects\Break-0.1\Graphics\obj\Release\link-rc.write.1.tlog
E:\Projects\Break-0.1\Graphics\obj\Release\link.command.1.tlog
E:\Projects\Break-0.1\Graphics\obj\Release\link.read.1.tlog
E:\Projects\Break-0.1\Graphics\obj\Release\link.write.1.tlog
E:\Projects\Break-0.1\Graphics\obj\Release\vc110.pdb
E:\Projects\Break-0.1\Graphics\..\bin\Release\Break_Graphics.dll
