  main.cpp
G:\Projects\Break-0.1\Infrastructure\inc\Object.hpp(28): warning C4251: 'Break::Object::id': class 'std::basic_string<char,std::char_traits<char>,std::allocator<char>>' needs to have dll-interface to be used by clients of class 'Break::Object'
g:\projects\break-0.1\graphics\inc\Transform.hpp(22): warning C4251: 'Break::Graphics::Transform::matrix': struct 'glm::detail::tmat4x4<float,0>' needs to have dll-interface to be used by clients of class 'Break::Graphics::Transform'
g:\projects\break-0.1\graphics\inc\Transform.hpp(26): warning C4251: 'Break::Graphics::Transform::position': struct 'glm::detail::tvec3<float,0>' needs to have dll-interface to be used by clients of class 'Break::Graphics::Transform'
g:\projects\break-0.1\graphics\inc\Transform.hpp(28): warning C4251: 'Break::Graphics::Transform::rotation': struct 'glm::detail::tquat<float,0>' needs to have dll-interface to be used by clients of class 'Break::Graphics::Transform'
g:\projects\break-0.1\graphics\inc\Transform.hpp(30): warning C4251: 'Break::Graphics::Transform::scale': struct 'glm::detail::tvec3<float,0>' needs to have dll-interface to be used by clients of class 'Break::Graphics::Transform'
g:\projects\break-0.1\graphics\inc\Entity.hpp(19): warning C4251: 'Break::Graphics::Entity::m_children': class 'std::vector<std::shared_ptr<Break::Graphics::Entity>,std::allocator<_Ty>>' needs to have dll-interface to be used by clients of class 'Break::Graphics::Entity'
          with
          [
              _Ty=std::shared_ptr<Break::Graphics::Entity>
          ]
g:\projects\break-0.1\graphics\inc\Entity.hpp(22): warning C4251: 'Break::Graphics::Entity::m_components': class 'std::vector<Break::Graphics::ComponentPtr,std::allocator<_Ty>>' needs to have dll-interface to be used by clients of class 'Break::Graphics::Entity'
          with
          [
              _Ty=Break::Graphics::ComponentPtr
          ]
g:\projects\break-0.1\infrastructure\inc\MemoryElement.hpp(36): warning C4251: 'Break::Infrastructure::MemoryElement::semantic': class 'std::basic_string<char,std::char_traits<char>,std::allocator<char>>' needs to have dll-interface to be used by clients of class 'Break::Infrastructure::MemoryElement'
g:\projects\break-0.1\infrastructure\inc\MemoryLayout.hpp(27): warning C4251: 'Break::Infrastructure::MemoryLayout::elements': class 'std::vector<Break::Infrastructure::MemoryElement,std::allocator<_Ty>>' needs to have dll-interface to be used by clients of class 'Break::Infrastructure::MemoryLayout'
          with
          [
              _Ty=Break::Infrastructure::MemoryElement
          ]
g:\projects\break-0.1\infrastructure\inc\GPUResource.hpp(22): warning C4251: 'Break::Infrastructure::GPUResource::m_handle': class 'std::shared_ptr<Break::Infrastructure::GPUHandle>' needs to have dll-interface to be used by clients of class 'Break::Infrastructure::GPUResource'
g:\projects\break-0.1\infrastructure\inc\UniformBuffer.hpp(21): warning C4251: 'Break::Infrastructure::UniformBuffer::m_buffer': class 'std::shared_ptr<Break::Infrastructure::RAMBuffer>' needs to have dll-interface to be used by clients of class 'Break::Infrastructure::UniformBuffer'
g:\projects\break-0.1\infrastructure\inc\GPUProgram.hpp(23): warning C4251: 'Break::Infrastructure::uniformRow::m_blockName': class 'std::basic_string<char,std::char_traits<char>,std::allocator<char>>' needs to have dll-interface to be used by clients of struct 'Break::Infrastructure::uniformRow'
g:\projects\break-0.1\infrastructure\inc\GPUProgram.hpp(30): warning C4251: 'Break::Infrastructure::samplersRow::m_state': class 'std::shared_ptr<Break::Infrastructure::SamplerState>' needs to have dll-interface to be used by clients of struct 'Break::Infrastructure::samplersRow'
g:\projects\break-0.1\infrastructure\inc\GPUProgram.hpp(44): warning C4251: 'Break::Infrastructure::GPUProgram::m_uniformBlocks': class 'std::map<std::string,std::shared_ptr<Break::Infrastructure::UniformBuffer>,std::less<_Kty>,std::allocator<std::pair<const _Kty,_Ty>>>' needs to have dll-interface to be used by clients of class 'Break::Infrastructure::GPUProgram'
          with
          [
              _Kty=std::string,
              _Ty=std::shared_ptr<Break::Infrastructure::UniformBuffer>
          ]
g:\projects\break-0.1\infrastructure\inc\GPUProgram.hpp(46): warning C4251: 'Break::Infrastructure::GPUProgram::m_uniformsTable': class 'std::map<std::string,Break::Infrastructure::uniformRow,std::less<_Kty>,std::allocator<std::pair<const _Kty,_Ty>>>' needs to have dll-interface to be used by clients of class 'Break::Infrastructure::GPUProgram'
          with
          [
              _Kty=std::string,
              _Ty=Break::Infrastructure::uniformRow
          ]
g:\projects\break-0.1\infrastructure\inc\GPUProgram.hpp(48): warning C4251: 'Break::Infrastructure::GPUProgram::m_samplersTable': class 'std::map<std::string,Break::Infrastructure::samplersRow,std::less<_Kty>,std::allocator<std::pair<const _Kty,_Ty>>>' needs to have dll-interface to be used by clients of class 'Break::Infrastructure::GPUProgram'
          with
          [
              _Kty=std::string,
              _Ty=Break::Infrastructure::samplersRow
          ]
g:\projects\break-0.1\infrastructure\inc\GPUProgram.hpp(51): warning C4251: 'Break::Infrastructure::GPUProgram::m_vs': class 'std::basic_string<char,std::char_traits<char>,std::allocator<char>>' needs to have dll-interface to be used by clients of class 'Break::Infrastructure::GPUProgram'
g:\projects\break-0.1\infrastructure\inc\GPUProgram.hpp(51): warning C4251: 'Break::Infrastructure::GPUProgram::m_ps': class 'std::basic_string<char,std::char_traits<char>,std::allocator<char>>' needs to have dll-interface to be used by clients of class 'Break::Infrastructure::GPUProgram'
g:\projects\break-0.1\infrastructure\inc\Texture.hpp(62): warning C4251: 'Break::Infrastructure::Texture::m_image': class 'std::shared_ptr<Break::Infrastructure::Image>' needs to have dll-interface to be used by clients of class 'Break::Infrastructure::Texture'
g:\projects\break-0.1\infrastructure\inc\GPUIns.hpp(21): warning C4251: 'Break::Infrastructure::GPUIns::args': class 'std::queue<Break::Infrastructure::Arg,std::deque<_Ty,std::allocator<_Ty>>>' needs to have dll-interface to be used by clients of class 'Break::Infrastructure::GPUIns'
          with
          [
              _Ty=Break::Infrastructure::Arg
          ]
g:\projects\break-0.1\infrastructure\inc\ServiceException.hpp(16): warning C4275: non dll-interface class 'std::exception' used as base for dll-interface class 'Break::Infrastructure::ServiceException'
  C:\Program Files (x86)\Microsoft Visual Studio 14.0\VC\include\vcruntime_exception.h(43): note: see declaration of 'std::exception'
  g:\projects\break-0.1\infrastructure\inc\ServiceException.hpp(16): note: see declaration of 'Break::Infrastructure::ServiceException'
g:\projects\break-0.1\infrastructure\inc\ServiceException.hpp(19): warning C4251: 'Break::Infrastructure::ServiceException::_msg': class 'std::basic_string<char,std::char_traits<char>,std::allocator<char>>' needs to have dll-interface to be used by clients of class 'Break::Infrastructure::ServiceException'
g:\projects\break-0.1\infrastructure\inc\Window.hpp(28): warning C4251: 'Break::Infrastructure::Window::m_title': class 'std::basic_string<char,std::char_traits<char>,std::allocator<char>>' needs to have dll-interface to be used by clients of class 'Break::Infrastructure::Window'
g:\projects\break-0.1\infrastructure\inc\SoundDevice.hpp(72): warning C4251: 'Break::Infrastructure::SoundDevice::m_format': struct 'Break::Infrastructure::AudioFormat' needs to have dll-interface to be used by clients of class 'Break::Infrastructure::SoundDevice'
  g:\projects\break-0.1\infrastructure\inc\SoundDevice.hpp(12): note: see declaration of 'Break::Infrastructure::AudioFormat'
g:\projects\break-0.1\infrastructure\inc\SoundDevice.hpp(74): warning C4251: 'Break::Infrastructure::SoundDevice::m_sounds': class 'std::vector<std::pair<Break::Infrastructure::SoundEffect *,bool>,std::allocator<_Ty>>' needs to have dll-interface to be used by clients of class 'Break::Infrastructure::SoundDevice'
          with
          [
              _Ty=std::pair<Break::Infrastructure::SoundEffect *,bool>
          ]
g:\projects\break-0.1\infrastructure\inc\File.hpp(22): warning C4251: 'Break::Infrastructure::File::m_path': class 'std::basic_string<char,std::char_traits<char>,std::allocator<char>>' needs to have dll-interface to be used by clients of class 'Break::Infrastructure::File'
g:\projects\break-0.1\infrastructure\inc\File.hpp(24): warning C4251: 'Break::Infrastructure::File::m_name': class 'std::basic_string<char,std::char_traits<char>,std::allocator<char>>' needs to have dll-interface to be used by clients of class 'Break::Infrastructure::File'
g:\projects\break-0.1\infrastructure\inc\Application.hpp(19): warning C4251: 'Break::Infrastructure::Application::window': class 'std::shared_ptr<Break::Infrastructure::Window>' needs to have dll-interface to be used by clients of class 'Break::Infrastructure::Application'
g:\projects\break-0.1\infrastructure\inc\AssetManager.hpp(19): warning C4251: 'Break::Infrastructure::AssetManager::m_assetTable': class 'std::map<std::string,Break::Infrastructure::AssetPtr,std::less<_Kty>,std::allocator<std::pair<const _Kty,_Ty>>>' needs to have dll-interface to be used by clients of class 'Break::Infrastructure::AssetManager'
          with
          [
              _Kty=std::string,
              _Ty=Break::Infrastructure::AssetPtr
          ]
g:\projects\break-0.1\infrastructure\inc\Engine.hpp(139): warning C4251: 'Break::Infrastructure::Engine::m_platform': class 'std::shared_ptr<Break::Infrastructure::OS>' needs to have dll-interface to be used by clients of class 'Break::Infrastructure::Engine'
g:\projects\break-0.1\infrastructure\inc\Engine.hpp(142): warning C4251: 'Break::Infrastructure::Engine::m_device': class 'std::shared_ptr<Break::Infrastructure::IGXDevice>' needs to have dll-interface to be used by clients of class 'Break::Infrastructure::Engine'
g:\projects\break-0.1\infrastructure\inc\Engine.hpp(145): warning C4251: 'Break::Infrastructure::Engine::m_app': class 'std::shared_ptr<Break::Infrastructure::Application>' needs to have dll-interface to be used by clients of class 'Break::Infrastructure::Engine'
g:\projects\break-0.1\infrastructure\inc\Engine.hpp(157): warning C4251: 'Break::Infrastructure::Engine::m_inputDevices': class 'std::vector<Break::Infrastructure::InputDevicePtr,std::allocator<_Ty>>' needs to have dll-interface to be used by clients of class 'Break::Infrastructure::Engine'
          with
          [
              _Ty=Break::Infrastructure::InputDevicePtr
          ]
g:\projects\break-0.1\infrastructure\inc\Engine.hpp(163): warning C4251: 'Break::Infrastructure::Engine::m_assetManager': class 'std::shared_ptr<Break::Infrastructure::AssetManager>' needs to have dll-interface to be used by clients of class 'Break::Infrastructure::Engine'
g:\projects\break-0.1\infrastructure\inc\Engine.hpp(166): warning C4251: 'Break::Infrastructure::Engine::m_GPU_VM': class 'std::shared_ptr<Break::Infrastructure::GPU_VM>' needs to have dll-interface to be used by clients of class 'Break::Infrastructure::Engine'
g:\projects\break-0.1\infrastructure\inc\Engine.hpp(169): warning C4251: 'Break::Infrastructure::Engine::m_soundDevice': class 'std::shared_ptr<Break::Infrastructure::ISoundDevice>' needs to have dll-interface to be used by clients of class 'Break::Infrastructure::Engine'
g:\projects\break-0.1\infrastructure\inc\VertexBuffer.hpp(26): warning C4251: 'Break::Infrastructure::VertexBuffer::m_buffer': class 'std::shared_ptr<Break::Infrastructure::RAMBuffer>' needs to have dll-interface to be used by clients of class 'Break::Infrastructure::VertexBuffer'
g:\projects\break-0.1\infrastructure\inc\IndexSet.hpp(18): warning C4251: 'Break::Infrastructure::IndexSet::m_data': class 'std::vector<Break::u32,std::allocator<_Ty>>' needs to have dll-interface to be used by clients of class 'Break::Infrastructure::IndexSet'
          with
          [
              _Ty=Break::u32
          ]
g:\projects\break-0.1\infrastructure\inc\IndexBuffer.hpp(22): warning C4251: 'Break::Infrastructure::IndexBuffer::m_buffer': class 'std::shared_ptr<Break::Infrastructure::RAMBuffer>' needs to have dll-interface to be used by clients of class 'Break::Infrastructure::IndexBuffer'
G:\Projects\Break-0.1\Infrastructure\inc\Geometry.hpp(20): warning C4251: 'Break::Infrastructure::Geometry::m_vertexBuffer': class 'std::shared_ptr<Break::Infrastructure::VertexBuffer>' needs to have dll-interface to be used by clients of class 'Break::Infrastructure::Geometry'
G:\Projects\Break-0.1\Infrastructure\inc\Geometry.hpp(21): warning C4251: 'Break::Infrastructure::Geometry::m_indexBuffer': class 'std::shared_ptr<Break::Infrastructure::IndexBuffer>' needs to have dll-interface to be used by clients of class 'Break::Infrastructure::Geometry'
G:\Projects\Break-0.1\Infrastructure\inc\Vertex2DPosColorTex.hpp(16): warning C4251: 'Break::Infrastructure::Vertex2DPosColorTex::position': struct 'glm::detail::tvec2<float,0>' needs to have dll-interface to be used by clients of class 'Break::Infrastructure::Vertex2DPosColorTex'
G:\Projects\Break-0.1\Infrastructure\inc\Vertex2DPosColorTex.hpp(17): warning C4251: 'Break::Infrastructure::Vertex2DPosColorTex::color': struct 'glm::detail::tvec4<float,0>' needs to have dll-interface to be used by clients of class 'Break::Infrastructure::Vertex2DPosColorTex'
G:\Projects\Break-0.1\Infrastructure\inc\Vertex2DPosColorTex.hpp(18): warning C4251: 'Break::Infrastructure::Vertex2DPosColorTex::texCoord': struct 'glm::detail::tvec2<float,0>' needs to have dll-interface to be used by clients of class 'Break::Infrastructure::Vertex2DPosColorTex'
g:\projects\break-0.1\graphics\inc\SpriteBatch.hpp(30): warning C4251: 'Break::Graphics::SpriteBatch::m_vertices': class 'Break::Infrastructure::VertexSet<Break::Infrastructure::Vertex2DPosColorTex>' needs to have dll-interface to be used by clients of class 'Break::Graphics::SpriteBatch'
g:\projects\break-0.1\graphics\inc\SpriteBatch.hpp(34): warning C4251: 'Break::Graphics::SpriteBatch::m_geometry': class 'std::shared_ptr<Break::Infrastructure::Geometry>' needs to have dll-interface to be used by clients of class 'Break::Graphics::SpriteBatch'
g:\projects\break-0.1\graphics\inc\Sprite.hpp(41): warning C4251: 'Break::Graphics::Sprite::texture': class 'std::shared_ptr<Break::Infrastructure::Texture2D>' needs to have dll-interface to be used by clients of class 'Break::Graphics::Sprite'
g:\projects\break-0.1\graphics\inc\Sprite.hpp(50): warning C4251: 'Break::Graphics::Sprite::origin': struct 'glm::detail::tvec2<float,0>' needs to have dll-interface to be used by clients of class 'Break::Graphics::Sprite'
g:\projects\break-0.1\graphics\inc\FTRenderer.hpp(50): warning C4251: 'Break::Graphics::FTRenderer::m_image': class 'std::shared_ptr<Break::Infrastructure::Image>' needs to have dll-interface to be used by clients of class 'Break::Graphics::FTRenderer'
g:\projects\break-0.1\graphics\inc\Text.h(19): warning C4251: 'Break::Graphics::Text::m_image': class 'std::shared_ptr<Break::Infrastructure::Image>' needs to have dll-interface to be used by clients of class 'Break::Graphics::Text'
g:\projects\break-0.1\graphics\inc\Text.h(20): warning C4251: 'Break::Graphics::Text::m_texture': class 'std::shared_ptr<Break::Infrastructure::Texture2D>' needs to have dll-interface to be used by clients of class 'Break::Graphics::Text'
g:\projects\break-0.1\graphics\inc\Text.h(22): warning C4251: 'Break::Graphics::Text::m_str': class 'std::basic_string<char,std::char_traits<char>,std::allocator<char>>' needs to have dll-interface to be used by clients of class 'Break::Graphics::Text'
g:\projects\break-0.1\graphics\inc\Text.h(23): warning C4251: 'Break::Graphics::Text::m_font': class 'std::shared_ptr<Break::Graphics::FontFace>' needs to have dll-interface to be used by clients of class 'Break::Graphics::Text'
g:\projects\break-0.1\graphics\inc\Text.h(31): warning C4251: 'Break::Graphics::Text::origin': struct 'glm::detail::tvec2<float,0>' needs to have dll-interface to be used by clients of class 'Break::Graphics::Text'
g:\projects\break-0.1\graphics\inc\Text.h(32): warning C4251: 'Break::Graphics::Text::position': struct 'glm::detail::tvec2<float,0>' needs to have dll-interface to be used by clients of class 'Break::Graphics::Text'
g:\projects\break-0.1\graphics\inc\ShapeBatch.h(23): warning C4251: 'Break::Graphics::ShapeBatch::m_vertices': class 'Break::Infrastructure::VertexSet<Break::Infrastructure::Vertex2DPosColorTex>' needs to have dll-interface to be used by clients of class 'Break::Graphics::ShapeBatch'
g:\projects\break-0.1\graphics\inc\ShapeBatch.h(27): warning C4251: 'Break::Graphics::ShapeBatch::m_geometry': class 'std::shared_ptr<Break::Infrastructure::Geometry>' needs to have dll-interface to be used by clients of class 'Break::Graphics::ShapeBatch'
g:\projects\break-0.1\infrastructure\inc\GPUException.hpp(16): warning C4275: non dll-interface class 'std::exception' used as base for dll-interface class 'Break::Infrastructure::GPUException'
  C:\Program Files (x86)\Microsoft Visual Studio 14.0\VC\include\vcruntime_exception.h(43): note: see declaration of 'std::exception'
  g:\projects\break-0.1\infrastructure\inc\GPUException.hpp(16): note: see declaration of 'Break::Infrastructure::GPUException'
g:\projects\break-0.1\infrastructure\inc\GPUException.hpp(19): warning C4251: 'Break::Infrastructure::GPUException::_msg': class 'std::basic_string<char,std::char_traits<char>,std::allocator<char>>' needs to have dll-interface to be used by clients of class 'Break::Infrastructure::GPUException'
g:\projects\break-0.1\infrastructure\inc\Mouse.hpp(109): warning C4251: 'Break::Infrastructure::Mouse::m_data': class 'std::map<Break::Infrastructure::Mouse::Buttons,Break::Infrastructure::Mouse::ButtonState,std::less<_Kty>,std::allocator<std::pair<const _Kty,_Ty>>>' needs to have dll-interface to be used by clients of class 'Break::Infrastructure::Mouse'
          with
          [
              _Kty=Break::Infrastructure::Mouse::Buttons,
              _Ty=Break::Infrastructure::Mouse::ButtonState
          ]
g:\projects\break-0.1\infrastructure\inc\Mouse.hpp(112): warning C4251: 'Break::Infrastructure::Mouse::m_position': struct 'glm::detail::tvec2<glm::uint,0>' needs to have dll-interface to be used by clients of class 'Break::Infrastructure::Mouse'
g:\projects\break-0.1\infrastructure\inc\Keyboard.hpp(175): warning C4251: 'Break::Infrastructure::Keyboard::m_data': class 'std::map<Break::Infrastructure::Keyboard::Keys,Break::Infrastructure::Keyboard::KeyState,std::less<_Kty>,std::allocator<std::pair<const _Kty,_Ty>>>' needs to have dll-interface to be used by clients of class 'Break::Infrastructure::Keyboard'
          with
          [
              _Kty=Break::Infrastructure::Keyboard::Keys,
              _Ty=Break::Infrastructure::Keyboard::KeyState
          ]
g:\projects\break-0.1\infrastructure\inc\MathUtils.hpp(85): warning C4244: 'return': conversion from 'glm::length_t' to 'Break::real32', possible loss of data
g:\projects\break-0.1\physics\inc\Transform2D.hpp(30): warning C4251: 'Break::Physics::Transform2D::p': struct 'glm::detail::tvec2<float,0>' needs to have dll-interface to be used by clients of class 'Break::Physics::Transform2D'
g:\projects\break-0.1\physics\inc\Collision.hpp(57): warning C4251: 'Break::Physics::ManifoldPoint::localPoint': struct 'glm::detail::tvec2<float,0>' needs to have dll-interface to be used by clients of struct 'Break::Physics::ManifoldPoint'
g:\projects\break-0.1\physics\inc\Collision.hpp(91): warning C4251: 'Break::Physics::Manifold::localNormal': struct 'glm::detail::tvec2<float,0>' needs to have dll-interface to be used by clients of struct 'Break::Physics::Manifold'
g:\projects\break-0.1\physics\inc\Collision.hpp(92): warning C4251: 'Break::Physics::Manifold::localPoint': struct 'glm::detail::tvec2<float,0>' needs to have dll-interface to be used by clients of struct 'Break::Physics::Manifold'
g:\projects\break-0.1\physics\inc\Collision.hpp(107): warning C4251: 'Break::Physics::WorldManifold::normal': struct 'glm::detail::tvec2<float,0>' needs to have dll-interface to be used by clients of struct 'Break::Physics::WorldManifold'
g:\projects\break-0.1\physics\inc\Collision.hpp(108): warning C4251: 'Break::Physics::WorldManifold::points': struct 'glm::detail::tvec2<float,0>' needs to have dll-interface to be used by clients of struct 'Break::Physics::WorldManifold'
g:\projects\break-0.1\physics\inc\Collision.hpp(131): warning C4251: 'Break::Physics::ClipVertex::v': struct 'glm::detail::tvec2<float,0>' needs to have dll-interface to be used by clients of struct 'Break::Physics::ClipVertex'
g:\projects\break-0.1\physics\inc\Collision.hpp(138): warning C4251: 'Break::Physics::RayCastInput::p1': struct 'glm::detail::tvec2<float,0>' needs to have dll-interface to be used by clients of struct 'Break::Physics::RayCastInput'
g:\projects\break-0.1\physics\inc\Collision.hpp(138): warning C4251: 'Break::Physics::RayCastInput::p2': struct 'glm::detail::tvec2<float,0>' needs to have dll-interface to be used by clients of struct 'Break::Physics::RayCastInput'
g:\projects\break-0.1\physics\inc\Collision.hpp(146): warning C4251: 'Break::Physics::RayCastOutput::normal': struct 'glm::detail::tvec2<float,0>' needs to have dll-interface to be used by clients of struct 'Break::Physics::RayCastOutput'
g:\projects\break-0.1\physics\inc\Collision.hpp(203): warning C4251: 'Break::Physics::AABB::lowerBound': struct 'glm::detail::tvec2<float,0>' needs to have dll-interface to be used by clients of struct 'Break::Physics::AABB'
g:\projects\break-0.1\physics\inc\Collision.hpp(204): warning C4251: 'Break::Physics::AABB::upperBound': struct 'glm::detail::tvec2<float,0>' needs to have dll-interface to be used by clients of struct 'Break::Physics::AABB'
g:\projects\break-0.1\physics\inc\Shape.hpp(21): warning C4251: 'Break::Physics::MassData::center': struct 'glm::detail::tvec2<float,0>' needs to have dll-interface to be used by clients of struct 'Break::Physics::MassData'
g:\projects\break-0.1\physics\inc\Sweep.hpp(47): warning C4251: 'Break::Physics::Sweep::localCenter': struct 'glm::detail::tvec2<float,0>' needs to have dll-interface to be used by clients of class 'Break::Physics::Sweep'
g:\projects\break-0.1\physics\inc\Sweep.hpp(48): warning C4251: 'Break::Physics::Sweep::c0': struct 'glm::detail::tvec2<float,0>' needs to have dll-interface to be used by clients of class 'Break::Physics::Sweep'
g:\projects\break-0.1\physics\inc\Sweep.hpp(48): warning C4251: 'Break::Physics::Sweep::c': struct 'glm::detail::tvec2<float,0>' needs to have dll-interface to be used by clients of class 'Break::Physics::Sweep'
g:\projects\break-0.1\physics\inc\Body2D.hpp(66): warning C4251: 'Break::Physics::BodyDef::position': struct 'glm::detail::tvec2<float,0>' needs to have dll-interface to be used by clients of struct 'Break::Physics::BodyDef'
g:\projects\break-0.1\physics\inc\Body2D.hpp(72): warning C4251: 'Break::Physics::BodyDef::linearVelocity': struct 'glm::detail::tvec2<float,0>' needs to have dll-interface to be used by clients of struct 'Break::Physics::BodyDef'
g:\projects\break-0.1\physics\inc\Body2D.hpp(427): warning C4251: 'Break::Physics::Body::m_linearVelocity': struct 'glm::detail::tvec2<float,0>' needs to have dll-interface to be used by clients of class 'Break::Physics::Body'
g:\projects\break-0.1\physics\inc\Body2D.hpp(430): warning C4251: 'Break::Physics::Body::m_force': struct 'glm::detail::tvec2<float,0>' needs to have dll-interface to be used by clients of class 'Break::Physics::Body'
g:\projects\break-0.1\physics\inc\Profile.hpp(26): warning C4251: 'Break::Physics::Position::c': struct 'glm::detail::tvec2<float,0>' needs to have dll-interface to be used by clients of struct 'Break::Physics::Position'
g:\projects\break-0.1\physics\inc\Profile.hpp(33): warning C4251: 'Break::Physics::Velocity::v': struct 'glm::detail::tvec2<float,0>' needs to have dll-interface to be used by clients of struct 'Break::Physics::Velocity'
g:\projects\break-0.1\physics\inc\PolygonShape.hpp(72): warning C4251: 'Break::Physics::PolygonShape::m_centroid': struct 'glm::detail::tvec2<float,0>' needs to have dll-interface to be used by clients of class 'Break::Physics::PolygonShape'
g:\projects\break-0.1\physics\inc\PolygonShape.hpp(73): warning C4251: 'Break::Physics::PolygonShape::m_vertices': struct 'glm::detail::tvec2<float,0>' needs to have dll-interface to be used by clients of class 'Break::Physics::PolygonShape'
g:\projects\break-0.1\physics\inc\PolygonShape.hpp(74): warning C4251: 'Break::Physics::PolygonShape::m_normals': struct 'glm::detail::tvec2<float,0>' needs to have dll-interface to be used by clients of class 'Break::Physics::PolygonShape'
g:\projects\break-0.1\physics\inc\Chains.hpp(19): warning C4251: 'Break::Physics::ChainBody::box': class 'std::vector<Break::Physics::BoxBody *,std::allocator<_Ty>>' needs to have dll-interface to be used by clients of class 'Break::Physics::ChainBody'
          with
          [
              _Ty=Break::Physics::BoxBody *
          ]
g:\projects\break-0.1\physics\inc\ChainShape.hpp(73): warning C4251: 'Break::Physics::ChainShape::m_prevVertex': struct 'glm::detail::tvec2<float,0>' needs to have dll-interface to be used by clients of class 'Break::Physics::ChainShape'
g:\projects\break-0.1\physics\inc\ChainShape.hpp(73): warning C4251: 'Break::Physics::ChainShape::m_nextVertex': struct 'glm::detail::tvec2<float,0>' needs to have dll-interface to be used by clients of class 'Break::Physics::ChainShape'
g:\projects\break-0.1\physics\inc\CircleShape.hpp(46): warning C4251: 'Break::Physics::CircleShape::m_p': struct 'glm::detail::tvec2<float,0>' needs to have dll-interface to be used by clients of class 'Break::Physics::CircleShape'
G:\Projects\Break-0.1\Physics\inc\World2D.hpp(221): warning C4251: 'Break::Physics::World::m_gravity': struct 'glm::detail::tvec2<float,0>' needs to have dll-interface to be used by clients of class 'Break::Physics::World'
g:\projects\break-0.1\physics\inc\ContactSolver.hpp(22): warning C4251: 'Break::Physics::VelocityConstraintPoint::rA': struct 'glm::detail::tvec2<float,0>' needs to have dll-interface to be used by clients of struct 'Break::Physics::VelocityConstraintPoint'
g:\projects\break-0.1\physics\inc\ContactSolver.hpp(23): warning C4251: 'Break::Physics::VelocityConstraintPoint::rB': struct 'glm::detail::tvec2<float,0>' needs to have dll-interface to be used by clients of struct 'Break::Physics::VelocityConstraintPoint'
g:\projects\break-0.1\physics\inc\ContactSolver.hpp(34): warning C4251: 'Break::Physics::ContactVelocityConstraint::normal': struct 'glm::detail::tvec2<float,0>' needs to have dll-interface to be used by clients of struct 'Break::Physics::ContactVelocityConstraint'
g:\projects\break-0.1\physics\inc\ContactSolver.hpp(35): warning C4251: 'Break::Physics::ContactVelocityConstraint::normalMass': struct 'glm::detail::tmat2x2<float,0>' needs to have dll-interface to be used by clients of struct 'Break::Physics::ContactVelocityConstraint'
g:\projects\break-0.1\physics\inc\ContactSolver.hpp(36): warning C4251: 'Break::Physics::ContactVelocityConstraint::K': struct 'glm::detail::tmat2x2<float,0>' needs to have dll-interface to be used by clients of struct 'Break::Physics::ContactVelocityConstraint'
g:\projects\break-0.1\physics\inc\Distance.hpp(38): warning C4251: 'Break::Physics::DistanceProxy::m_buffer': struct 'glm::detail::tvec2<float,0>' needs to have dll-interface to be used by clients of struct 'Break::Physics::DistanceProxy'
g:\projects\break-0.1\physics\inc\Distance.hpp(69): warning C4251: 'Break::Physics::DistanceOutput::pointA': struct 'glm::detail::tvec2<float,0>' needs to have dll-interface to be used by clients of struct 'Break::Physics::DistanceOutput'
g:\projects\break-0.1\physics\inc\Distance.hpp(70): warning C4251: 'Break::Physics::DistanceOutput::pointB': struct 'glm::detail::tvec2<float,0>' needs to have dll-interface to be used by clients of struct 'Break::Physics::DistanceOutput'
g:\projects\break-0.1\physics\inc\Joint2D.hpp(43): warning C4251: 'Break::Physics::Jacobian::linear': struct 'glm::detail::tvec2<float,0>' needs to have dll-interface to be used by clients of struct 'Break::Physics::Jacobian'
g:\projects\break-0.1\physics\inc\DistanceJoint.hpp(32): warning C4251: 'Break::Physics::DistanceJointDef::localAnchorA': struct 'glm::detail::tvec2<float,0>' needs to have dll-interface to be used by clients of struct 'Break::Physics::DistanceJointDef'
g:\projects\break-0.1\physics\inc\DistanceJoint.hpp(35): warning C4251: 'Break::Physics::DistanceJointDef::localAnchorB': struct 'glm::detail::tvec2<float,0>' needs to have dll-interface to be used by clients of struct 'Break::Physics::DistanceJointDef'
g:\projects\break-0.1\physics\inc\DistanceJoint.hpp(102): warning C4251: 'Break::Physics::DistanceJoint::m_localAnchorA': struct 'glm::detail::tvec2<float,0>' needs to have dll-interface to be used by clients of class 'Break::Physics::DistanceJoint'
g:\projects\break-0.1\physics\inc\DistanceJoint.hpp(103): warning C4251: 'Break::Physics::DistanceJoint::m_localAnchorB': struct 'glm::detail::tvec2<float,0>' needs to have dll-interface to be used by clients of class 'Break::Physics::DistanceJoint'
g:\projects\break-0.1\physics\inc\DistanceJoint.hpp(111): warning C4251: 'Break::Physics::DistanceJoint::m_u': struct 'glm::detail::tvec2<float,0>' needs to have dll-interface to be used by clients of class 'Break::Physics::DistanceJoint'
g:\projects\break-0.1\physics\inc\DistanceJoint.hpp(112): warning C4251: 'Break::Physics::DistanceJoint::m_rA': struct 'glm::detail::tvec2<float,0>' needs to have dll-interface to be used by clients of class 'Break::Physics::DistanceJoint'
g:\projects\break-0.1\physics\inc\DistanceJoint.hpp(113): warning C4251: 'Break::Physics::DistanceJoint::m_rB': struct 'glm::detail::tvec2<float,0>' needs to have dll-interface to be used by clients of class 'Break::Physics::DistanceJoint'
g:\projects\break-0.1\physics\inc\DistanceJoint.hpp(114): warning C4251: 'Break::Physics::DistanceJoint::m_localCenterA': struct 'glm::detail::tvec2<float,0>' needs to have dll-interface to be used by clients of class 'Break::Physics::DistanceJoint'
g:\projects\break-0.1\physics\inc\DistanceJoint.hpp(115): warning C4251: 'Break::Physics::DistanceJoint::m_localCenterB': struct 'glm::detail::tvec2<float,0>' needs to have dll-interface to be used by clients of class 'Break::Physics::DistanceJoint'
g:\projects\break-0.1\physics\inc\EdgeShape.hpp(40): warning C4251: 'Break::Physics::EdgeShape::m_vertex1': struct 'glm::detail::tvec2<float,0>' needs to have dll-interface to be used by clients of class 'Break::Physics::EdgeShape'
g:\projects\break-0.1\physics\inc\EdgeShape.hpp(40): warning C4251: 'Break::Physics::EdgeShape::m_vertex2': struct 'glm::detail::tvec2<float,0>' needs to have dll-interface to be used by clients of class 'Break::Physics::EdgeShape'
g:\projects\break-0.1\physics\inc\EdgeShape.hpp(43): warning C4251: 'Break::Physics::EdgeShape::m_vertex0': struct 'glm::detail::tvec2<float,0>' needs to have dll-interface to be used by clients of class 'Break::Physics::EdgeShape'
g:\projects\break-0.1\physics\inc\EdgeShape.hpp(43): warning C4251: 'Break::Physics::EdgeShape::m_vertex3': struct 'glm::detail::tvec2<float,0>' needs to have dll-interface to be used by clients of class 'Break::Physics::EdgeShape'
g:\projects\break-0.1\physics\inc\FrictionJoint.hpp(26): warning C4251: 'Break::Physics::FrictionJointDef::localAnchorA': struct 'glm::detail::tvec2<float,0>' needs to have dll-interface to be used by clients of struct 'Break::Physics::FrictionJointDef'
g:\projects\break-0.1\physics\inc\FrictionJoint.hpp(29): warning C4251: 'Break::Physics::FrictionJointDef::localAnchorB': struct 'glm::detail::tvec2<float,0>' needs to have dll-interface to be used by clients of struct 'Break::Physics::FrictionJointDef'
g:\projects\break-0.1\physics\inc\FrictionJoint.hpp(80): warning C4251: 'Break::Physics::FrictionJoint::m_localAnchorA': struct 'glm::detail::tvec2<float,0>' needs to have dll-interface to be used by clients of class 'Break::Physics::FrictionJoint'
g:\projects\break-0.1\physics\inc\FrictionJoint.hpp(81): warning C4251: 'Break::Physics::FrictionJoint::m_localAnchorB': struct 'glm::detail::tvec2<float,0>' needs to have dll-interface to be used by clients of class 'Break::Physics::FrictionJoint'
g:\projects\break-0.1\physics\inc\FrictionJoint.hpp(84): warning C4251: 'Break::Physics::FrictionJoint::m_linearImpulse': struct 'glm::detail::tvec2<float,0>' needs to have dll-interface to be used by clients of class 'Break::Physics::FrictionJoint'
g:\projects\break-0.1\physics\inc\FrictionJoint.hpp(92): warning C4251: 'Break::Physics::FrictionJoint::m_rA': struct 'glm::detail::tvec2<float,0>' needs to have dll-interface to be used by clients of class 'Break::Physics::FrictionJoint'
g:\projects\break-0.1\physics\inc\FrictionJoint.hpp(93): warning C4251: 'Break::Physics::FrictionJoint::m_rB': struct 'glm::detail::tvec2<float,0>' needs to have dll-interface to be used by clients of class 'Break::Physics::FrictionJoint'
g:\projects\break-0.1\physics\inc\FrictionJoint.hpp(94): warning C4251: 'Break::Physics::FrictionJoint::m_localCenterA': struct 'glm::detail::tvec2<float,0>' needs to have dll-interface to be used by clients of class 'Break::Physics::FrictionJoint'
g:\projects\break-0.1\physics\inc\FrictionJoint.hpp(95): warning C4251: 'Break::Physics::FrictionJoint::m_localCenterB': struct 'glm::detail::tvec2<float,0>' needs to have dll-interface to be used by clients of class 'Break::Physics::FrictionJoint'
g:\projects\break-0.1\physics\inc\FrictionJoint.hpp(100): warning C4251: 'Break::Physics::FrictionJoint::m_linearMass': struct 'glm::detail::tmat2x2<float,0>' needs to have dll-interface to be used by clients of class 'Break::Physics::FrictionJoint'
g:\projects\break-0.1\physics\inc\GearJoint.hpp(84): warning C4251: 'Break::Physics::GearJoint::m_localAnchorA': struct 'glm::detail::tvec2<float,0>' needs to have dll-interface to be used by clients of class 'Break::Physics::GearJoint'
g:\projects\break-0.1\physics\inc\GearJoint.hpp(85): warning C4251: 'Break::Physics::GearJoint::m_localAnchorB': struct 'glm::detail::tvec2<float,0>' needs to have dll-interface to be used by clients of class 'Break::Physics::GearJoint'
g:\projects\break-0.1\physics\inc\GearJoint.hpp(86): warning C4251: 'Break::Physics::GearJoint::m_localAnchorC': struct 'glm::detail::tvec2<float,0>' needs to have dll-interface to be used by clients of class 'Break::Physics::GearJoint'
g:\projects\break-0.1\physics\inc\GearJoint.hpp(87): warning C4251: 'Break::Physics::GearJoint::m_localAnchorD': struct 'glm::detail::tvec2<float,0>' needs to have dll-interface to be used by clients of class 'Break::Physics::GearJoint'
g:\projects\break-0.1\physics\inc\GearJoint.hpp(89): warning C4251: 'Break::Physics::GearJoint::m_localAxisC': struct 'glm::detail::tvec2<float,0>' needs to have dll-interface to be used by clients of class 'Break::Physics::GearJoint'
g:\projects\break-0.1\physics\inc\GearJoint.hpp(90): warning C4251: 'Break::Physics::GearJoint::m_localAxisD': struct 'glm::detail::tvec2<float,0>' needs to have dll-interface to be used by clients of class 'Break::Physics::GearJoint'
g:\projects\break-0.1\physics\inc\GearJoint.hpp(102): warning C4251: 'Break::Physics::GearJoint::m_lcA': struct 'glm::detail::tvec2<float,0>' needs to have dll-interface to be used by clients of class 'Break::Physics::GearJoint'
g:\projects\break-0.1\physics\inc\GearJoint.hpp(102): warning C4251: 'Break::Physics::GearJoint::m_lcB': struct 'glm::detail::tvec2<float,0>' needs to have dll-interface to be used by clients of class 'Break::Physics::GearJoint'
g:\projects\break-0.1\physics\inc\GearJoint.hpp(102): warning C4251: 'Break::Physics::GearJoint::m_lcC': struct 'glm::detail::tvec2<float,0>' needs to have dll-interface to be used by clients of class 'Break::Physics::GearJoint'
g:\projects\break-0.1\physics\inc\GearJoint.hpp(102): warning C4251: 'Break::Physics::GearJoint::m_lcD': struct 'glm::detail::tvec2<float,0>' needs to have dll-interface to be used by clients of class 'Break::Physics::GearJoint'
g:\projects\break-0.1\physics\inc\GearJoint.hpp(105): warning C4251: 'Break::Physics::GearJoint::m_JvAC': struct 'glm::detail::tvec2<float,0>' needs to have dll-interface to be used by clients of class 'Break::Physics::GearJoint'
g:\projects\break-0.1\physics\inc\GearJoint.hpp(105): warning C4251: 'Break::Physics::GearJoint::m_JvBD': struct 'glm::detail::tvec2<float,0>' needs to have dll-interface to be used by clients of class 'Break::Physics::GearJoint'
g:\projects\break-0.1\physics\inc\MotorJoint.hpp(27): warning C4251: 'Break::Physics::MotorJointDef::linearOffset': struct 'glm::detail::tvec2<float,0>' needs to have dll-interface to be used by clients of struct 'Break::Physics::MotorJointDef'
g:\projects\break-0.1\physics\inc\MotorJoint.hpp(94): warning C4251: 'Break::Physics::MotorJoint::m_linearOffset': struct 'glm::detail::tvec2<float,0>' needs to have dll-interface to be used by clients of class 'Break::Physics::MotorJoint'
g:\projects\break-0.1\physics\inc\MotorJoint.hpp(96): warning C4251: 'Break::Physics::MotorJoint::m_linearImpulse': struct 'glm::detail::tvec2<float,0>' needs to have dll-interface to be used by clients of class 'Break::Physics::MotorJoint'
g:\projects\break-0.1\physics\inc\MotorJoint.hpp(105): warning C4251: 'Break::Physics::MotorJoint::m_rA': struct 'glm::detail::tvec2<float,0>' needs to have dll-interface to be used by clients of class 'Break::Physics::MotorJoint'
g:\projects\break-0.1\physics\inc\MotorJoint.hpp(106): warning C4251: 'Break::Physics::MotorJoint::m_rB': struct 'glm::detail::tvec2<float,0>' needs to have dll-interface to be used by clients of class 'Break::Physics::MotorJoint'
g:\projects\break-0.1\physics\inc\MotorJoint.hpp(107): warning C4251: 'Break::Physics::MotorJoint::m_localCenterA': struct 'glm::detail::tvec2<float,0>' needs to have dll-interface to be used by clients of class 'Break::Physics::MotorJoint'
g:\projects\break-0.1\physics\inc\MotorJoint.hpp(108): warning C4251: 'Break::Physics::MotorJoint::m_localCenterB': struct 'glm::detail::tvec2<float,0>' needs to have dll-interface to be used by clients of class 'Break::Physics::MotorJoint'
g:\projects\break-0.1\physics\inc\MotorJoint.hpp(109): warning C4251: 'Break::Physics::MotorJoint::m_linearError': struct 'glm::detail::tvec2<float,0>' needs to have dll-interface to be used by clients of class 'Break::Physics::MotorJoint'
g:\projects\break-0.1\physics\inc\MotorJoint.hpp(115): warning C4251: 'Break::Physics::MotorJoint::m_linearMass': struct 'glm::detail::tmat2x2<float,0>' needs to have dll-interface to be used by clients of class 'Break::Physics::MotorJoint'
g:\projects\break-0.1\physics\inc\MouseJoint.hpp(25): warning C4251: 'Break::Physics::MouseJointDef::target': struct 'glm::detail::tvec2<float,0>' needs to have dll-interface to be used by clients of struct 'Break::Physics::MouseJointDef'
g:\projects\break-0.1\physics\inc\MouseJoint.hpp(93): warning C4251: 'Break::Physics::MouseJoint::m_localAnchorB': struct 'glm::detail::tvec2<float,0>' needs to have dll-interface to be used by clients of class 'Break::Physics::MouseJoint'
g:\projects\break-0.1\physics\inc\MouseJoint.hpp(94): warning C4251: 'Break::Physics::MouseJoint::m_targetA': struct 'glm::detail::tvec2<float,0>' needs to have dll-interface to be used by clients of class 'Break::Physics::MouseJoint'
g:\projects\break-0.1\physics\inc\MouseJoint.hpp(100): warning C4251: 'Break::Physics::MouseJoint::m_impulse': struct 'glm::detail::tvec2<float,0>' needs to have dll-interface to be used by clients of class 'Break::Physics::MouseJoint'
g:\projects\break-0.1\physics\inc\MouseJoint.hpp(107): warning C4251: 'Break::Physics::MouseJoint::m_rB': struct 'glm::detail::tvec2<float,0>' needs to have dll-interface to be used by clients of class 'Break::Physics::MouseJoint'
g:\projects\break-0.1\physics\inc\MouseJoint.hpp(108): warning C4251: 'Break::Physics::MouseJoint::m_localCenterB': struct 'glm::detail::tvec2<float,0>' needs to have dll-interface to be used by clients of class 'Break::Physics::MouseJoint'
g:\projects\break-0.1\physics\inc\MouseJoint.hpp(111): warning C4251: 'Break::Physics::MouseJoint::m_mass': struct 'glm::detail::tmat2x2<float,0>' needs to have dll-interface to be used by clients of class 'Break::Physics::MouseJoint'
g:\projects\break-0.1\physics\inc\MouseJoint.hpp(112): warning C4251: 'Break::Physics::MouseJoint::m_C': struct 'glm::detail::tvec2<float,0>' needs to have dll-interface to be used by clients of class 'Break::Physics::MouseJoint'
g:\projects\break-0.1\physics\inc\PrismaticJoint.hpp(38): warning C4251: 'Break::Physics::PrismaticJointDef::localAnchorA': struct 'glm::detail::tvec2<float,0>' needs to have dll-interface to be used by clients of struct 'Break::Physics::PrismaticJointDef'
g:\projects\break-0.1\physics\inc\PrismaticJoint.hpp(41): warning C4251: 'Break::Physics::PrismaticJointDef::localAnchorB': struct 'glm::detail::tvec2<float,0>' needs to have dll-interface to be used by clients of struct 'Break::Physics::PrismaticJointDef'
g:\projects\break-0.1\physics\inc\PrismaticJoint.hpp(44): warning C4251: 'Break::Physics::PrismaticJointDef::localAxisA': struct 'glm::detail::tvec2<float,0>' needs to have dll-interface to be used by clients of struct 'Break::Physics::PrismaticJointDef'
g:\projects\break-0.1\physics\inc\PrismaticJoint.hpp(146): warning C4251: 'Break::Physics::PrismaticJoint::m_localAnchorA': struct 'glm::detail::tvec2<float,0>' needs to have dll-interface to be used by clients of class 'Break::Physics::PrismaticJoint'
g:\projects\break-0.1\physics\inc\PrismaticJoint.hpp(147): warning C4251: 'Break::Physics::PrismaticJoint::m_localAnchorB': struct 'glm::detail::tvec2<float,0>' needs to have dll-interface to be used by clients of class 'Break::Physics::PrismaticJoint'
g:\projects\break-0.1\physics\inc\PrismaticJoint.hpp(148): warning C4251: 'Break::Physics::PrismaticJoint::m_localXAxisA': struct 'glm::detail::tvec2<float,0>' needs to have dll-interface to be used by clients of class 'Break::Physics::PrismaticJoint'
g:\projects\break-0.1\physics\inc\PrismaticJoint.hpp(149): warning C4251: 'Break::Physics::PrismaticJoint::m_localYAxisA': struct 'glm::detail::tvec2<float,0>' needs to have dll-interface to be used by clients of class 'Break::Physics::PrismaticJoint'
g:\projects\break-0.1\physics\inc\PrismaticJoint.hpp(151): warning C4251: 'Break::Physics::PrismaticJoint::m_impulse': struct 'glm::detail::tvec3<float,0>' needs to have dll-interface to be used by clients of class 'Break::Physics::PrismaticJoint'
g:\projects\break-0.1\physics\inc\PrismaticJoint.hpp(164): warning C4251: 'Break::Physics::PrismaticJoint::m_localCenterA': struct 'glm::detail::tvec2<float,0>' needs to have dll-interface to be used by clients of class 'Break::Physics::PrismaticJoint'
g:\projects\break-0.1\physics\inc\PrismaticJoint.hpp(165): warning C4251: 'Break::Physics::PrismaticJoint::m_localCenterB': struct 'glm::detail::tvec2<float,0>' needs to have dll-interface to be used by clients of class 'Break::Physics::PrismaticJoint'
g:\projects\break-0.1\physics\inc\PrismaticJoint.hpp(170): warning C4251: 'Break::Physics::PrismaticJoint::m_axis': struct 'glm::detail::tvec2<float,0>' needs to have dll-interface to be used by clients of class 'Break::Physics::PrismaticJoint'
g:\projects\break-0.1\physics\inc\PrismaticJoint.hpp(170): warning C4251: 'Break::Physics::PrismaticJoint::m_perp': struct 'glm::detail::tvec2<float,0>' needs to have dll-interface to be used by clients of class 'Break::Physics::PrismaticJoint'
g:\projects\break-0.1\physics\inc\PrismaticJoint.hpp(173): warning C4251: 'Break::Physics::PrismaticJoint::m_K': struct 'glm::detail::tmat3x3<float,0>' needs to have dll-interface to be used by clients of class 'Break::Physics::PrismaticJoint'
g:\projects\break-0.1\physics\inc\PullyJoint.hpp(35): warning C4251: 'Break::Physics::PulleyJointDef::groundAnchorA': struct 'glm::detail::tvec2<float,0>' needs to have dll-interface to be used by clients of struct 'Break::Physics::PulleyJointDef'
g:\projects\break-0.1\physics\inc\PullyJoint.hpp(38): warning C4251: 'Break::Physics::PulleyJointDef::groundAnchorB': struct 'glm::detail::tvec2<float,0>' needs to have dll-interface to be used by clients of struct 'Break::Physics::PulleyJointDef'
g:\projects\break-0.1\physics\inc\PullyJoint.hpp(41): warning C4251: 'Break::Physics::PulleyJointDef::localAnchorA': struct 'glm::detail::tvec2<float,0>' needs to have dll-interface to be used by clients of struct 'Break::Physics::PulleyJointDef'
g:\projects\break-0.1\physics\inc\PullyJoint.hpp(44): warning C4251: 'Break::Physics::PulleyJointDef::localAnchorB': struct 'glm::detail::tvec2<float,0>' needs to have dll-interface to be used by clients of struct 'Break::Physics::PulleyJointDef'
g:\projects\break-0.1\physics\inc\PullyJoint.hpp(109): warning C4251: 'Break::Physics::PulleyJoint::m_groundAnchorA': struct 'glm::detail::tvec2<float,0>' needs to have dll-interface to be used by clients of class 'Break::Physics::PulleyJoint'
g:\projects\break-0.1\physics\inc\PullyJoint.hpp(110): warning C4251: 'Break::Physics::PulleyJoint::m_groundAnchorB': struct 'glm::detail::tvec2<float,0>' needs to have dll-interface to be used by clients of class 'Break::Physics::PulleyJoint'
g:\projects\break-0.1\physics\inc\PullyJoint.hpp(115): warning C4251: 'Break::Physics::PulleyJoint::m_localAnchorA': struct 'glm::detail::tvec2<float,0>' needs to have dll-interface to be used by clients of class 'Break::Physics::PulleyJoint'
g:\projects\break-0.1\physics\inc\PullyJoint.hpp(116): warning C4251: 'Break::Physics::PulleyJoint::m_localAnchorB': struct 'glm::detail::tvec2<float,0>' needs to have dll-interface to be used by clients of class 'Break::Physics::PulleyJoint'
g:\projects\break-0.1\physics\inc\PullyJoint.hpp(124): warning C4251: 'Break::Physics::PulleyJoint::m_uA': struct 'glm::detail::tvec2<float,0>' needs to have dll-interface to be used by clients of class 'Break::Physics::PulleyJoint'
g:\projects\break-0.1\physics\inc\PullyJoint.hpp(125): warning C4251: 'Break::Physics::PulleyJoint::m_uB': struct 'glm::detail::tvec2<float,0>' needs to have dll-interface to be used by clients of class 'Break::Physics::PulleyJoint'
g:\projects\break-0.1\physics\inc\PullyJoint.hpp(126): warning C4251: 'Break::Physics::PulleyJoint::m_rA': struct 'glm::detail::tvec2<float,0>' needs to have dll-interface to be used by clients of class 'Break::Physics::PulleyJoint'
g:\projects\break-0.1\physics\inc\PullyJoint.hpp(127): warning C4251: 'Break::Physics::PulleyJoint::m_rB': struct 'glm::detail::tvec2<float,0>' needs to have dll-interface to be used by clients of class 'Break::Physics::PulleyJoint'
g:\projects\break-0.1\physics\inc\PullyJoint.hpp(128): warning C4251: 'Break::Physics::PulleyJoint::m_localCenterA': struct 'glm::detail::tvec2<float,0>' needs to have dll-interface to be used by clients of class 'Break::Physics::PulleyJoint'
g:\projects\break-0.1\physics\inc\PullyJoint.hpp(129): warning C4251: 'Break::Physics::PulleyJoint::m_localCenterB': struct 'glm::detail::tvec2<float,0>' needs to have dll-interface to be used by clients of class 'Break::Physics::PulleyJoint'
g:\projects\break-0.1\physics\inc\RevoluteJoint.hpp(41): warning C4251: 'Break::Physics::RevoluteJointDef::localAnchorA': struct 'glm::detail::tvec2<float,0>' needs to have dll-interface to be used by clients of struct 'Break::Physics::RevoluteJointDef'
g:\projects\break-0.1\physics\inc\RevoluteJoint.hpp(44): warning C4251: 'Break::Physics::RevoluteJointDef::localAnchorB': struct 'glm::detail::tvec2<float,0>' needs to have dll-interface to be used by clients of struct 'Break::Physics::RevoluteJointDef'
g:\projects\break-0.1\physics\inc\RevoluteJoint.hpp(154): warning C4251: 'Break::Physics::RevoluteJoint::m_localAnchorA': struct 'glm::detail::tvec2<float,0>' needs to have dll-interface to be used by clients of class 'Break::Physics::RevoluteJoint'
g:\projects\break-0.1\physics\inc\RevoluteJoint.hpp(155): warning C4251: 'Break::Physics::RevoluteJoint::m_localAnchorB': struct 'glm::detail::tvec2<float,0>' needs to have dll-interface to be used by clients of class 'Break::Physics::RevoluteJoint'
g:\projects\break-0.1\physics\inc\RevoluteJoint.hpp(156): warning C4251: 'Break::Physics::RevoluteJoint::m_impulse': struct 'glm::detail::tvec3<float,0>' needs to have dll-interface to be used by clients of class 'Break::Physics::RevoluteJoint'
g:\projects\break-0.1\physics\inc\RevoluteJoint.hpp(171): warning C4251: 'Break::Physics::RevoluteJoint::m_rA': struct 'glm::detail::tvec2<float,0>' needs to have dll-interface to be used by clients of class 'Break::Physics::RevoluteJoint'
g:\projects\break-0.1\physics\inc\RevoluteJoint.hpp(172): warning C4251: 'Break::Physics::RevoluteJoint::m_rB': struct 'glm::detail::tvec2<float,0>' needs to have dll-interface to be used by clients of class 'Break::Physics::RevoluteJoint'
g:\projects\break-0.1\physics\inc\RevoluteJoint.hpp(173): warning C4251: 'Break::Physics::RevoluteJoint::m_localCenterA': struct 'glm::detail::tvec2<float,0>' needs to have dll-interface to be used by clients of class 'Break::Physics::RevoluteJoint'
g:\projects\break-0.1\physics\inc\RevoluteJoint.hpp(174): warning C4251: 'Break::Physics::RevoluteJoint::m_localCenterB': struct 'glm::detail::tvec2<float,0>' needs to have dll-interface to be used by clients of class 'Break::Physics::RevoluteJoint'
g:\projects\break-0.1\physics\inc\RevoluteJoint.hpp(179): warning C4251: 'Break::Physics::RevoluteJoint::m_mass': struct 'glm::detail::tmat3x3<float,0>' needs to have dll-interface to be used by clients of class 'Break::Physics::RevoluteJoint'
g:\projects\break-0.1\physics\inc\RopeJoint.hpp(24): warning C4251: 'Break::Physics::RopeJointDef::localAnchorA': struct 'glm::detail::tvec2<float,0>' needs to have dll-interface to be used by clients of struct 'Break::Physics::RopeJointDef'
g:\projects\break-0.1\physics\inc\RopeJoint.hpp(27): warning C4251: 'Break::Physics::RopeJointDef::localAnchorB': struct 'glm::detail::tvec2<float,0>' needs to have dll-interface to be used by clients of struct 'Break::Physics::RopeJointDef'
g:\projects\break-0.1\physics\inc\RopeJoint.hpp(77): warning C4251: 'Break::Physics::RopeJoint::m_localAnchorA': struct 'glm::detail::tvec2<float,0>' needs to have dll-interface to be used by clients of class 'Break::Physics::RopeJoint'
g:\projects\break-0.1\physics\inc\RopeJoint.hpp(78): warning C4251: 'Break::Physics::RopeJoint::m_localAnchorB': struct 'glm::detail::tvec2<float,0>' needs to have dll-interface to be used by clients of class 'Break::Physics::RopeJoint'
g:\projects\break-0.1\physics\inc\RopeJoint.hpp(86): warning C4251: 'Break::Physics::RopeJoint::m_u': struct 'glm::detail::tvec2<float,0>' needs to have dll-interface to be used by clients of class 'Break::Physics::RopeJoint'
g:\projects\break-0.1\physics\inc\RopeJoint.hpp(87): warning C4251: 'Break::Physics::RopeJoint::m_rA': struct 'glm::detail::tvec2<float,0>' needs to have dll-interface to be used by clients of class 'Break::Physics::RopeJoint'
g:\projects\break-0.1\physics\inc\RopeJoint.hpp(88): warning C4251: 'Break::Physics::RopeJoint::m_rB': struct 'glm::detail::tvec2<float,0>' needs to have dll-interface to be used by clients of class 'Break::Physics::RopeJoint'
g:\projects\break-0.1\physics\inc\RopeJoint.hpp(89): warning C4251: 'Break::Physics::RopeJoint::m_localCenterA': struct 'glm::detail::tvec2<float,0>' needs to have dll-interface to be used by clients of class 'Break::Physics::RopeJoint'
g:\projects\break-0.1\physics\inc\RopeJoint.hpp(90): warning C4251: 'Break::Physics::RopeJoint::m_localCenterB': struct 'glm::detail::tvec2<float,0>' needs to have dll-interface to be used by clients of class 'Break::Physics::RopeJoint'
g:\projects\break-0.1\physics\inc\WeldJoint.hpp(29): warning C4251: 'Break::Physics::WeldJointDef::localAnchorA': struct 'glm::detail::tvec2<float,0>' needs to have dll-interface to be used by clients of struct 'Break::Physics::WeldJointDef'
g:\projects\break-0.1\physics\inc\WeldJoint.hpp(32): warning C4251: 'Break::Physics::WeldJointDef::localAnchorB': struct 'glm::detail::tvec2<float,0>' needs to have dll-interface to be used by clients of struct 'Break::Physics::WeldJointDef'
g:\projects\break-0.1\physics\inc\WeldJoint.hpp(91): warning C4251: 'Break::Physics::WeldJoint::m_localAnchorA': struct 'glm::detail::tvec2<float,0>' needs to have dll-interface to be used by clients of class 'Break::Physics::WeldJoint'
g:\projects\break-0.1\physics\inc\WeldJoint.hpp(92): warning C4251: 'Break::Physics::WeldJoint::m_localAnchorB': struct 'glm::detail::tvec2<float,0>' needs to have dll-interface to be used by clients of class 'Break::Physics::WeldJoint'
g:\projects\break-0.1\physics\inc\WeldJoint.hpp(95): warning C4251: 'Break::Physics::WeldJoint::m_impulse': struct 'glm::detail::tvec3<float,0>' needs to have dll-interface to be used by clients of class 'Break::Physics::WeldJoint'
g:\projects\break-0.1\physics\inc\WeldJoint.hpp(100): warning C4251: 'Break::Physics::WeldJoint::m_rA': struct 'glm::detail::tvec2<float,0>' needs to have dll-interface to be used by clients of class 'Break::Physics::WeldJoint'
g:\projects\break-0.1\physics\inc\WeldJoint.hpp(101): warning C4251: 'Break::Physics::WeldJoint::m_rB': struct 'glm::detail::tvec2<float,0>' needs to have dll-interface to be used by clients of class 'Break::Physics::WeldJoint'
g:\projects\break-0.1\physics\inc\WeldJoint.hpp(102): warning C4251: 'Break::Physics::WeldJoint::m_localCenterA': struct 'glm::detail::tvec2<float,0>' needs to have dll-interface to be used by clients of class 'Break::Physics::WeldJoint'
g:\projects\break-0.1\physics\inc\WeldJoint.hpp(103): warning C4251: 'Break::Physics::WeldJoint::m_localCenterB': struct 'glm::detail::tvec2<float,0>' needs to have dll-interface to be used by clients of class 'Break::Physics::WeldJoint'
g:\projects\break-0.1\physics\inc\WeldJoint.hpp(108): warning C4251: 'Break::Physics::WeldJoint::m_mass': struct 'glm::detail::tmat3x3<float,0>' needs to have dll-interface to be used by clients of class 'Break::Physics::WeldJoint'
g:\projects\break-0.1\physics\inc\WheelJoint.hpp(35): warning C4251: 'Break::Physics::WheelJointDef::localAnchorA': struct 'glm::detail::tvec2<float,0>' needs to have dll-interface to be used by clients of struct 'Break::Physics::WheelJointDef'
g:\projects\break-0.1\physics\inc\WheelJoint.hpp(38): warning C4251: 'Break::Physics::WheelJointDef::localAnchorB': struct 'glm::detail::tvec2<float,0>' needs to have dll-interface to be used by clients of struct 'Break::Physics::WheelJointDef'
g:\projects\break-0.1\physics\inc\WheelJoint.hpp(41): warning C4251: 'Break::Physics::WheelJointDef::localAxisA': struct 'glm::detail::tvec2<float,0>' needs to have dll-interface to be used by clients of struct 'Break::Physics::WheelJointDef'
g:\projects\break-0.1\physics\inc\WheelJoint.hpp(131): warning C4251: 'Break::Physics::WheelJoint::m_localAnchorA': struct 'glm::detail::tvec2<float,0>' needs to have dll-interface to be used by clients of class 'Break::Physics::WheelJoint'
g:\projects\break-0.1\physics\inc\WheelJoint.hpp(132): warning C4251: 'Break::Physics::WheelJoint::m_localAnchorB': struct 'glm::detail::tvec2<float,0>' needs to have dll-interface to be used by clients of class 'Break::Physics::WheelJoint'
g:\projects\break-0.1\physics\inc\WheelJoint.hpp(133): warning C4251: 'Break::Physics::WheelJoint::m_localXAxisA': struct 'glm::detail::tvec2<float,0>' needs to have dll-interface to be used by clients of class 'Break::Physics::WheelJoint'
g:\projects\break-0.1\physics\inc\WheelJoint.hpp(134): warning C4251: 'Break::Physics::WheelJoint::m_localYAxisA': struct 'glm::detail::tvec2<float,0>' needs to have dll-interface to be used by clients of class 'Break::Physics::WheelJoint'
g:\projects\break-0.1\physics\inc\WheelJoint.hpp(147): warning C4251: 'Break::Physics::WheelJoint::m_localCenterA': struct 'glm::detail::tvec2<float,0>' needs to have dll-interface to be used by clients of class 'Break::Physics::WheelJoint'
g:\projects\break-0.1\physics\inc\WheelJoint.hpp(148): warning C4251: 'Break::Physics::WheelJoint::m_localCenterB': struct 'glm::detail::tvec2<float,0>' needs to have dll-interface to be used by clients of class 'Break::Physics::WheelJoint'
g:\projects\break-0.1\physics\inc\WheelJoint.hpp(154): warning C4251: 'Break::Physics::WheelJoint::m_ax': struct 'glm::detail::tvec2<float,0>' needs to have dll-interface to be used by clients of class 'Break::Physics::WheelJoint'
g:\projects\break-0.1\physics\inc\WheelJoint.hpp(154): warning C4251: 'Break::Physics::WheelJoint::m_ay': struct 'glm::detail::tvec2<float,0>' needs to have dll-interface to be used by clients of class 'Break::Physics::WheelJoint'
g:\projects\break-0.1\TestApplication.hpp(462): warning C4244: 'argument': conversion from 'int' to 'float', possible loss of data
g:\projects\break-0.1\TestApplication.hpp(465): warning C4244: 'argument': conversion from 'int' to 'float', possible loss of data
g:\projects\break-0.1\TestApplication.hpp(468): warning C4244: 'argument': conversion from 'int' to 'float', possible loss of data
g:\projects\break-0.1\TestApplication.hpp(471): warning C4244: 'argument': conversion from 'int' to 'float', possible loss of data
g:\projects\break-0.1\TestApplication.hpp(496): warning C4244: 'argument': conversion from 'Break::real64' to 'Break::real32', possible loss of data
g:\projects\break-0.1\TestApplication.hpp(533): warning C4018: '<': signed/unsigned mismatch
g:\projects\break-0.1\TestApplication.hpp(537): warning C4244: 'argument': conversion from 'float' to 'int', possible loss of data
g:\projects\break-0.1\TestApplication.hpp(540): warning C4018: '<': signed/unsigned mismatch
g:\projects\break-0.1\TestApplication.hpp(543): warning C4244: 'argument': conversion from 'double' to 'float', possible loss of data
g:\projects\break-0.1\TestApplication.hpp(548): warning C4018: '<': signed/unsigned mismatch
g:\projects\break-0.1\TestApplication.hpp(550): warning C4244: 'argument': conversion from 'double' to 'float', possible loss of data
g:\projects\break-0.1\TestApplication.hpp(554): warning C4018: '<': signed/unsigned mismatch
g:\projects\break-0.1\TestApplication.hpp(556): warning C4244: 'argument': conversion from 'double' to 'float', possible loss of data
g:\projects\break-0.1\NBody.h(65): warning C4244: 'argument': conversion from 'time_t' to 'unsigned int', possible loss of data
g:\projects\break-0.1\NBody.h(158): warning C4018: '<': signed/unsigned mismatch
g:\projects\break-0.1\NBody.h(161): warning C4018: '<': signed/unsigned mismatch
g:\projects\break-0.1\NBody.h(178): warning C4018: '<': signed/unsigned mismatch
C:\Program Files (x86)\Microsoft Visual Studio 14.0\VC\include\memory(901): warning C4244: 'argument': conversion from '__int64' to 'Break::u32', possible loss of data
  C:\Program Files (x86)\Microsoft Visual Studio 14.0\VC\include\memory(971): note: see reference to function template instantiation 'std::_Ref_count_obj<_Ty>::_Ref_count_obj<__int64>(__int64 &&)' being compiled
          with
          [
              _Ty=Break::Infrastructure::RAMBuffer
          ]
  C:\Program Files (x86)\Microsoft Visual Studio 14.0\VC\include\memory(971): note: see reference to function template instantiation 'std::_Ref_count_obj<_Ty>::_Ref_count_obj<__int64>(__int64 &&)' being compiled
          with
          [
              _Ty=Break::Infrastructure::RAMBuffer
          ]
  g:\projects\break-0.1\infrastructure\inc\VertexBuffer.hpp(104): note: see reference to function template instantiation 'std::shared_ptr<Break::Infrastructure::RAMBuffer> std::make_shared<Break::Infrastructure::RAMBuffer,__int64>(__int64 &&)' being compiled
  Break.vcxproj -> G:\Projects\Break-0.1\build\..\bin\Release\Break.exe
