h:\projects\break-0.1\infrastructure\obj\release\vc140.pdb
h:\projects\break-0.1\infrastructure\obj\release\mouse.obj
h:\projects\break-0.1\infrastructure\obj\release\memorylayout.obj
h:\projects\break-0.1\infrastructure\obj\release\mathutils.obj
h:\projects\break-0.1\infrastructure\obj\release\keyboard.obj
h:\projects\break-0.1\infrastructure\obj\release\image.obj
h:\projects\break-0.1\infrastructure\obj\release\igxdevice.obj
h:\projects\break-0.1\infrastructure\obj\release\globals.obj
h:\projects\break-0.1\infrastructure\obj\release\gpu_vm.obj
h:\projects\break-0.1\infrastructure\obj\release\gpuprogram.obj
h:\projects\break-0.1\infrastructure\obj\release\glmouse.obj
h:\projects\break-0.1\infrastructure\obj\release\glkeyboard.obj
h:\projects\break-0.1\infrastructure\obj\release\gldevice.obj
h:\projects\break-0.1\infrastructure\obj\release\file.obj
h:\projects\break-0.1\infrastructure\obj\release\engine.obj
h:\projects\break-0.1\infrastructure\obj\release\directory.obj
h:\projects\break-0.1\infrastructure\obj\release\dxmouse.obj
h:\projects\break-0.1\infrastructure\obj\release\dxkeyboard.obj
h:\projects\break-0.1\infrastructure\obj\release\dxdevice.obj
h:\projects\break-0.1\infrastructure\obj\release\assetmanager.obj
h:\projects\break-0.1\infrastructure\obj\release\application.obj
h:\projects\break-0.1\infrastructure\obj\release\window.obj
h:\projects\break-0.1\infrastructure\obj\release\win32.obj
h:\projects\break-0.1\infrastructure\obj\release\uniformbuffer.obj
h:\projects\break-0.1\infrastructure\obj\release\timemanager.obj
h:\projects\break-0.1\infrastructure\obj\release\texture2d.obj
h:\projects\break-0.1\infrastructure\obj\release\texture.obj
h:\projects\break-0.1\infrastructure\obj\release\soundeffect.obj
h:\projects\break-0.1\infrastructure\obj\release\sounddevice.obj
h:\projects\break-0.1\infrastructure\obj\release\services.obj
h:\projects\break-0.1\infrastructure\obj\release\samplerstate.obj
h:\projects\break-0.1\infrastructure\obj\release\resourceloader.obj
h:\projects\break-0.1\infrastructure\obj\release\rect.obj
h:\projects\break-0.1\infrastructure\obj\release\rambuffer.obj
h:\projects\break-0.1\infrastructure\obj\release\object.obj
h:\projects\break-0.1\bin\release\break_infrastructure.dll
h:\projects\break-0.1\bin\release\break_infrastructure.lib
h:\projects\break-0.1\bin\release\break_infrastructure.exp
h:\projects\break-0.1\infrastructure\..\bin\release\break_infrastructure.dll
h:\projects\break-0.1\infrastructure\obj\release\break_in.8afde97b.tlog\cl.read.1.tlog
h:\projects\break-0.1\infrastructure\obj\release\break_in.8afde97b.tlog\cl.write.1.tlog
h:\projects\break-0.1\infrastructure\obj\release\break_in.8afde97b.tlog\cl.command.1.tlog
h:\projects\break-0.1\infrastructure\obj\release\break_in.8afde97b.tlog\link.read.1.tlog
h:\projects\break-0.1\infrastructure\obj\release\break_in.8afde97b.tlog\link.write.1.tlog
h:\projects\break-0.1\infrastructure\obj\release\break_in.8afde97b.tlog\link.command.1.tlog
h:\projects\break-0.1\infrastructure\obj\release\break_in.8afde97b.tlog\break_infrastructure.write.1u.tlog
