Build started 30/10/2015 01:32:24 ص.
     1>Project "H:\Projects\Break-0.1\Infrastructure\Break_Infrastructure.vcxproj" on node 2 (Build target(s)).
     1>ClCompile:
         C:\Program Files (x86)\Microsoft Visual Studio 11.0\VC\bin\CL.exe /c /Iinc /Ideps\glm\include /I"deps\glew-1.10.0\include" /I"deps\glfw-3.1.bin.WIN32\include" /Ideps\freeimage /I"C:\Program Files (x86)\Microsoft DirectX SDK (June 2010)\Include" /Zi /nologo /W3 /WX- /Ox /Oi /Oy- /D NDEBUG /D COMPILE_DLL /D _WINDLL /D _MBCS /GF /Gm- /EHsc /MD /GS /Gy /fp:precise /Zc:wchar_t /Zc:forScope /Fo"obj\Release\\" /Fd"obj\Release\vc110.pdb" /Gd /TP /analyze- /errorReport:prompt src\Win32.cpp
         Win32.cpp
     1>h:\projects\break-0.1\infrastructure\inc\Window.hpp(28): warning C4251: 'Break::Infrastructure::Window::m_title' : class 'std::basic_string<_Elem,_Traits,_Alloc>' needs to have dll-interface to be used by clients of class 'Break::Infrastructure::Window'
                 with
                 [
                     _Elem=char,
                     _Traits=std::char_traits<char>,
                     _Alloc=std::allocator<char>
                 ]
     1>h:\projects\break-0.1\infrastructure\inc\ServiceException.hpp(19): warning C4251: 'Break::Infrastructure::ServiceException::_msg' : class 'std::basic_string<_Elem,_Traits,_Alloc>' needs to have dll-interface to be used by clients of class 'Break::Infrastructure::ServiceException'
                 with
                 [
                     _Elem=char,
                     _Traits=std::char_traits<char>,
                     _Alloc=std::allocator<char>
                 ]
     1>h:\projects\break-0.1\infrastructure\inc\MemoryElement.hpp(36): warning C4251: 'Break::Infrastructure::MemoryElement::semantic' : class 'std::basic_string<_Elem,_Traits,_Alloc>' needs to have dll-interface to be used by clients of class 'Break::Infrastructure::MemoryElement'
                 with
                 [
                     _Elem=char,
                     _Traits=std::char_traits<char>,
                     _Alloc=std::allocator<char>
                 ]
     1>h:\projects\break-0.1\infrastructure\inc\MemoryLayout.hpp(27): warning C4251: 'Break::Infrastructure::MemoryLayout::elements' : class 'std::vector<_Ty>' needs to have dll-interface to be used by clients of class 'Break::Infrastructure::MemoryLayout'
                 with
                 [
                     _Ty=Break::Infrastructure::MemoryElement
                 ]
     1>h:\projects\break-0.1\infrastructure\inc\Object.hpp(28): warning C4251: 'Break::Object::id' : class 'std::basic_string<_Elem,_Traits,_Alloc>' needs to have dll-interface to be used by clients of class 'Break::Object'
                 with
                 [
                     _Elem=char,
                     _Traits=std::char_traits<char>,
                     _Alloc=std::allocator<char>
                 ]
     1>h:\projects\break-0.1\infrastructure\inc\GPUResource.hpp(22): warning C4251: 'Break::Infrastructure::GPUResource::m_handle' : class 'std::shared_ptr<_Ty>' needs to have dll-interface to be used by clients of class 'Break::Infrastructure::GPUResource'
                 with
                 [
                     _Ty=Break::Infrastructure::GPUHandle
                 ]
     1>h:\projects\break-0.1\infrastructure\inc\Application.hpp(19): warning C4251: 'Break::Infrastructure::Application::window' : class 'std::shared_ptr<_Ty>' needs to have dll-interface to be used by clients of class 'Break::Infrastructure::Application'
                 with
                 [
                     _Ty=Break::Infrastructure::Window
                 ]
     1>h:\projects\break-0.1\infrastructure\inc\AssetManager.hpp(19): warning C4251: 'Break::Infrastructure::AssetManager::m_assetTable' : class 'std::map<_Kty,_Ty>' needs to have dll-interface to be used by clients of class 'Break::Infrastructure::AssetManager'
                 with
                 [
                     _Kty=std::string,
                     _Ty=Break::Infrastructure::AssetPtr
                 ]
     1>h:\projects\break-0.1\infrastructure\inc\UniformBuffer.hpp(21): warning C4251: 'Break::Infrastructure::UniformBuffer::m_buffer' : class 'std::shared_ptr<_Ty>' needs to have dll-interface to be used by clients of class 'Break::Infrastructure::UniformBuffer'
                 with
                 [
                     _Ty=Break::Infrastructure::RAMBuffer
                 ]
     1>h:\projects\break-0.1\infrastructure\inc\GPUProgram.hpp(23): warning C4251: 'Break::Infrastructure::uniformRow::m_blockName' : class 'std::basic_string<_Elem,_Traits,_Alloc>' needs to have dll-interface to be used by clients of struct 'Break::Infrastructure::uniformRow'
                 with
                 [
                     _Elem=char,
                     _Traits=std::char_traits<char>,
                     _Alloc=std::allocator<char>
                 ]
     1>h:\projects\break-0.1\infrastructure\inc\GPUProgram.hpp(30): warning C4251: 'Break::Infrastructure::samplersRow::m_state' : class 'std::shared_ptr<_Ty>' needs to have dll-interface to be used by clients of struct 'Break::Infrastructure::samplersRow'
                 with
                 [
                     _Ty=Break::Infrastructure::SamplerState
                 ]
     1>h:\projects\break-0.1\infrastructure\inc\GPUProgram.hpp(44): warning C4251: 'Break::Infrastructure::GPUProgram::m_uniformBlocks' : class 'std::map<_Kty,_Ty>' needs to have dll-interface to be used by clients of class 'Break::Infrastructure::GPUProgram'
                 with
                 [
                     _Kty=std::string,
                     _Ty=std::shared_ptr<Break::Infrastructure::UniformBuffer>
                 ]
     1>h:\projects\break-0.1\infrastructure\inc\GPUProgram.hpp(46): warning C4251: 'Break::Infrastructure::GPUProgram::m_uniformsTable' : class 'std::map<_Kty,_Ty>' needs to have dll-interface to be used by clients of class 'Break::Infrastructure::GPUProgram'
                 with
                 [
                     _Kty=std::string,
                     _Ty=Break::Infrastructure::uniformRow
                 ]
     1>h:\projects\break-0.1\infrastructure\inc\GPUProgram.hpp(48): warning C4251: 'Break::Infrastructure::GPUProgram::m_samplersTable' : class 'std::map<_Kty,_Ty>' needs to have dll-interface to be used by clients of class 'Break::Infrastructure::GPUProgram'
                 with
                 [
                     _Kty=std::string,
                     _Ty=Break::Infrastructure::samplersRow
                 ]
     1>h:\projects\break-0.1\infrastructure\inc\GPUProgram.hpp(51): warning C4251: 'Break::Infrastructure::GPUProgram::m_vs' : class 'std::basic_string<_Elem,_Traits,_Alloc>' needs to have dll-interface to be used by clients of class 'Break::Infrastructure::GPUProgram'
                 with
                 [
                     _Elem=char,
                     _Traits=std::char_traits<char>,
                     _Alloc=std::allocator<char>
                 ]
     1>h:\projects\break-0.1\infrastructure\inc\GPUProgram.hpp(51): warning C4251: 'Break::Infrastructure::GPUProgram::m_ps' : class 'std::basic_string<_Elem,_Traits,_Alloc>' needs to have dll-interface to be used by clients of class 'Break::Infrastructure::GPUProgram'
                 with
                 [
                     _Elem=char,
                     _Traits=std::char_traits<char>,
                     _Alloc=std::allocator<char>
                 ]
     1>h:\projects\break-0.1\infrastructure\inc\Texture.hpp(62): warning C4251: 'Break::Infrastructure::Texture::m_image' : class 'std::shared_ptr<_Ty>' needs to have dll-interface to be used by clients of class 'Break::Infrastructure::Texture'
                 with
                 [
                     _Ty=Break::Infrastructure::Image
                 ]
     1>h:\projects\break-0.1\infrastructure\inc\GPUIns.hpp(21): warning C4251: 'Break::Infrastructure::GPUIns::args' : class 'std::queue<_Ty>' needs to have dll-interface to be used by clients of class 'Break::Infrastructure::GPUIns'
                 with
                 [
                     _Ty=Break::Infrastructure::Arg
                 ]
     1>h:\projects\break-0.1\infrastructure\inc\Engine.hpp(136): warning C4251: 'Break::Infrastructure::Engine::m_platform' : class 'std::shared_ptr<_Ty>' needs to have dll-interface to be used by clients of class 'Break::Infrastructure::Engine'
                 with
                 [
                     _Ty=Break::Infrastructure::OS
                 ]
     1>h:\projects\break-0.1\infrastructure\inc\Engine.hpp(139): warning C4251: 'Break::Infrastructure::Engine::m_device' : class 'std::shared_ptr<_Ty>' needs to have dll-interface to be used by clients of class 'Break::Infrastructure::Engine'
                 with
                 [
                     _Ty=Break::Infrastructure::IGXDevice
                 ]
     1>h:\projects\break-0.1\infrastructure\inc\Engine.hpp(142): warning C4251: 'Break::Infrastructure::Engine::m_app' : class 'std::shared_ptr<_Ty>' needs to have dll-interface to be used by clients of class 'Break::Infrastructure::Engine'
                 with
                 [
                     _Ty=Break::Infrastructure::Application
                 ]
     1>h:\projects\break-0.1\infrastructure\inc\Engine.hpp(154): warning C4251: 'Break::Infrastructure::Engine::m_inputDevices' : class 'std::vector<_Ty>' needs to have dll-interface to be used by clients of class 'Break::Infrastructure::Engine'
                 with
                 [
                     _Ty=Break::Infrastructure::InputDevicePtr
                 ]
     1>h:\projects\break-0.1\infrastructure\inc\Engine.hpp(160): warning C4251: 'Break::Infrastructure::Engine::m_assetManager' : class 'std::shared_ptr<_Ty>' needs to have dll-interface to be used by clients of class 'Break::Infrastructure::Engine'
                 with
                 [
                     _Ty=Break::Infrastructure::AssetManager
                 ]
     1>h:\projects\break-0.1\infrastructure\inc\Engine.hpp(163): warning C4251: 'Break::Infrastructure::Engine::m_GPU_VM' : class 'std::shared_ptr<_Ty>' needs to have dll-interface to be used by clients of class 'Break::Infrastructure::Engine'
                 with
                 [
                     _Ty=Break::Infrastructure::GPU_VM
                 ]
     1>h:\projects\break-0.1\infrastructure\inc\Engine.hpp(166): warning C4251: 'Break::Infrastructure::Engine::m_soundDevice' : class 'std::shared_ptr<_Ty>' needs to have dll-interface to be used by clients of class 'Break::Infrastructure::Engine'
                 with
                 [
                     _Ty=Break::Infrastructure::SoundDevice
                 ]
     1>h:\projects\break-0.1\infrastructure\inc\Mouse.hpp(109): warning C4251: 'Break::Infrastructure::Mouse::m_data' : class 'std::map<_Kty,_Ty>' needs to have dll-interface to be used by clients of class 'Break::Infrastructure::Mouse'
                 with
                 [
                     _Kty=Break::Infrastructure::Mouse::Buttons,
                     _Ty=Break::Infrastructure::Mouse::ButtonState
                 ]
     1>h:\projects\break-0.1\infrastructure\inc\Mouse.hpp(112): warning C4251: 'Break::Infrastructure::Mouse::m_position' : struct 'glm::detail::tvec2<T,P>' needs to have dll-interface to be used by clients of class 'Break::Infrastructure::Mouse'
                 with
                 [
                     T=glm::uint,
                     P=0
                 ]
     1>h:\projects\break-0.1\infrastructure\inc\Keyboard.hpp(175): warning C4251: 'Break::Infrastructure::Keyboard::m_data' : class 'std::map<_Kty,_Ty>' needs to have dll-interface to be used by clients of class 'Break::Infrastructure::Keyboard'
                 with
                 [
                     _Kty=Break::Infrastructure::Keyboard::Keys,
                     _Ty=Break::Infrastructure::Keyboard::KeyState
                 ]
       Link:
         C:\Program Files (x86)\Microsoft Visual Studio 11.0\VC\bin\link.exe /ERRORREPORT:PROMPT /OUT:"..\bin\Release\Break_Infrastructure.dll" /INCREMENTAL:NO /NOLOGO /LIBPATH:"deps\glew-1.10.0\lib\Release\Win32" /LIBPATH:deps\freeimage /LIBPATH:"C:\Program Files (x86)\Microsoft SDKs\Windows\v7.1A\Lib" /LIBPATH:"C:\Program Files (x86)\Microsoft DirectX SDK (June 2010)\Lib\x86" /LIBPATH:"deps\glfw-3.1.bin.WIN32\lib-vc2012" glfw3.lib glew32.lib OPENGL32.lib FreeImage.lib d3d11.lib dxgi.lib d3dcompiler.lib gdi32.lib dsound.lib kernel32.lib user32.lib gdi32.lib winspool.lib comdlg32.lib advapi32.lib shell32.lib ole32.lib oleaut32.lib uuid.lib odbc32.lib odbccp32.lib /MANIFEST /MANIFESTUAC:"level='asInvoker' uiAccess='false'" /manifest:embed /PDB:"..\bin\Release\Break_Infrastructure.pdb" /SUBSYSTEM:WINDOWS /OPT:REF /OPT:ICF /TLBID:1 /DYNAMICBASE /NXCOMPAT /IMPLIB:"..\bin\Release\Break_Infrastructure.lib" /MACHINE:X86 /SAFESEH /DLL obj\Release\Application.obj
         obj\Release\AssetManager.obj
         obj\Release\DXDevice.obj
         obj\Release\DXKeyboard.obj
         obj\Release\DXMouse.obj
         obj\Release\Engine.obj
         obj\Release\GLDevice.obj
         obj\Release\GLKeyboard.obj
         obj\Release\GLMouse.obj
         obj\Release\GPUProgram.obj
         obj\Release\GPU_VM.obj
         obj\Release\Globals.obj
         obj\Release\IGXDevice.obj
         obj\Release\Image.obj
         obj\Release\Keyboard.obj
         obj\Release\MemoryLayout.obj
         obj\Release\Mouse.obj
         obj\Release\Object.obj
         obj\Release\RAMBuffer.obj
         obj\Release\ResourceLoader.obj
         obj\Release\SamplerState.obj
         obj\Release\Services.obj
         obj\Release\Texture.obj
         obj\Release\Texture2D.obj
         obj\Release\TimeManager.obj
         obj\Release\UniformBuffer.obj
         obj\Release\Win32.obj
         obj\Release\Window.obj
            Creating library ..\bin\Release\Break_Infrastructure.lib and object ..\bin\Release\Break_Infrastructure.exp
         Break_Infrastructure.vcxproj -> H:\Projects\Break-0.1\Infrastructure\..\bin\Release\Break_Infrastructure.dll
     1>Done Building Project "H:\Projects\Break-0.1\Infrastructure\Break_Infrastructure.vcxproj" (Build target(s)).

Build succeeded.

Time Elapsed 00:00:03.77
