H:\PROJECTS\BREAK-0.1\BUILD\OBJ\DEBUG\MAIN.OBJ
H:\PROJECTS\BREAK-0.1\BUILD\OBJ\DEBUG\VC110.PDB
H:\PROJECTS\BREAK-0.1\BIN\DEBUG\BREAK.ILK
H:\PROJECTS\BREAK-0.1\BIN\DEBUG\BREAK.EXE
H:\PROJECTS\BREAK-0.1\BIN\DEBUG\BREAK.PDB
H:\Projects\Break-0.1\build\obj\Debug\Break.vcxprojResolveAssemblyReference.cache
H:\Projects\Break-0.1\build\obj\Debug\main.obj
H:\Projects\Break-0.1\build\obj\Debug\CL.read.1.tlog
H:\Projects\Break-0.1\build\obj\Debug\CL.write.1.tlog
H:\Projects\Break-0.1\build\obj\Debug\cl.command.1.tlog
H:\Projects\Break-0.1\build\obj\Debug\link-rc.read.1.tlog
H:\Projects\Break-0.1\build\obj\Debug\link-rc.write.1.tlog
H:\Projects\Break-0.1\build\obj\Debug\link-cvtres.read.1.tlog
H:\Projects\Break-0.1\build\obj\Debug\link-cvtres.write.1.tlog
H:\Projects\Break-0.1\build\obj\Debug\link.read.1.tlog
H:\Projects\Break-0.1\build\obj\Debug\link.write.1.tlog
H:\Projects\Break-0.1\build\obj\Debug\link.command.1.tlog
H:\Projects\Break-0.1\build\obj\Debug\link.6184-rc.read.1.tlog
H:\Projects\Break-0.1\build\obj\Debug\link.6184-rc.write.1.tlog
H:\Projects\Break-0.1\build\obj\Debug\link.6184-cvtres.read.1.tlog
H:\Projects\Break-0.1\build\obj\Debug\link.6184-cvtres.write.1.tlog
H:\Projects\Break-0.1\build\obj\Debug\link.6184.read.1.tlog
H:\Projects\Break-0.1\build\obj\Debug\link.6184.write.1.tlog
H:\Projects\Break-0.1\build\obj\Debug\link.7548-rc.read.1.tlog
H:\Projects\Break-0.1\build\obj\Debug\link.7548-rc.write.1.tlog
H:\Projects\Break-0.1\build\obj\Debug\link.7548-cvtres.read.1.tlog
H:\Projects\Break-0.1\build\obj\Debug\link.7548-cvtres.write.1.tlog
H:\Projects\Break-0.1\build\obj\Debug\link.7548.read.1.tlog
H:\Projects\Break-0.1\build\obj\Debug\link.7548.write.1.tlog
H:\Projects\Break-0.1\build\obj\Debug\vc110.idb
H:\Projects\Break-0.1\build\obj\Debug\vc110.pdb
H:\Projects\Break-0.1\build\..\bin\Debug\Break.exe
